{"/Users/mateotambascoferreira/Desktop/Bootcamp/SPRINT/SPRINT3/tercerSprint/app.js": {"path":"/Users/mateotambascoferreira/Desktop/Bootcamp/SPRINT/SPRINT3/tercerSprint/app.js","statementMap":{"0":{"start":{"line":2,"column":22},"end":{"line":2,"column":50}},"1":{"start":{"line":3,"column":0},"end":{"line":3,"column":27}},"2":{"start":{"line":4,"column":16},"end":{"line":4,"column":34}},"3":{"start":{"line":5,"column":20},"end":{"line":5,"column":54}},"4":{"start":{"line":6,"column":23},"end":{"line":6,"column":59}},"5":{"start":{"line":7,"column":20},"end":{"line":7,"column":55}},"6":{"start":{"line":8,"column":18},"end":{"line":8,"column":61}},"7":{"start":{"line":9,"column":23},"end":{"line":9,"column":61}},"8":{"start":{"line":10,"column":23},"end":{"line":10,"column":61}},"9":{"start":{"line":11,"column":12},"end":{"line":11,"column":21}},"10":{"start":{"line":12,"column":18},"end":{"line":12,"column":47}},"11":{"start":{"line":13,"column":13},"end":{"line":13,"column":30}},"12":{"start":{"line":14,"column":24},"end":{"line":14,"column":51}},"13":{"start":{"line":15,"column":13},"end":{"line":15,"column":28}},"14":{"start":{"line":16,"column":0},"end":{"line":16,"column":24}},"15":{"start":{"line":17,"column":0},"end":{"line":17,"column":68}},"16":{"start":{"line":18,"column":0},"end":{"line":18,"column":16}},"17":{"start":{"line":23,"column":0},"end":{"line":23,"column":38}},"18":{"start":{"line":24,"column":0},"end":{"line":24,"column":44}},"19":{"start":{"line":25,"column":0},"end":{"line":25,"column":38}},"20":{"start":{"line":26,"column":0},"end":{"line":26,"column":44}},"21":{"start":{"line":27,"column":0},"end":{"line":27,"column":46}},"22":{"start":{"line":32,"column":0},"end":{"line":32,"column":33}},"23":{"start":{"line":37,"column":0},"end":{"line":39,"column":2}},"24":{"start":{"line":38,"column":4},"end":{"line":38,"column":53}},"25":{"start":{"line":41,"column":0},"end":{"line":43,"column":2}},"26":{"start":{"line":42,"column":4},"end":{"line":42,"column":53}},"27":{"start":{"line":45,"column":0},"end":{"line":47,"column":2}},"28":{"start":{"line":46,"column":4},"end":{"line":46,"column":53}},"29":{"start":{"line":48,"column":0},"end":{"line":50,"column":2}},"30":{"start":{"line":49,"column":4},"end":{"line":49,"column":53}},"31":{"start":{"line":52,"column":0},"end":{"line":57,"column":1}},"32":{"start":{"line":53,"column":4},"end":{"line":56,"column":10}},"33":{"start":{"line":54,"column":8},"end":{"line":54,"column":51}},"34":{"start":{"line":55,"column":12},"end":{"line":55,"column":48}},"35":{"start":{"line":59,"column":0},"end":{"line":59,"column":25}}},"fnMap":{"0":{"name":"(anonymous_0)","decl":{"start":{"line":37,"column":14},"end":{"line":37,"column":15}},"loc":{"start":{"line":37,"column":28},"end":{"line":39,"column":1}},"line":37},"1":{"name":"(anonymous_1)","decl":{"start":{"line":41,"column":14},"end":{"line":41,"column":15}},"loc":{"start":{"line":41,"column":28},"end":{"line":43,"column":1}},"line":41},"2":{"name":"(anonymous_2)","decl":{"start":{"line":45,"column":15},"end":{"line":45,"column":16}},"loc":{"start":{"line":45,"column":29},"end":{"line":47,"column":1}},"line":45},"3":{"name":"(anonymous_3)","decl":{"start":{"line":48,"column":17},"end":{"line":48,"column":18}},"loc":{"start":{"line":48,"column":31},"end":{"line":50,"column":1}},"line":48},"4":{"name":"(anonymous_4)","decl":{"start":{"line":53,"column":21},"end":{"line":53,"column":22}},"loc":{"start":{"line":53,"column":27},"end":{"line":56,"column":9}},"line":53}},"branchMap":{"0":{"loc":{"start":{"line":52,"column":0},"end":{"line":57,"column":1}},"type":"if","locations":[{"start":{"line":52,"column":0},"end":{"line":57,"column":1}},{"start":{},"end":{}}],"line":52}},"s":{"0":5,"1":5,"2":5,"3":5,"4":5,"5":5,"6":5,"7":5,"8":5,"9":5,"10":5,"11":5,"12":5,"13":5,"14":5,"15":5,"16":5,"17":5,"18":5,"19":5,"20":5,"21":5,"22":5,"23":5,"24":0,"25":5,"26":0,"27":5,"28":0,"29":5,"30":0,"31":5,"32":0,"33":0,"34":0,"35":5},"f":{"0":0,"1":0,"2":0,"3":0,"4":0},"b":{"0":[0,5]},"_coverageSchema":"1a1c01bbd47fc00a2c39e90264f33305004495a9","hash":"425990415bf7a774a11c37fdcd6b68ff637dedc9"}
,"/Users/mateotambascoferreira/Desktop/Bootcamp/SPRINT/SPRINT3/tercerSprint/babel.config.js": {"path":"/Users/mateotambascoferreira/Desktop/Bootcamp/SPRINT/SPRINT3/tercerSprint/babel.config.js","statementMap":{"0":{"start":{"line":1,"column":0},"end":{"line":3,"column":2}}},"fnMap":{},"branchMap":{},"s":{"0":1},"f":{},"b":{},"_coverageSchema":"1a1c01bbd47fc00a2c39e90264f33305004495a9","hash":"93f715a39e433f494d4eaa24a28bd276d1ad81e9"}
,"/Users/mateotambascoferreira/Desktop/Bootcamp/SPRINT/SPRINT3/tercerSprint/api/controllers/cartsControllers.js": {"path":"/Users/mateotambascoferreira/Desktop/Bootcamp/SPRINT/SPRINT3/tercerSprint/api/controllers/cartsControllers.js","statementMap":{"0":{"start":{"line":1,"column":11},"end":{"line":1,"column":43}},"1":{"start":{"line":4,"column":17},"end":{"line":27,"column":1}},"2":{"start":{"line":5,"column":4},"end":{"line":26,"column":5}},"3":{"start":{"line":6,"column":25},"end":{"line":6,"column":70}},"4":{"start":{"line":7,"column":24},"end":{"line":7,"column":25}},"5":{"start":{"line":8,"column":8},"end":{"line":23,"column":69}},"6":{"start":{"line":9,"column":31},"end":{"line":13,"column":62}},"7":{"start":{"line":14,"column":36},"end":{"line":16,"column":39}},"8":{"start":{"line":15,"column":40},"end":{"line":15,"column":114}},"9":{"start":{"line":17,"column":35},"end":{"line":17,"column":72}},"10":{"start":{"line":18,"column":16},"end":{"line":21,"column":33}},"11":{"start":{"line":23,"column":13},"end":{"line":23,"column":69}},"12":{"start":{"line":25,"column":8},"end":{"line":25,"column":56}},"13":{"start":{"line":29,"column":19},"end":{"line":98,"column":1}},"14":{"start":{"line":30,"column":4},"end":{"line":97,"column":5}},"15":{"start":{"line":31,"column":25},"end":{"line":31,"column":70}},"16":{"start":{"line":32,"column":8},"end":{"line":94,"column":69}},"17":{"start":{"line":33,"column":31},"end":{"line":33,"column":112}},"18":{"start":{"line":34,"column":12},"end":{"line":40,"column":13}},"19":{"start":{"line":34,"column":25},"end":{"line":34,"column":26}},"20":{"start":{"line":35,"column":30},"end":{"line":35,"column":43}},"21":{"start":{"line":36,"column":38},"end":{"line":36,"column":59}},"22":{"start":{"line":37,"column":30},"end":{"line":37,"column":73}},"23":{"start":{"line":38,"column":25},"end":{"line":38,"column":57}},"24":{"start":{"line":39,"column":16},"end":{"line":39,"column":91}},"25":{"start":{"line":41,"column":12},"end":{"line":41,"column":81}},"26":{"start":{"line":42,"column":32},"end":{"line":42,"column":40}},"27":{"start":{"line":43,"column":29},"end":{"line":43,"column":31}},"28":{"start":{"line":44,"column":34},"end":{"line":44,"column":36}},"29":{"start":{"line":45,"column":27},"end":{"line":45,"column":29}},"30":{"start":{"line":46,"column":36},"end":{"line":46,"column":38}},"31":{"start":{"line":47,"column":27},"end":{"line":47,"column":29}},"32":{"start":{"line":48,"column":28},"end":{"line":48,"column":29}},"33":{"start":{"line":49,"column":12},"end":{"line":79,"column":17}},"34":{"start":{"line":49,"column":25},"end":{"line":49,"column":26}},"35":{"start":{"line":52,"column":16},"end":{"line":78,"column":21}},"36":{"start":{"line":53,"column":20},"end":{"line":77,"column":25}},"37":{"start":{"line":54,"column":38},"end":{"line":54,"column":78}},"38":{"start":{"line":55,"column":24},"end":{"line":55,"column":113}},"39":{"start":{"line":56,"column":24},"end":{"line":56,"column":75}},"40":{"start":{"line":57,"column":24},"end":{"line":57,"column":55}},"41":{"start":{"line":58,"column":24},"end":{"line":58,"column":78}},"42":{"start":{"line":59,"column":24},"end":{"line":59,"column":89}},"43":{"start":{"line":60,"column":24},"end":{"line":60,"column":48}},"44":{"start":{"line":63,"column":28},"end":{"line":76,"column":29}},"45":{"start":{"line":64,"column":51},"end":{"line":64,"column":65}},"46":{"start":{"line":65,"column":32},"end":{"line":65,"column":115}},"47":{"start":{"line":66,"column":32},"end":{"line":66,"column":73}},"48":{"start":{"line":67,"column":32},"end":{"line":67,"column":80}},"49":{"start":{"line":68,"column":32},"end":{"line":68,"column":58}},"50":{"start":{"line":69,"column":32},"end":{"line":69,"column":77}},"51":{"start":{"line":70,"column":32},"end":{"line":70,"column":88}},"52":{"start":{"line":71,"column":32},"end":{"line":71,"column":58}},"53":{"start":{"line":74,"column":32},"end":{"line":74,"column":75}},"54":{"start":{"line":75,"column":32},"end":{"line":75,"column":50}},"55":{"start":{"line":80,"column":31},"end":{"line":80,"column":68}},"56":{"start":{"line":81,"column":33},"end":{"line":81,"column":58}},"57":{"start":{"line":82,"column":12},"end":{"line":82,"column":45}},"58":{"start":{"line":83,"column":12},"end":{"line":92,"column":15}},"59":{"start":{"line":94,"column":13},"end":{"line":94,"column":69}},"60":{"start":{"line":96,"column":8},"end":{"line":96,"column":69}},"61":{"start":{"line":100,"column":0},"end":{"line":103,"column":2}}},"fnMap":{"0":{"name":"(anonymous_0)","decl":{"start":{"line":4,"column":17},"end":{"line":4,"column":18}},"loc":{"start":{"line":4,"column":36},"end":{"line":27,"column":1}},"line":4},"1":{"name":"(anonymous_1)","decl":{"start":{"line":14,"column":61},"end":{"line":14,"column":62}},"loc":{"start":{"line":14,"column":69},"end":{"line":16,"column":37}},"line":14},"2":{"name":"(anonymous_2)","decl":{"start":{"line":29,"column":19},"end":{"line":29,"column":20}},"loc":{"start":{"line":29,"column":38},"end":{"line":98,"column":1}},"line":29}},"branchMap":{"0":{"loc":{"start":{"line":8,"column":8},"end":{"line":23,"column":69}},"type":"if","locations":[{"start":{"line":8,"column":8},"end":{"line":23,"column":69}},{"start":{"line":23,"column":13},"end":{"line":23,"column":69}}],"line":8},"1":{"loc":{"start":{"line":32,"column":8},"end":{"line":94,"column":69}},"type":"if","locations":[{"start":{"line":32,"column":8},"end":{"line":94,"column":69}},{"start":{"line":94,"column":13},"end":{"line":94,"column":69}}],"line":32},"2":{"loc":{"start":{"line":52,"column":16},"end":{"line":78,"column":21}},"type":"if","locations":[{"start":{"line":52,"column":16},"end":{"line":78,"column":21}},{"start":{},"end":{}}],"line":52},"3":{"loc":{"start":{"line":53,"column":20},"end":{"line":77,"column":25}},"type":"if","locations":[{"start":{"line":53,"column":20},"end":{"line":77,"column":25}},{"start":{"line":62,"column":24},"end":{"line":77,"column":25}}],"line":53},"4":{"loc":{"start":{"line":63,"column":28},"end":{"line":76,"column":29}},"type":"if","locations":[{"start":{"line":63,"column":28},"end":{"line":76,"column":29}},{"start":{"line":73,"column":32},"end":{"line":76,"column":29}}],"line":63}},"s":{"0":5,"1":5,"2":5,"3":5,"4":4,"5":4,"6":3,"7":3,"8":2,"9":3,"10":3,"11":1,"12":1,"13":5,"14":15,"15":15,"16":14,"17":13,"18":13,"19":13,"20":10,"21":10,"22":10,"23":10,"24":10,"25":13,"26":13,"27":13,"28":13,"29":13,"30":13,"31":13,"32":13,"33":13,"34":13,"35":14,"36":14,"37":7,"38":7,"39":7,"40":7,"41":7,"42":7,"43":7,"44":7,"45":4,"46":4,"47":4,"48":4,"49":4,"50":4,"51":4,"52":4,"53":3,"54":3,"55":13,"56":13,"57":13,"58":13,"59":1,"60":1,"61":5},"f":{"0":5,"1":2,"2":15},"b":{"0":[3,1],"1":[13,1],"2":[14,0],"3":[7,7],"4":[4,3]},"_coverageSchema":"1a1c01bbd47fc00a2c39e90264f33305004495a9","hash":"4d7ac5dc85a26815c0fe3fcd2b7745b38c53360e"}
,"/Users/mateotambascoferreira/Desktop/Bootcamp/SPRINT/SPRINT3/tercerSprint/api/controllers/categoryController.js": {"path":"/Users/mateotambascoferreira/Desktop/Bootcamp/SPRINT/SPRINT3/tercerSprint/api/controllers/categoryController.js","statementMap":{"0":{"start":{"line":1,"column":11},"end":{"line":1,"column":43}},"1":{"start":{"line":3,"column":21},"end":{"line":8,"column":1}},"2":{"start":{"line":5,"column":25},"end":{"line":5,"column":37}},"3":{"start":{"line":6,"column":8},"end":{"line":6,"column":63}},"4":{"start":{"line":10,"column":22},"end":{"line":15,"column":1}},"5":{"start":{"line":12,"column":25},"end":{"line":12,"column":37}},"6":{"start":{"line":13,"column":8},"end":{"line":13,"column":60}},"7":{"start":{"line":17,"column":23},"end":{"line":23,"column":1}},"8":{"start":{"line":19,"column":21},"end":{"line":19,"column":29}},"9":{"start":{"line":20,"column":28},"end":{"line":20,"column":58}},"10":{"start":{"line":21,"column":8},"end":{"line":21,"column":46}},"11":{"start":{"line":25,"column":21},"end":{"line":33,"column":1}},"12":{"start":{"line":27,"column":21},"end":{"line":27,"column":29}},"13":{"start":{"line":28,"column":19},"end":{"line":28,"column":25}},"14":{"start":{"line":29,"column":8},"end":{"line":29,"column":86}},"15":{"start":{"line":30,"column":29},"end":{"line":30,"column":104}},"16":{"start":{"line":31,"column":8},"end":{"line":31,"column":63}},"17":{"start":{"line":35,"column":27},"end":{"line":44,"column":1}},"18":{"start":{"line":37,"column":19},"end":{"line":37,"column":25}},"19":{"start":{"line":38,"column":29},"end":{"line":38,"column":45}},"20":{"start":{"line":39,"column":8},"end":{"line":41,"column":10}},"21":{"start":{"line":42,"column":8},"end":{"line":42,"column":64}},"22":{"start":{"line":47,"column":0},"end":{"line":53,"column":2}}},"fnMap":{"0":{"name":"(anonymous_0)","decl":{"start":{"line":3,"column":21},"end":{"line":3,"column":22}},"loc":{"start":{"line":3,"column":41},"end":{"line":8,"column":1}},"line":3},"1":{"name":"(anonymous_1)","decl":{"start":{"line":10,"column":22},"end":{"line":10,"column":23}},"loc":{"start":{"line":10,"column":36},"end":{"line":15,"column":1}},"line":10},"2":{"name":"(anonymous_2)","decl":{"start":{"line":17,"column":23},"end":{"line":17,"column":24}},"loc":{"start":{"line":17,"column":43},"end":{"line":23,"column":1}},"line":17},"3":{"name":"(anonymous_3)","decl":{"start":{"line":25,"column":21},"end":{"line":25,"column":22}},"loc":{"start":{"line":25,"column":41},"end":{"line":33,"column":1}},"line":25},"4":{"name":"(anonymous_4)","decl":{"start":{"line":35,"column":27},"end":{"line":35,"column":28}},"loc":{"start":{"line":35,"column":46},"end":{"line":44,"column":1}},"line":35}},"branchMap":{},"s":{"0":5,"1":5,"2":3,"3":3,"4":5,"5":3,"6":3,"7":5,"8":6,"9":6,"10":6,"11":5,"12":2,"13":2,"14":2,"15":2,"16":2,"17":5,"18":5,"19":5,"20":5,"21":5,"22":5},"f":{"0":3,"1":3,"2":6,"3":2,"4":5},"b":{},"_coverageSchema":"1a1c01bbd47fc00a2c39e90264f33305004495a9","hash":"d7d53b20478f0779e1f50ed87d3d0f1a48f02d33"}
,"/Users/mateotambascoferreira/Desktop/Bootcamp/SPRINT/SPRINT3/tercerSprint/api/controllers/picturesController.js": {"path":"/Users/mateotambascoferreira/Desktop/Bootcamp/SPRINT/SPRINT3/tercerSprint/api/controllers/picturesController.js","statementMap":{"0":{"start":{"line":1,"column":11},"end":{"line":1,"column":43}},"1":{"start":{"line":4,"column":21},"end":{"line":19,"column":1}},"2":{"start":{"line":5,"column":4},"end":{"line":18,"column":5}},"3":{"start":{"line":6,"column":8},"end":{"line":15,"column":13}},"4":{"start":{"line":7,"column":23},"end":{"line":7,"column":36}},"5":{"start":{"line":8,"column":29},"end":{"line":8,"column":83}},"6":{"start":{"line":9,"column":12},"end":{"line":9,"column":157}},"7":{"start":{"line":12,"column":30},"end":{"line":12,"column":39}},"8":{"start":{"line":13,"column":29},"end":{"line":13,"column":88}},"9":{"start":{"line":14,"column":12},"end":{"line":14,"column":148}},"10":{"start":{"line":17,"column":8},"end":{"line":17,"column":52}},"11":{"start":{"line":20,"column":24},"end":{"line":28,"column":1}},"12":{"start":{"line":21,"column":15},"end":{"line":21,"column":28}},"13":{"start":{"line":22,"column":4},"end":{"line":27,"column":5}},"14":{"start":{"line":23,"column":24},"end":{"line":23,"column":53}},"15":{"start":{"line":24,"column":8},"end":{"line":24,"column":112}},"16":{"start":{"line":26,"column":8},"end":{"line":26,"column":52}},"17":{"start":{"line":30,"column":22},"end":{"line":43,"column":1}},"18":{"start":{"line":31,"column":4},"end":{"line":42,"column":5}},"19":{"start":{"line":32,"column":21},"end":{"line":32,"column":29}},"20":{"start":{"line":33,"column":27},"end":{"line":33,"column":56}},"21":{"start":{"line":34,"column":8},"end":{"line":34,"column":54}},"22":{"start":{"line":36,"column":23},"end":{"line":36,"column":25}},"23":{"start":{"line":37,"column":12},"end":{"line":39,"column":14}},"24":{"start":{"line":38,"column":12},"end":{"line":38,"column":41}},"25":{"start":{"line":40,"column":8},"end":{"line":41,"column":60}},"26":{"start":{"line":40,"column":19},"end":{"line":40,"column":48}},"27":{"start":{"line":41,"column":13},"end":{"line":41,"column":60}},"28":{"start":{"line":45,"column":20},"end":{"line":64,"column":1}},"29":{"start":{"line":46,"column":4},"end":{"line":63,"column":5}},"30":{"start":{"line":47,"column":21},"end":{"line":47,"column":29}},"31":{"start":{"line":48,"column":19},"end":{"line":48,"column":40}},"32":{"start":{"line":49,"column":32},"end":{"line":49,"column":61}},"33":{"start":{"line":50,"column":8},"end":{"line":55,"column":62}},"34":{"start":{"line":51,"column":12},"end":{"line":51,"column":69}},"35":{"start":{"line":52,"column":32},"end":{"line":52,"column":61}},"36":{"start":{"line":53,"column":12},"end":{"line":53,"column":95}},"37":{"start":{"line":55,"column":13},"end":{"line":55,"column":62}},"38":{"start":{"line":57,"column":23},"end":{"line":57,"column":25}},"39":{"start":{"line":58,"column":12},"end":{"line":60,"column":14}},"40":{"start":{"line":59,"column":12},"end":{"line":59,"column":41}},"41":{"start":{"line":61,"column":8},"end":{"line":62,"column":60}},"42":{"start":{"line":61,"column":19},"end":{"line":61,"column":48}},"43":{"start":{"line":62,"column":13},"end":{"line":62,"column":60}},"44":{"start":{"line":66,"column":22},"end":{"line":76,"column":1}},"45":{"start":{"line":67,"column":4},"end":{"line":75,"column":5}},"46":{"start":{"line":68,"column":19},"end":{"line":68,"column":32}},"47":{"start":{"line":69,"column":31},"end":{"line":69,"column":42}},"48":{"start":{"line":70,"column":8},"end":{"line":70,"column":59}},"49":{"start":{"line":71,"column":8},"end":{"line":71,"column":62}},"50":{"start":{"line":73,"column":8},"end":{"line":73,"column":27}},"51":{"start":{"line":74,"column":8},"end":{"line":74,"column":56}},"52":{"start":{"line":78,"column":0},"end":{"line":84,"column":1}}},"fnMap":{"0":{"name":"(anonymous_0)","decl":{"start":{"line":4,"column":21},"end":{"line":4,"column":22}},"loc":{"start":{"line":4,"column":40},"end":{"line":19,"column":1}},"line":4},"1":{"name":"(anonymous_1)","decl":{"start":{"line":20,"column":24},"end":{"line":20,"column":25}},"loc":{"start":{"line":20,"column":43},"end":{"line":28,"column":1}},"line":20},"2":{"name":"(anonymous_2)","decl":{"start":{"line":30,"column":22},"end":{"line":30,"column":23}},"loc":{"start":{"line":30,"column":41},"end":{"line":43,"column":1}},"line":30},"3":{"name":"(anonymous_3)","decl":{"start":{"line":37,"column":30},"end":{"line":37,"column":31}},"loc":{"start":{"line":37,"column":36},"end":{"line":39,"column":13}},"line":37},"4":{"name":"(anonymous_4)","decl":{"start":{"line":45,"column":20},"end":{"line":45,"column":21}},"loc":{"start":{"line":45,"column":39},"end":{"line":64,"column":1}},"line":45},"5":{"name":"(anonymous_5)","decl":{"start":{"line":58,"column":30},"end":{"line":58,"column":31}},"loc":{"start":{"line":58,"column":36},"end":{"line":60,"column":13}},"line":58},"6":{"name":"(anonymous_6)","decl":{"start":{"line":66,"column":22},"end":{"line":66,"column":23}},"loc":{"start":{"line":66,"column":41},"end":{"line":76,"column":1}},"line":66}},"branchMap":{"0":{"loc":{"start":{"line":6,"column":8},"end":{"line":15,"column":13}},"type":"if","locations":[{"start":{"line":6,"column":8},"end":{"line":15,"column":13}},{"start":{"line":11,"column":12},"end":{"line":15,"column":13}}],"line":6},"1":{"loc":{"start":{"line":9,"column":12},"end":{"line":9,"column":156}},"type":"cond-expr","locations":[{"start":{"line":9,"column":36},"end":{"line":9,"column":78}},{"start":{"line":9,"column":80},"end":{"line":9,"column":156}}],"line":9},"2":{"loc":{"start":{"line":14,"column":12},"end":{"line":14,"column":147}},"type":"cond-expr","locations":[{"start":{"line":14,"column":36},"end":{"line":14,"column":68}},{"start":{"line":14,"column":71},"end":{"line":14,"column":147}}],"line":14},"3":{"loc":{"start":{"line":24,"column":8},"end":{"line":24,"column":111}},"type":"cond-expr","locations":[{"start":{"line":24,"column":20},"end":{"line":24,"column":51}},{"start":{"line":24,"column":54},"end":{"line":24,"column":111}}],"line":24},"4":{"loc":{"start":{"line":40,"column":8},"end":{"line":41,"column":60}},"type":"if","locations":[{"start":{"line":40,"column":8},"end":{"line":41,"column":60}},{"start":{"line":41,"column":13},"end":{"line":41,"column":60}}],"line":40},"5":{"loc":{"start":{"line":50,"column":8},"end":{"line":55,"column":62}},"type":"if","locations":[{"start":{"line":50,"column":8},"end":{"line":55,"column":62}},{"start":{"line":55,"column":13},"end":{"line":55,"column":62}}],"line":50},"6":{"loc":{"start":{"line":61,"column":8},"end":{"line":62,"column":60}},"type":"if","locations":[{"start":{"line":61,"column":8},"end":{"line":62,"column":60}},{"start":{"line":62,"column":13},"end":{"line":62,"column":60}}],"line":61}},"s":{"0":5,"1":5,"2":6,"3":6,"4":6,"5":6,"6":6,"7":0,"8":0,"9":0,"10":0,"11":5,"12":0,"13":0,"14":0,"15":0,"16":0,"17":5,"18":2,"19":2,"20":2,"21":2,"22":0,"23":0,"24":0,"25":0,"26":0,"27":0,"28":5,"29":0,"30":0,"31":0,"32":0,"33":0,"34":0,"35":0,"36":0,"37":0,"38":0,"39":0,"40":0,"41":0,"42":0,"43":0,"44":5,"45":2,"46":2,"47":2,"48":2,"49":2,"50":0,"51":0,"52":5},"f":{"0":6,"1":0,"2":2,"3":0,"4":0,"5":0,"6":2},"b":{"0":[6,0],"1":[3,3],"2":[0,0],"3":[0,0],"4":[0,0],"5":[0,0],"6":[0,0]},"_coverageSchema":"1a1c01bbd47fc00a2c39e90264f33305004495a9","hash":"c82404362ba0f2c42c6a3f2a7c1d1d58003b2867"}
,"/Users/mateotambascoferreira/Desktop/Bootcamp/SPRINT/SPRINT3/tercerSprint/api/controllers/productController.js": {"path":"/Users/mateotambascoferreira/Desktop/Bootcamp/SPRINT/SPRINT3/tercerSprint/api/controllers/productController.js","statementMap":{"0":{"start":{"line":1,"column":11},"end":{"line":1,"column":43}},"1":{"start":{"line":2,"column":54},"end":{"line":2,"column":89}},"2":{"start":{"line":6,"column":20},"end":{"line":12,"column":1}},"3":{"start":{"line":8,"column":21},"end":{"line":8,"column":33}},"4":{"start":{"line":9,"column":4},"end":{"line":9,"column":36}},"5":{"start":{"line":10,"column":4},"end":{"line":10,"column":57}},"6":{"start":{"line":14,"column":24},"end":{"line":19,"column":1}},"7":{"start":{"line":16,"column":20},"end":{"line":16,"column":31}},"8":{"start":{"line":17,"column":4},"end":{"line":17,"column":31}},"9":{"start":{"line":18,"column":4},"end":{"line":18,"column":55}},"10":{"start":{"line":21,"column":29},"end":{"line":27,"column":1}},"11":{"start":{"line":23,"column":17},"end":{"line":23,"column":25}},"12":{"start":{"line":24,"column":4},"end":{"line":24,"column":33}},"13":{"start":{"line":25,"column":4},"end":{"line":25,"column":42}},"14":{"start":{"line":29,"column":30},"end":{"line":35,"column":1}},"15":{"start":{"line":31,"column":23},"end":{"line":31,"column":37}},"16":{"start":{"line":32,"column":4},"end":{"line":32,"column":39}},"17":{"start":{"line":33,"column":4},"end":{"line":33,"column":61}},"18":{"start":{"line":37,"column":22},"end":{"line":44,"column":1}},"19":{"start":{"line":39,"column":17},"end":{"line":39,"column":25}},"20":{"start":{"line":40,"column":23},"end":{"line":40,"column":52}},"21":{"start":{"line":41,"column":4},"end":{"line":41,"column":34}},"22":{"start":{"line":42,"column":4},"end":{"line":42,"column":41}},"23":{"start":{"line":46,"column":20},"end":{"line":61,"column":1}},"24":{"start":{"line":47,"column":22},"end":{"line":47,"column":28}},"25":{"start":{"line":49,"column":17},"end":{"line":49,"column":25}},"26":{"start":{"line":50,"column":27},"end":{"line":50,"column":39}},"27":{"start":{"line":51,"column":4},"end":{"line":51,"column":102}},"28":{"start":{"line":52,"column":26},"end":{"line":57,"column":6}},"29":{"start":{"line":58,"column":4},"end":{"line":58,"column":37}},"30":{"start":{"line":59,"column":4},"end":{"line":59,"column":61}},"31":{"start":{"line":63,"column":22},"end":{"line":70,"column":1}},"32":{"start":{"line":65,"column":15},"end":{"line":65,"column":21}},"33":{"start":{"line":66,"column":20},"end":{"line":66,"column":31}},"34":{"start":{"line":67,"column":4},"end":{"line":67,"column":60}},"35":{"start":{"line":68,"column":4},"end":{"line":68,"column":38}},"36":{"start":{"line":72,"column":0},"end":{"line":80,"column":2}}},"fnMap":{"0":{"name":"(anonymous_0)","decl":{"start":{"line":6,"column":20},"end":{"line":6,"column":21}},"loc":{"start":{"line":6,"column":40},"end":{"line":12,"column":1}},"line":6},"1":{"name":"(anonymous_1)","decl":{"start":{"line":14,"column":24},"end":{"line":14,"column":25}},"loc":{"start":{"line":14,"column":44},"end":{"line":19,"column":1}},"line":14},"2":{"name":"(anonymous_2)","decl":{"start":{"line":21,"column":29},"end":{"line":21,"column":30}},"loc":{"start":{"line":21,"column":49},"end":{"line":27,"column":1}},"line":21},"3":{"name":"(anonymous_3)","decl":{"start":{"line":29,"column":30},"end":{"line":29,"column":31}},"loc":{"start":{"line":29,"column":50},"end":{"line":35,"column":1}},"line":29},"4":{"name":"(anonymous_4)","decl":{"start":{"line":37,"column":22},"end":{"line":37,"column":23}},"loc":{"start":{"line":37,"column":42},"end":{"line":44,"column":1}},"line":37},"5":{"name":"(anonymous_5)","decl":{"start":{"line":46,"column":20},"end":{"line":46,"column":21}},"loc":{"start":{"line":46,"column":40},"end":{"line":61,"column":1}},"line":46},"6":{"name":"(anonymous_6)","decl":{"start":{"line":63,"column":22},"end":{"line":63,"column":23}},"loc":{"start":{"line":63,"column":42},"end":{"line":70,"column":1}},"line":63}},"branchMap":{},"s":{"0":5,"1":5,"2":5,"3":6,"4":6,"5":6,"6":5,"7":3,"8":3,"9":3,"10":5,"11":3,"12":3,"13":3,"14":5,"15":3,"16":3,"17":3,"18":5,"19":3,"20":3,"21":3,"22":3,"23":5,"24":2,"25":2,"26":2,"27":2,"28":2,"29":2,"30":2,"31":5,"32":3,"33":3,"34":3,"35":3,"36":5},"f":{"0":6,"1":3,"2":3,"3":3,"4":3,"5":2,"6":3},"b":{},"_coverageSchema":"1a1c01bbd47fc00a2c39e90264f33305004495a9","hash":"57a657baf5d3257914011a8845738fa95b561ffe"}
,"/Users/mateotambascoferreira/Desktop/Bootcamp/SPRINT/SPRINT3/tercerSprint/api/controllers/userController.js": {"path":"/Users/mateotambascoferreira/Desktop/Bootcamp/SPRINT/SPRINT3/tercerSprint/api/controllers/userController.js","statementMap":{"0":{"start":{"line":1,"column":11},"end":{"line":1,"column":43}},"1":{"start":{"line":2,"column":15},"end":{"line":2,"column":32}},"2":{"start":{"line":3,"column":12},"end":{"line":3,"column":48}},"3":{"start":{"line":5,"column":14},"end":{"line":35,"column":1}},"4":{"start":{"line":6,"column":4},"end":{"line":34,"column":5}},"5":{"start":{"line":7,"column":27},"end":{"line":7,"column":35}},"6":{"start":{"line":8,"column":27},"end":{"line":13,"column":10}},"7":{"start":{"line":14,"column":8},"end":{"line":31,"column":80}},"8":{"start":{"line":15,"column":35},"end":{"line":15,"column":94}},"9":{"start":{"line":16,"column":12},"end":{"line":29,"column":84}},"10":{"start":{"line":17,"column":49},"end":{"line":17,"column":59}},"11":{"start":{"line":18,"column":28},"end":{"line":18,"column":48}},"12":{"start":{"line":19,"column":16},"end":{"line":27,"column":18}},"13":{"start":{"line":29,"column":17},"end":{"line":29,"column":84}},"14":{"start":{"line":31,"column":13},"end":{"line":31,"column":80}},"15":{"start":{"line":33,"column":8},"end":{"line":33,"column":55}},"16":{"start":{"line":37,"column":18},"end":{"line":49,"column":1}},"17":{"start":{"line":38,"column":4},"end":{"line":48,"column":5}},"18":{"start":{"line":39,"column":22},"end":{"line":43,"column":14}},"19":{"start":{"line":44,"column":8},"end":{"line":45,"column":72}},"20":{"start":{"line":44,"column":28},"end":{"line":44,"column":69}},"21":{"start":{"line":45,"column":13},"end":{"line":45,"column":72}},"22":{"start":{"line":47,"column":8},"end":{"line":47,"column":55}},"23":{"start":{"line":51,"column":21},"end":{"line":55,"column":1}},"24":{"start":{"line":53,"column":8},"end":{"line":53,"column":64}},"25":{"start":{"line":53,"column":21},"end":{"line":53,"column":64}},"26":{"start":{"line":57,"column":19},"end":{"line":67,"column":1}},"27":{"start":{"line":59,"column":34},"end":{"line":59,"column":42}},"28":{"start":{"line":60,"column":21},"end":{"line":60,"column":45}},"29":{"start":{"line":61,"column":8},"end":{"line":61,"column":53}},"30":{"start":{"line":62,"column":8},"end":{"line":62,"column":36}},"31":{"start":{"line":63,"column":21},"end":{"line":63,"column":47}},"32":{"start":{"line":64,"column":8},"end":{"line":64,"column":49}},"33":{"start":{"line":65,"column":8},"end":{"line":65,"column":48}},"34":{"start":{"line":69,"column":21},"end":{"line":82,"column":1}},"35":{"start":{"line":71,"column":34},"end":{"line":71,"column":42}},"36":{"start":{"line":72,"column":8},"end":{"line":76,"column":9}},"37":{"start":{"line":73,"column":25},"end":{"line":73,"column":49}},"38":{"start":{"line":74,"column":12},"end":{"line":74,"column":57}},"39":{"start":{"line":75,"column":12},"end":{"line":75,"column":40}},"40":{"start":{"line":77,"column":8},"end":{"line":77,"column":80}},"41":{"start":{"line":78,"column":25},"end":{"line":78,"column":70}},"42":{"start":{"line":79,"column":8},"end":{"line":79,"column":52}},"43":{"start":{"line":80,"column":8},"end":{"line":80,"column":39}},"44":{"start":{"line":84,"column":23},"end":{"line":94,"column":1}},"45":{"start":{"line":86,"column":4},"end":{"line":92,"column":5}},"46":{"start":{"line":87,"column":40},"end":{"line":87,"column":48}},"47":{"start":{"line":88,"column":8},"end":{"line":90,"column":10}},"48":{"start":{"line":91,"column":8},"end":{"line":91,"column":39}},"49":{"start":{"line":96,"column":0},"end":{"line":103,"column":2}}},"fnMap":{"0":{"name":"(anonymous_0)","decl":{"start":{"line":5,"column":14},"end":{"line":5,"column":15}},"loc":{"start":{"line":5,"column":33},"end":{"line":35,"column":1}},"line":5},"1":{"name":"(anonymous_1)","decl":{"start":{"line":37,"column":18},"end":{"line":37,"column":19}},"loc":{"start":{"line":37,"column":37},"end":{"line":49,"column":1}},"line":37},"2":{"name":"(anonymous_2)","decl":{"start":{"line":51,"column":21},"end":{"line":51,"column":22}},"loc":{"start":{"line":51,"column":40},"end":{"line":55,"column":1}},"line":51},"3":{"name":"(anonymous_3)","decl":{"start":{"line":57,"column":19},"end":{"line":57,"column":20}},"loc":{"start":{"line":57,"column":38},"end":{"line":67,"column":1}},"line":57},"4":{"name":"(anonymous_4)","decl":{"start":{"line":69,"column":21},"end":{"line":69,"column":22}},"loc":{"start":{"line":69,"column":40},"end":{"line":82,"column":1}},"line":69},"5":{"name":"(anonymous_5)","decl":{"start":{"line":84,"column":23},"end":{"line":84,"column":24}},"loc":{"start":{"line":84,"column":42},"end":{"line":94,"column":1}},"line":84}},"branchMap":{"0":{"loc":{"start":{"line":14,"column":8},"end":{"line":31,"column":80}},"type":"if","locations":[{"start":{"line":14,"column":8},"end":{"line":31,"column":80}},{"start":{"line":31,"column":13},"end":{"line":31,"column":80}}],"line":14},"1":{"loc":{"start":{"line":16,"column":12},"end":{"line":29,"column":84}},"type":"if","locations":[{"start":{"line":16,"column":12},"end":{"line":29,"column":84}},{"start":{"line":29,"column":17},"end":{"line":29,"column":84}}],"line":16},"2":{"loc":{"start":{"line":44,"column":8},"end":{"line":45,"column":72}},"type":"if","locations":[{"start":{"line":44,"column":8},"end":{"line":45,"column":72}},{"start":{"line":45,"column":13},"end":{"line":45,"column":72}}],"line":44},"3":{"loc":{"start":{"line":53,"column":8},"end":{"line":53,"column":64}},"type":"if","locations":[{"start":{"line":53,"column":8},"end":{"line":53,"column":64}},{"start":{},"end":{}}],"line":53},"4":{"loc":{"start":{"line":72,"column":8},"end":{"line":76,"column":9}},"type":"if","locations":[{"start":{"line":72,"column":8},"end":{"line":76,"column":9}},{"start":{},"end":{}}],"line":72},"5":{"loc":{"start":{"line":86,"column":4},"end":{"line":92,"column":5}},"type":"if","locations":[{"start":{"line":86,"column":4},"end":{"line":92,"column":5}},{"start":{},"end":{}}],"line":86}},"s":{"0":5,"1":5,"2":5,"3":5,"4":4,"5":4,"6":4,"7":3,"8":2,"9":2,"10":1,"11":1,"12":1,"13":1,"14":1,"15":1,"16":5,"17":4,"18":4,"19":3,"20":2,"21":1,"22":1,"23":5,"24":3,"25":3,"26":5,"27":3,"28":3,"29":3,"30":3,"31":3,"32":3,"33":3,"34":5,"35":3,"36":3,"37":0,"38":0,"39":0,"40":3,"41":3,"42":3,"43":3,"44":5,"45":5,"46":5,"47":5,"48":5,"49":5},"f":{"0":4,"1":4,"2":3,"3":3,"4":3,"5":5},"b":{"0":[2,1],"1":[1,1],"2":[2,1],"3":[3,0],"4":[0,3],"5":[5,0]},"_coverageSchema":"1a1c01bbd47fc00a2c39e90264f33305004495a9","hash":"c4e15331036aacb1213bb8505e80876a2f947374"}
,"/Users/mateotambascoferreira/Desktop/Bootcamp/SPRINT/SPRINT3/tercerSprint/api/middleware/cartListMiddleware.js": {"path":"/Users/mateotambascoferreira/Desktop/Bootcamp/SPRINT/SPRINT3/tercerSprint/api/middleware/cartListMiddleware.js","statementMap":{"0":{"start":{"line":1,"column":27},"end":{"line":8,"column":1}},"1":{"start":{"line":2,"column":15},"end":{"line":2,"column":29}},"2":{"start":{"line":3,"column":13},"end":{"line":3,"column":34}},"3":{"start":{"line":4,"column":15},"end":{"line":4,"column":23}},"4":{"start":{"line":5,"column":4},"end":{"line":5,"column":30}},"5":{"start":{"line":6,"column":4},"end":{"line":6,"column":115}},"6":{"start":{"line":6,"column":42},"end":{"line":6,"column":115}},"7":{"start":{"line":7,"column":4},"end":{"line":7,"column":11}},"8":{"start":{"line":10,"column":0},"end":{"line":10,"column":36}}},"fnMap":{"0":{"name":"(anonymous_0)","decl":{"start":{"line":1,"column":27},"end":{"line":1,"column":28}},"loc":{"start":{"line":1,"column":48},"end":{"line":8,"column":1}},"line":1}},"branchMap":{"0":{"loc":{"start":{"line":6,"column":4},"end":{"line":6,"column":115}},"type":"if","locations":[{"start":{"line":6,"column":4},"end":{"line":6,"column":115}},{"start":{},"end":{}}],"line":6},"1":{"loc":{"start":{"line":6,"column":7},"end":{"line":6,"column":40}},"type":"binary-expr","locations":[{"start":{"line":6,"column":7},"end":{"line":6,"column":23}},{"start":{"line":6,"column":28},"end":{"line":6,"column":39}}],"line":6}},"s":{"0":5,"1":6,"2":6,"3":6,"4":6,"5":6,"6":1,"7":5,"8":5},"f":{"0":6},"b":{"0":[1,5],"1":[6,1]},"_coverageSchema":"1a1c01bbd47fc00a2c39e90264f33305004495a9","hash":"0a9a4c7e122a2d59cd5053faac1b2336decfcbba"}
,"/Users/mateotambascoferreira/Desktop/Bootcamp/SPRINT/SPRINT3/tercerSprint/api/middleware/categoryMiddelware.js": {"path":"/Users/mateotambascoferreira/Desktop/Bootcamp/SPRINT/SPRINT3/tercerSprint/api/middleware/categoryMiddelware.js","statementMap":{"0":{"start":{"line":1,"column":16},"end":{"line":1,"column":44}},"1":{"start":{"line":2,"column":21},"end":{"line":2,"column":46}},"2":{"start":{"line":3,"column":31},"end":{"line":3,"column":70}},"3":{"start":{"line":4,"column":11},"end":{"line":4,"column":43}},"4":{"start":{"line":6,"column":29},"end":{"line":12,"column":1}},"5":{"start":{"line":10,"column":8},"end":{"line":10,"column":35}},"6":{"start":{"line":14,"column":26},"end":{"line":33,"column":1}},"7":{"start":{"line":15,"column":4},"end":{"line":32,"column":5}},"8":{"start":{"line":16,"column":19},"end":{"line":16,"column":32}},"9":{"start":{"line":17,"column":8},"end":{"line":29,"column":9}},"10":{"start":{"line":18,"column":29},"end":{"line":18,"column":59}},"11":{"start":{"line":19,"column":12},"end":{"line":22,"column":76}},"12":{"start":{"line":20,"column":16},"end":{"line":20,"column":40}},"13":{"start":{"line":21,"column":16},"end":{"line":21,"column":23}},"14":{"start":{"line":22,"column":19},"end":{"line":22,"column":76}},"15":{"start":{"line":24,"column":30},"end":{"line":24,"column":81}},"16":{"start":{"line":25,"column":12},"end":{"line":28,"column":85}},"17":{"start":{"line":26,"column":16},"end":{"line":26,"column":41}},"18":{"start":{"line":27,"column":16},"end":{"line":27,"column":23}},"19":{"start":{"line":28,"column":19},"end":{"line":28,"column":85}},"20":{"start":{"line":31,"column":8},"end":{"line":31,"column":55}},"21":{"start":{"line":35,"column":26},"end":{"line":49,"column":1}},"22":{"start":{"line":36,"column":4},"end":{"line":48,"column":5}},"23":{"start":{"line":37,"column":22},"end":{"line":37,"column":30}},"24":{"start":{"line":38,"column":20},"end":{"line":38,"column":41}},"25":{"start":{"line":39,"column":25},"end":{"line":39,"column":55}},"26":{"start":{"line":40,"column":8},"end":{"line":45,"column":69}},"27":{"start":{"line":41,"column":12},"end":{"line":41,"column":24}},"28":{"start":{"line":42,"column":12},"end":{"line":42,"column":28}},"29":{"start":{"line":43,"column":12},"end":{"line":43,"column":19}},"30":{"start":{"line":45,"column":13},"end":{"line":45,"column":69}},"31":{"start":{"line":47,"column":8},"end":{"line":47,"column":55}},"32":{"start":{"line":51,"column":28},"end":{"line":70,"column":1}},"33":{"start":{"line":52,"column":4},"end":{"line":69,"column":5}},"34":{"start":{"line":55,"column":19},"end":{"line":55,"column":40}},"35":{"start":{"line":56,"column":8},"end":{"line":58,"column":10}},"36":{"start":{"line":59,"column":8},"end":{"line":66,"column":106}},"37":{"start":{"line":60,"column":12},"end":{"line":65,"column":81}},"38":{"start":{"line":61,"column":55},"end":{"line":61,"column":71}},"39":{"start":{"line":62,"column":16},"end":{"line":62,"column":48}},"40":{"start":{"line":63,"column":16},"end":{"line":63,"column":28}},"41":{"start":{"line":64,"column":16},"end":{"line":64,"column":23}},"42":{"start":{"line":65,"column":18},"end":{"line":65,"column":81}},"43":{"start":{"line":66,"column":14},"end":{"line":66,"column":106}},"44":{"start":{"line":68,"column":8},"end":{"line":68,"column":55}},"45":{"start":{"line":72,"column":0},"end":{"line":77,"column":2}}},"fnMap":{"0":{"name":"(anonymous_0)","decl":{"start":{"line":9,"column":4},"end":{"line":9,"column":5}},"loc":{"start":{"line":9,"column":22},"end":{"line":11,"column":5}},"line":9},"1":{"name":"(anonymous_1)","decl":{"start":{"line":14,"column":26},"end":{"line":14,"column":27}},"loc":{"start":{"line":14,"column":51},"end":{"line":33,"column":1}},"line":14},"2":{"name":"(anonymous_2)","decl":{"start":{"line":35,"column":26},"end":{"line":35,"column":27}},"loc":{"start":{"line":35,"column":50},"end":{"line":49,"column":1}},"line":35},"3":{"name":"(anonymous_3)","decl":{"start":{"line":51,"column":28},"end":{"line":51,"column":29}},"loc":{"start":{"line":51,"column":52},"end":{"line":70,"column":1}},"line":51}},"branchMap":{"0":{"loc":{"start":{"line":17,"column":8},"end":{"line":29,"column":9}},"type":"if","locations":[{"start":{"line":17,"column":8},"end":{"line":29,"column":9}},{"start":{"line":23,"column":14},"end":{"line":29,"column":9}}],"line":17},"1":{"loc":{"start":{"line":19,"column":12},"end":{"line":22,"column":76}},"type":"if","locations":[{"start":{"line":19,"column":12},"end":{"line":22,"column":76}},{"start":{"line":22,"column":19},"end":{"line":22,"column":76}}],"line":19},"2":{"loc":{"start":{"line":25,"column":12},"end":{"line":28,"column":85}},"type":"if","locations":[{"start":{"line":25,"column":12},"end":{"line":28,"column":85}},{"start":{"line":28,"column":19},"end":{"line":28,"column":85}}],"line":25},"3":{"loc":{"start":{"line":40,"column":8},"end":{"line":45,"column":69}},"type":"if","locations":[{"start":{"line":40,"column":8},"end":{"line":45,"column":69}},{"start":{"line":45,"column":13},"end":{"line":45,"column":69}}],"line":40},"4":{"loc":{"start":{"line":59,"column":8},"end":{"line":66,"column":106}},"type":"if","locations":[{"start":{"line":59,"column":8},"end":{"line":66,"column":106}},{"start":{"line":66,"column":14},"end":{"line":66,"column":106}}],"line":59},"5":{"loc":{"start":{"line":60,"column":12},"end":{"line":65,"column":81}},"type":"if","locations":[{"start":{"line":60,"column":12},"end":{"line":65,"column":81}},{"start":{"line":65,"column":18},"end":{"line":65,"column":81}}],"line":60}},"s":{"0":5,"1":5,"2":5,"3":5,"4":5,"5":14,"6":5,"7":14,"8":14,"9":14,"10":7,"11":6,"12":3,"13":3,"14":3,"15":7,"16":6,"17":3,"18":3,"19":3,"20":2,"21":5,"22":7,"23":7,"24":7,"25":7,"26":6,"27":4,"28":4,"29":4,"30":2,"31":1,"32":5,"33":10,"34":10,"35":10,"36":9,"37":7,"38":5,"39":5,"40":5,"41":5,"42":2,"43":2,"44":1,"45":5},"f":{"0":14,"1":14,"2":7,"3":10},"b":{"0":[7,7],"1":[3,3],"2":[3,3],"3":[4,2],"4":[7,2],"5":[5,2]},"_coverageSchema":"1a1c01bbd47fc00a2c39e90264f33305004495a9","hash":"591255ff372daa460b3ef8f687d7b6a43b22e7fe"}
,"/Users/mateotambascoferreira/Desktop/Bootcamp/SPRINT/SPRINT3/tercerSprint/api/middleware/handleErrors.js": {"path":"/Users/mateotambascoferreira/Desktop/Bootcamp/SPRINT/SPRINT3/tercerSprint/api/middleware/handleErrors.js","statementMap":{"0":{"start":{"line":1,"column":29},"end":{"line":1,"column":57}},"1":{"start":{"line":3,"column":21},"end":{"line":9,"column":1}},"2":{"start":{"line":4,"column":18},"end":{"line":4,"column":39}},"3":{"start":{"line":5,"column":3},"end":{"line":7,"column":4}},"4":{"start":{"line":6,"column":6},"end":{"line":6,"column":42}},"5":{"start":{"line":8,"column":3},"end":{"line":8,"column":10}},"6":{"start":{"line":11,"column":0},"end":{"line":11,"column":30}}},"fnMap":{"0":{"name":"(anonymous_0)","decl":{"start":{"line":3,"column":21},"end":{"line":3,"column":22}},"loc":{"start":{"line":3,"column":41},"end":{"line":9,"column":1}},"line":3}},"branchMap":{"0":{"loc":{"start":{"line":5,"column":3},"end":{"line":7,"column":4}},"type":"if","locations":[{"start":{"line":5,"column":3},"end":{"line":7,"column":4}},{"start":{},"end":{}}],"line":5}},"s":{"0":5,"1":5,"2":74,"3":74,"4":52,"5":22,"6":5},"f":{"0":74},"b":{"0":[52,22]},"_coverageSchema":"1a1c01bbd47fc00a2c39e90264f33305004495a9","hash":"40b3b4b5aba01620d6fa8d85da28a56fb150fdf4"}
,"/Users/mateotambascoferreira/Desktop/Bootcamp/SPRINT/SPRINT3/tercerSprint/api/middleware/picturesMiddelware.js": {"path":"/Users/mateotambascoferreira/Desktop/Bootcamp/SPRINT/SPRINT3/tercerSprint/api/middleware/picturesMiddelware.js","statementMap":{"0":{"start":{"line":1,"column":11},"end":{"line":1,"column":43}},"1":{"start":{"line":2,"column":16},"end":{"line":2,"column":44}},"2":{"start":{"line":3,"column":21},"end":{"line":3,"column":46}},"3":{"start":{"line":4,"column":20},"end":{"line":4,"column":58}},"4":{"start":{"line":7,"column":28},"end":{"line":14,"column":1}},"5":{"start":{"line":12,"column":8},"end":{"line":12,"column":35}},"6":{"start":{"line":16,"column":26},"end":{"line":22,"column":1}},"7":{"start":{"line":20,"column":8},"end":{"line":20,"column":35}},"8":{"start":{"line":24,"column":27},"end":{"line":37,"column":1}},"9":{"start":{"line":25,"column":4},"end":{"line":36,"column":5}},"10":{"start":{"line":26,"column":24},"end":{"line":26,"column":64}},"11":{"start":{"line":27,"column":8},"end":{"line":31,"column":61}},"12":{"start":{"line":28,"column":12},"end":{"line":28,"column":34}},"13":{"start":{"line":29,"column":12},"end":{"line":29,"column":19}},"14":{"start":{"line":31,"column":13},"end":{"line":31,"column":61}},"15":{"start":{"line":34,"column":8},"end":{"line":34,"column":27}},"16":{"start":{"line":35,"column":8},"end":{"line":35,"column":52}},"17":{"start":{"line":39,"column":30},"end":{"line":47,"column":1}},"18":{"start":{"line":40,"column":4},"end":{"line":46,"column":5}},"19":{"start":{"line":41,"column":19},"end":{"line":41,"column":27}},"20":{"start":{"line":42,"column":8},"end":{"line":43,"column":20}},"21":{"start":{"line":42,"column":28},"end":{"line":42,"column":93}},"22":{"start":{"line":43,"column":13},"end":{"line":43,"column":20}},"23":{"start":{"line":45,"column":8},"end":{"line":45,"column":52}},"24":{"start":{"line":49,"column":0},"end":{"line":54,"column":2}}},"fnMap":{"0":{"name":"(anonymous_0)","decl":{"start":{"line":11,"column":4},"end":{"line":11,"column":5}},"loc":{"start":{"line":11,"column":22},"end":{"line":13,"column":5}},"line":11},"1":{"name":"(anonymous_1)","decl":{"start":{"line":19,"column":4},"end":{"line":19,"column":5}},"loc":{"start":{"line":19,"column":22},"end":{"line":21,"column":5}},"line":19},"2":{"name":"(anonymous_2)","decl":{"start":{"line":24,"column":27},"end":{"line":24,"column":28}},"loc":{"start":{"line":24,"column":50},"end":{"line":37,"column":1}},"line":24},"3":{"name":"(anonymous_3)","decl":{"start":{"line":39,"column":30},"end":{"line":39,"column":31}},"loc":{"start":{"line":39,"column":48},"end":{"line":47,"column":1}},"line":39}},"branchMap":{"0":{"loc":{"start":{"line":27,"column":8},"end":{"line":31,"column":61}},"type":"if","locations":[{"start":{"line":27,"column":8},"end":{"line":31,"column":61}},{"start":{"line":31,"column":13},"end":{"line":31,"column":61}}],"line":27},"1":{"loc":{"start":{"line":42,"column":8},"end":{"line":43,"column":20}},"type":"if","locations":[{"start":{"line":42,"column":8},"end":{"line":43,"column":20}},{"start":{"line":43,"column":13},"end":{"line":43,"column":20}}],"line":42}},"s":{"0":5,"1":5,"2":5,"3":5,"4":5,"5":2,"6":5,"7":0,"8":5,"9":2,"10":2,"11":2,"12":2,"13":2,"14":0,"15":0,"16":0,"17":5,"18":34,"19":34,"20":34,"21":3,"22":31,"23":0,"24":5},"f":{"0":2,"1":0,"2":2,"3":34},"b":{"0":[2,0],"1":[3,31]},"_coverageSchema":"1a1c01bbd47fc00a2c39e90264f33305004495a9","hash":"faf7cac032ae1c35fdcb2950cb803ebf65bc91d3"}
,"/Users/mateotambascoferreira/Desktop/Bootcamp/SPRINT/SPRINT3/tercerSprint/api/middleware/productMiddleware.js": {"path":"/Users/mateotambascoferreira/Desktop/Bootcamp/SPRINT/SPRINT3/tercerSprint/api/middleware/productMiddleware.js","statementMap":{"0":{"start":{"line":1,"column":11},"end":{"line":1,"column":43}},"1":{"start":{"line":2,"column":16},"end":{"line":2,"column":44}},"2":{"start":{"line":3,"column":21},"end":{"line":3,"column":46}},"3":{"start":{"line":4,"column":40},"end":{"line":4,"column":78}},"4":{"start":{"line":5,"column":11},"end":{"line":5,"column":26}},"5":{"start":{"line":7,"column":21},"end":{"line":19,"column":1}},"6":{"start":{"line":17,"column":8},"end":{"line":17,"column":35}},"7":{"start":{"line":21,"column":19},"end":{"line":31,"column":1}},"8":{"start":{"line":29,"column":8},"end":{"line":29,"column":35}},"9":{"start":{"line":33,"column":31},"end":{"line":61,"column":1}},"10":{"start":{"line":34,"column":4},"end":{"line":60,"column":5}},"11":{"start":{"line":35,"column":23},"end":{"line":35,"column":27}},"12":{"start":{"line":36,"column":27},"end":{"line":36,"column":36}},"13":{"start":{"line":37,"column":8},"end":{"line":53,"column":9}},"14":{"start":{"line":38,"column":12},"end":{"line":44,"column":15}},"15":{"start":{"line":46,"column":12},"end":{"line":52,"column":15}},"16":{"start":{"line":54,"column":8},"end":{"line":57,"column":95}},"17":{"start":{"line":55,"column":12},"end":{"line":55,"column":36}},"18":{"start":{"line":56,"column":12},"end":{"line":56,"column":19}},"19":{"start":{"line":57,"column":15},"end":{"line":57,"column":95}},"20":{"start":{"line":59,"column":8},"end":{"line":59,"column":65}},"21":{"start":{"line":63,"column":35},"end":{"line":80,"column":1}},"22":{"start":{"line":65,"column":4},"end":{"line":78,"column":5}},"23":{"start":{"line":66,"column":24},"end":{"line":71,"column":10}},"24":{"start":{"line":72,"column":8},"end":{"line":75,"column":71}},"25":{"start":{"line":73,"column":12},"end":{"line":73,"column":34}},"26":{"start":{"line":74,"column":12},"end":{"line":74,"column":19}},"27":{"start":{"line":75,"column":15},"end":{"line":75,"column":71}},"28":{"start":{"line":77,"column":8},"end":{"line":77,"column":65}},"29":{"start":{"line":82,"column":38},"end":{"line":100,"column":1}},"30":{"start":{"line":83,"column":4},"end":{"line":99,"column":5}},"31":{"start":{"line":84,"column":20},"end":{"line":84,"column":31}},"32":{"start":{"line":85,"column":21},"end":{"line":92,"column":10}},"33":{"start":{"line":93,"column":8},"end":{"line":96,"column":88}},"34":{"start":{"line":94,"column":12},"end":{"line":94,"column":28}},"35":{"start":{"line":95,"column":12},"end":{"line":95,"column":19}},"36":{"start":{"line":96,"column":15},"end":{"line":96,"column":88}},"37":{"start":{"line":98,"column":8},"end":{"line":98,"column":65}},"38":{"start":{"line":102,"column":41},"end":{"line":119,"column":1}},"39":{"start":{"line":103,"column":4},"end":{"line":118,"column":5}},"40":{"start":{"line":104,"column":27},"end":{"line":111,"column":10}},"41":{"start":{"line":112,"column":8},"end":{"line":115,"column":77}},"42":{"start":{"line":113,"column":12},"end":{"line":113,"column":40}},"43":{"start":{"line":114,"column":12},"end":{"line":114,"column":19}},"44":{"start":{"line":115,"column":15},"end":{"line":115,"column":77}},"45":{"start":{"line":117,"column":8},"end":{"line":117,"column":65}},"46":{"start":{"line":121,"column":31},"end":{"line":139,"column":1}},"47":{"start":{"line":122,"column":4},"end":{"line":138,"column":5}},"48":{"start":{"line":123,"column":44},"end":{"line":123,"column":52}},"49":{"start":{"line":124,"column":30},"end":{"line":124,"column":40}},"50":{"start":{"line":125,"column":23},"end":{"line":125,"column":27}},"51":{"start":{"line":126,"column":24},"end":{"line":126,"column":68}},"52":{"start":{"line":127,"column":8},"end":{"line":128,"column":39}},"53":{"start":{"line":127,"column":30},"end":{"line":127,"column":64}},"54":{"start":{"line":128,"column":13},"end":{"line":128,"column":39}},"55":{"start":{"line":129,"column":8},"end":{"line":135,"column":76}},"56":{"start":{"line":130,"column":12},"end":{"line":130,"column":28}},"57":{"start":{"line":131,"column":12},"end":{"line":131,"column":31}},"58":{"start":{"line":132,"column":12},"end":{"line":132,"column":35}},"59":{"start":{"line":133,"column":12},"end":{"line":133,"column":19}},"60":{"start":{"line":135,"column":13},"end":{"line":135,"column":76}},"61":{"start":{"line":137,"column":8},"end":{"line":137,"column":66}},"62":{"start":{"line":141,"column":33},"end":{"line":161,"column":1}},"63":{"start":{"line":142,"column":4},"end":{"line":160,"column":5}},"64":{"start":{"line":143,"column":19},"end":{"line":143,"column":40}},"65":{"start":{"line":145,"column":24},"end":{"line":145,"column":66}},"66":{"start":{"line":147,"column":8},"end":{"line":157,"column":71}},"67":{"start":{"line":148,"column":34},"end":{"line":148,"column":111}},"68":{"start":{"line":149,"column":12},"end":{"line":156,"column":118}},"69":{"start":{"line":150,"column":45},"end":{"line":150,"column":127}},"70":{"start":{"line":151,"column":16},"end":{"line":155,"column":125}},"71":{"start":{"line":152,"column":20},"end":{"line":152,"column":32}},"72":{"start":{"line":153,"column":20},"end":{"line":153,"column":42}},"73":{"start":{"line":154,"column":20},"end":{"line":154,"column":27}},"74":{"start":{"line":155,"column":23},"end":{"line":155,"column":125}},"75":{"start":{"line":156,"column":19},"end":{"line":156,"column":118}},"76":{"start":{"line":157,"column":15},"end":{"line":157,"column":71}},"77":{"start":{"line":159,"column":8},"end":{"line":159,"column":66}},"78":{"start":{"line":163,"column":31},"end":{"line":171,"column":1}},"79":{"start":{"line":164,"column":4},"end":{"line":170,"column":5}},"80":{"start":{"line":165,"column":19},"end":{"line":165,"column":27}},"81":{"start":{"line":166,"column":8},"end":{"line":167,"column":20}},"82":{"start":{"line":166,"column":29},"end":{"line":166,"column":110}},"83":{"start":{"line":167,"column":13},"end":{"line":167,"column":20}},"84":{"start":{"line":169,"column":8},"end":{"line":169,"column":65}},"85":{"start":{"line":173,"column":23},"end":{"line":181,"column":1}},"86":{"start":{"line":174,"column":4},"end":{"line":180,"column":5}},"87":{"start":{"line":175,"column":19},"end":{"line":175,"column":27}},"88":{"start":{"line":176,"column":8},"end":{"line":177,"column":20}},"89":{"start":{"line":176,"column":28},"end":{"line":176,"column":99}},"90":{"start":{"line":177,"column":13},"end":{"line":177,"column":20}},"91":{"start":{"line":179,"column":8},"end":{"line":179,"column":63}},"92":{"start":{"line":183,"column":0},"end":{"line":194,"column":2}}},"fnMap":{"0":{"name":"(anonymous_0)","decl":{"start":{"line":16,"column":4},"end":{"line":16,"column":5}},"loc":{"start":{"line":16,"column":22},"end":{"line":18,"column":5}},"line":16},"1":{"name":"(anonymous_1)","decl":{"start":{"line":28,"column":4},"end":{"line":28,"column":5}},"loc":{"start":{"line":28,"column":22},"end":{"line":30,"column":5}},"line":28},"2":{"name":"(anonymous_2)","decl":{"start":{"line":33,"column":31},"end":{"line":33,"column":32}},"loc":{"start":{"line":33,"column":55},"end":{"line":61,"column":1}},"line":33},"3":{"name":"(anonymous_3)","decl":{"start":{"line":63,"column":35},"end":{"line":63,"column":36}},"loc":{"start":{"line":63,"column":59},"end":{"line":80,"column":1}},"line":63},"4":{"name":"(anonymous_4)","decl":{"start":{"line":82,"column":38},"end":{"line":82,"column":39}},"loc":{"start":{"line":82,"column":62},"end":{"line":100,"column":1}},"line":82},"5":{"name":"(anonymous_5)","decl":{"start":{"line":102,"column":41},"end":{"line":102,"column":42}},"loc":{"start":{"line":102,"column":65},"end":{"line":119,"column":1}},"line":102},"6":{"name":"(anonymous_6)","decl":{"start":{"line":121,"column":31},"end":{"line":121,"column":32}},"loc":{"start":{"line":121,"column":55},"end":{"line":139,"column":1}},"line":121},"7":{"name":"(anonymous_7)","decl":{"start":{"line":141,"column":33},"end":{"line":141,"column":34}},"loc":{"start":{"line":141,"column":57},"end":{"line":161,"column":1}},"line":141},"8":{"name":"(anonymous_8)","decl":{"start":{"line":163,"column":31},"end":{"line":163,"column":32}},"loc":{"start":{"line":163,"column":49},"end":{"line":171,"column":1}},"line":163},"9":{"name":"(anonymous_9)","decl":{"start":{"line":173,"column":23},"end":{"line":173,"column":24}},"loc":{"start":{"line":173,"column":41},"end":{"line":181,"column":1}},"line":173}},"branchMap":{"0":{"loc":{"start":{"line":37,"column":8},"end":{"line":53,"column":9}},"type":"if","locations":[{"start":{"line":37,"column":8},"end":{"line":53,"column":9}},{"start":{"line":45,"column":13},"end":{"line":53,"column":9}}],"line":37},"1":{"loc":{"start":{"line":54,"column":8},"end":{"line":57,"column":95}},"type":"if","locations":[{"start":{"line":54,"column":8},"end":{"line":57,"column":95}},{"start":{"line":57,"column":15},"end":{"line":57,"column":95}}],"line":54},"2":{"loc":{"start":{"line":72,"column":8},"end":{"line":75,"column":71}},"type":"if","locations":[{"start":{"line":72,"column":8},"end":{"line":75,"column":71}},{"start":{"line":75,"column":15},"end":{"line":75,"column":71}}],"line":72},"3":{"loc":{"start":{"line":93,"column":8},"end":{"line":96,"column":88}},"type":"if","locations":[{"start":{"line":93,"column":8},"end":{"line":96,"column":88}},{"start":{"line":96,"column":15},"end":{"line":96,"column":88}}],"line":93},"4":{"loc":{"start":{"line":112,"column":8},"end":{"line":115,"column":77}},"type":"if","locations":[{"start":{"line":112,"column":8},"end":{"line":115,"column":77}},{"start":{"line":115,"column":15},"end":{"line":115,"column":77}}],"line":112},"5":{"loc":{"start":{"line":127,"column":8},"end":{"line":128,"column":39}},"type":"if","locations":[{"start":{"line":127,"column":8},"end":{"line":128,"column":39}},{"start":{"line":128,"column":13},"end":{"line":128,"column":39}}],"line":127},"6":{"loc":{"start":{"line":129,"column":8},"end":{"line":135,"column":76}},"type":"if","locations":[{"start":{"line":129,"column":8},"end":{"line":135,"column":76}},{"start":{"line":135,"column":13},"end":{"line":135,"column":76}}],"line":129},"7":{"loc":{"start":{"line":147,"column":8},"end":{"line":157,"column":71}},"type":"if","locations":[{"start":{"line":147,"column":8},"end":{"line":157,"column":71}},{"start":{"line":157,"column":15},"end":{"line":157,"column":71}}],"line":147},"8":{"loc":{"start":{"line":149,"column":12},"end":{"line":156,"column":118}},"type":"if","locations":[{"start":{"line":149,"column":12},"end":{"line":156,"column":118}},{"start":{"line":156,"column":19},"end":{"line":156,"column":118}}],"line":149},"9":{"loc":{"start":{"line":151,"column":16},"end":{"line":155,"column":125}},"type":"if","locations":[{"start":{"line":151,"column":16},"end":{"line":155,"column":125}},{"start":{"line":155,"column":23},"end":{"line":155,"column":125}}],"line":151},"10":{"loc":{"start":{"line":166,"column":8},"end":{"line":167,"column":20}},"type":"if","locations":[{"start":{"line":166,"column":8},"end":{"line":167,"column":20}},{"start":{"line":167,"column":13},"end":{"line":167,"column":20}}],"line":166},"11":{"loc":{"start":{"line":176,"column":8},"end":{"line":177,"column":20}},"type":"if","locations":[{"start":{"line":176,"column":8},"end":{"line":177,"column":20}},{"start":{"line":177,"column":13},"end":{"line":177,"column":20}}],"line":176}},"s":{"0":5,"1":5,"2":5,"3":5,"4":5,"5":5,"6":18,"7":5,"8":16,"9":5,"10":13,"11":13,"12":13,"13":13,"14":6,"15":7,"16":12,"17":6,"18":6,"19":6,"20":1,"21":5,"22":7,"23":7,"24":6,"25":3,"26":3,"27":3,"28":1,"29":5,"30":7,"31":7,"32":7,"33":6,"34":3,"35":3,"36":3,"37":1,"38":5,"39":7,"40":7,"41":6,"42":3,"43":3,"44":3,"45":1,"46":5,"47":3,"48":3,"49":3,"50":3,"51":3,"52":2,"53":0,"54":2,"55":2,"56":2,"57":2,"58":2,"59":2,"60":0,"61":1,"62":5,"63":11,"64":11,"65":11,"66":9,"67":7,"68":7,"69":7,"70":7,"71":3,"72":3,"73":3,"74":4,"75":0,"76":2,"77":2,"78":5,"79":31,"80":31,"81":31,"82":2,"83":29,"84":0,"85":5,"86":17,"87":17,"88":17,"89":1,"90":16,"91":0,"92":5},"f":{"0":18,"1":16,"2":13,"3":7,"4":7,"5":7,"6":3,"7":11,"8":31,"9":17},"b":{"0":[6,7],"1":[6,6],"2":[3,3],"3":[3,3],"4":[3,3],"5":[0,2],"6":[2,0],"7":[7,2],"8":[7,0],"9":[3,4],"10":[2,29],"11":[1,16]},"_coverageSchema":"1a1c01bbd47fc00a2c39e90264f33305004495a9","hash":"9e60ed05765e8f80e07e7010ba4e3adb31200741"}
,"/Users/mateotambascoferreira/Desktop/Bootcamp/SPRINT/SPRINT3/tercerSprint/api/middleware/userMiddleware.js": {"path":"/Users/mateotambascoferreira/Desktop/Bootcamp/SPRINT/SPRINT3/tercerSprint/api/middleware/userMiddleware.js","statementMap":{"0":{"start":{"line":1,"column":18},"end":{"line":1,"column":46}},"1":{"start":{"line":2,"column":21},"end":{"line":2,"column":49}},"2":{"start":{"line":3,"column":38},"end":{"line":3,"column":73}},"3":{"start":{"line":4,"column":11},"end":{"line":4,"column":43}},"4":{"start":{"line":6,"column":29},"end":{"line":17,"column":5}},"5":{"start":{"line":15,"column":12},"end":{"line":15,"column":39}},"6":{"start":{"line":19,"column":27},"end":{"line":30,"column":5}},"7":{"start":{"line":28,"column":12},"end":{"line":28,"column":39}},"8":{"start":{"line":32,"column":23},"end":{"line":48,"column":5}},"9":{"start":{"line":33,"column":8},"end":{"line":47,"column":9}},"10":{"start":{"line":34,"column":30},"end":{"line":39,"column":28}},"11":{"start":{"line":40,"column":12},"end":{"line":44,"column":69}},"12":{"start":{"line":41,"column":16},"end":{"line":41,"column":48}},"13":{"start":{"line":42,"column":16},"end":{"line":42,"column":23}},"14":{"start":{"line":44,"column":17},"end":{"line":44,"column":69}},"15":{"start":{"line":46,"column":12},"end":{"line":46,"column":57}},"16":{"start":{"line":50,"column":23},"end":{"line":56,"column":1}},"17":{"start":{"line":51,"column":15},"end":{"line":51,"column":29}},"18":{"start":{"line":52,"column":13},"end":{"line":52,"column":34}},"19":{"start":{"line":53,"column":15},"end":{"line":53,"column":37}},"20":{"start":{"line":54,"column":4},"end":{"line":54,"column":107}},"21":{"start":{"line":54,"column":43},"end":{"line":54,"column":107}},"22":{"start":{"line":55,"column":4},"end":{"line":55,"column":11}},"23":{"start":{"line":58,"column":23},"end":{"line":64,"column":1}},"24":{"start":{"line":59,"column":15},"end":{"line":59,"column":29}},"25":{"start":{"line":60,"column":13},"end":{"line":60,"column":34}},"26":{"start":{"line":61,"column":15},"end":{"line":61,"column":37}},"27":{"start":{"line":62,"column":4},"end":{"line":62,"column":147}},"28":{"start":{"line":62,"column":84},"end":{"line":62,"column":147}},"29":{"start":{"line":63,"column":4},"end":{"line":63,"column":11}},"30":{"start":{"line":66,"column":0},"end":{"line":72,"column":2}}},"fnMap":{"0":{"name":"(anonymous_0)","decl":{"start":{"line":14,"column":8},"end":{"line":14,"column":9}},"loc":{"start":{"line":14,"column":26},"end":{"line":16,"column":9}},"line":14},"1":{"name":"(anonymous_1)","decl":{"start":{"line":27,"column":8},"end":{"line":27,"column":9}},"loc":{"start":{"line":27,"column":26},"end":{"line":29,"column":9}},"line":27},"2":{"name":"(anonymous_2)","decl":{"start":{"line":32,"column":23},"end":{"line":32,"column":24}},"loc":{"start":{"line":32,"column":47},"end":{"line":48,"column":5}},"line":32},"3":{"name":"(anonymous_3)","decl":{"start":{"line":50,"column":23},"end":{"line":50,"column":24}},"loc":{"start":{"line":50,"column":44},"end":{"line":56,"column":1}},"line":50},"4":{"name":"(anonymous_4)","decl":{"start":{"line":58,"column":23},"end":{"line":58,"column":24}},"loc":{"start":{"line":58,"column":44},"end":{"line":64,"column":1}},"line":58}},"branchMap":{"0":{"loc":{"start":{"line":40,"column":12},"end":{"line":44,"column":69}},"type":"if","locations":[{"start":{"line":40,"column":12},"end":{"line":44,"column":69}},{"start":{"line":44,"column":17},"end":{"line":44,"column":69}}],"line":40},"1":{"loc":{"start":{"line":54,"column":4},"end":{"line":54,"column":107}},"type":"if","locations":[{"start":{"line":54,"column":4},"end":{"line":54,"column":107}},{"start":{},"end":{}}],"line":54},"2":{"loc":{"start":{"line":54,"column":8},"end":{"line":54,"column":41}},"type":"binary-expr","locations":[{"start":{"line":54,"column":8},"end":{"line":54,"column":24}},{"start":{"line":54,"column":29},"end":{"line":54,"column":40}}],"line":54},"3":{"loc":{"start":{"line":62,"column":4},"end":{"line":62,"column":147}},"type":"if","locations":[{"start":{"line":62,"column":4},"end":{"line":62,"column":147}},{"start":{},"end":{}}],"line":62},"4":{"loc":{"start":{"line":62,"column":7},"end":{"line":62,"column":82}},"type":"binary-expr","locations":[{"start":{"line":62,"column":8},"end":{"line":62,"column":24}},{"start":{"line":62,"column":29},"end":{"line":62,"column":40}},{"start":{"line":62,"column":48},"end":{"line":62,"column":64}},{"start":{"line":62,"column":69},"end":{"line":62,"column":80}}],"line":62}},"s":{"0":5,"1":5,"2":5,"3":5,"4":5,"5":13,"6":5,"7":11,"8":5,"9":25,"10":25,"11":20,"12":19,"13":19,"14":1,"15":5,"16":5,"17":10,"18":10,"19":10,"20":10,"21":2,"22":8,"23":5,"24":42,"25":42,"26":42,"27":42,"28":6,"29":36,"30":5},"f":{"0":13,"1":11,"2":25,"3":10,"4":42},"b":{"0":[19,1],"1":[2,8],"2":[10,3],"3":[6,36],"4":[42,6,38,6]},"_coverageSchema":"1a1c01bbd47fc00a2c39e90264f33305004495a9","hash":"ea8bd1c9ecfc7847977ccf39e4941b4921405313"}
,"/Users/mateotambascoferreira/Desktop/Bootcamp/SPRINT/SPRINT3/tercerSprint/api/middleware/verifyJWT.js": {"path":"/Users/mateotambascoferreira/Desktop/Bootcamp/SPRINT/SPRINT3/tercerSprint/api/middleware/verifyJWT.js","statementMap":{"0":{"start":{"line":1,"column":12},"end":{"line":1,"column":35}},"1":{"start":{"line":3,"column":18},"end":{"line":20,"column":1}},"2":{"start":{"line":4,"column":4},"end":{"line":19,"column":5}},"3":{"start":{"line":5,"column":21},"end":{"line":5,"column":46}},"4":{"start":{"line":6,"column":20},"end":{"line":6,"column":39}},"5":{"start":{"line":7,"column":8},"end":{"line":8,"column":62}},"6":{"start":{"line":7,"column":24},"end":{"line":7,"column":87}},"7":{"start":{"line":8,"column":13},"end":{"line":8,"column":62}},"8":{"start":{"line":9,"column":22},"end":{"line":9,"column":28}},"9":{"start":{"line":10,"column":24},"end":{"line":10,"column":63}},"10":{"start":{"line":11,"column":8},"end":{"line":11,"column":32}},"11":{"start":{"line":12,"column":8},"end":{"line":12,"column":33}},"12":{"start":{"line":13,"column":8},"end":{"line":13,"column":15}},"13":{"start":{"line":15,"column":8},"end":{"line":18,"column":10}},"14":{"start":{"line":22,"column":0},"end":{"line":22,"column":27}}},"fnMap":{"0":{"name":"(anonymous_0)","decl":{"start":{"line":3,"column":18},"end":{"line":3,"column":19}},"loc":{"start":{"line":3,"column":38},"end":{"line":20,"column":1}},"line":3}},"branchMap":{"0":{"loc":{"start":{"line":7,"column":8},"end":{"line":8,"column":62}},"type":"if","locations":[{"start":{"line":7,"column":8},"end":{"line":8,"column":62}},{"start":{"line":8,"column":13},"end":{"line":8,"column":62}}],"line":7}},"s":{"0":5,"1":5,"2":194,"3":194,"4":194,"5":194,"6":0,"7":194,"8":194,"9":194,"10":194,"11":194,"12":194,"13":0,"14":5},"f":{"0":194},"b":{"0":[0,194]},"_coverageSchema":"1a1c01bbd47fc00a2c39e90264f33305004495a9","hash":"fafb06663cbddb6852114b3f0a77d80e77d244e1"}
,"/Users/mateotambascoferreira/Desktop/Bootcamp/SPRINT/SPRINT3/tercerSprint/api/routes/cartsRoutes.js": {"path":"/Users/mateotambascoferreira/Desktop/Bootcamp/SPRINT/SPRINT3/tercerSprint/api/routes/cartsRoutes.js","statementMap":{"0":{"start":{"line":1,"column":16},"end":{"line":1,"column":34}},"1":{"start":{"line":2,"column":15},"end":{"line":2,"column":31}},"2":{"start":{"line":3,"column":31},"end":{"line":3,"column":73}},"3":{"start":{"line":4,"column":27},"end":{"line":4,"column":70}},"4":{"start":{"line":5,"column":27},"end":{"line":5,"column":66}},"5":{"start":{"line":6,"column":18},"end":{"line":6,"column":52}},"6":{"start":{"line":9,"column":0},"end":{"line":9,"column":60}},"7":{"start":{"line":10,"column":0},"end":{"line":10,"column":59}},"8":{"start":{"line":15,"column":0},"end":{"line":17,"column":2}},"9":{"start":{"line":16,"column":4},"end":{"line":16,"column":52}},"10":{"start":{"line":19,"column":0},"end":{"line":21,"column":2}},"11":{"start":{"line":20,"column":4},"end":{"line":20,"column":52}},"12":{"start":{"line":23,"column":0},"end":{"line":25,"column":2}},"13":{"start":{"line":24,"column":4},"end":{"line":24,"column":52}},"14":{"start":{"line":26,"column":0},"end":{"line":28,"column":2}},"15":{"start":{"line":27,"column":4},"end":{"line":27,"column":52}},"16":{"start":{"line":30,"column":0},"end":{"line":30,"column":24}}},"fnMap":{"0":{"name":"(anonymous_0)","decl":{"start":{"line":15,"column":17},"end":{"line":15,"column":18}},"loc":{"start":{"line":15,"column":28},"end":{"line":17,"column":1}},"line":15},"1":{"name":"(anonymous_1)","decl":{"start":{"line":19,"column":17},"end":{"line":19,"column":18}},"loc":{"start":{"line":19,"column":28},"end":{"line":21,"column":1}},"line":19},"2":{"name":"(anonymous_2)","decl":{"start":{"line":23,"column":18},"end":{"line":23,"column":19}},"loc":{"start":{"line":23,"column":29},"end":{"line":25,"column":1}},"line":23},"3":{"name":"(anonymous_3)","decl":{"start":{"line":26,"column":20},"end":{"line":26,"column":21}},"loc":{"start":{"line":26,"column":31},"end":{"line":28,"column":1}},"line":26}},"branchMap":{},"s":{"0":5,"1":5,"2":5,"3":5,"4":5,"5":5,"6":5,"7":5,"8":5,"9":1,"10":5,"11":1,"12":5,"13":1,"14":5,"15":1,"16":5},"f":{"0":1,"1":1,"2":1,"3":1},"b":{},"_coverageSchema":"1a1c01bbd47fc00a2c39e90264f33305004495a9","hash":"2499a8927fd0813baa3e5d963c7c6ecede4b8d49"}
,"/Users/mateotambascoferreira/Desktop/Bootcamp/SPRINT/SPRINT3/tercerSprint/api/routes/categoryRoutes.js": {"path":"/Users/mateotambascoferreira/Desktop/Bootcamp/SPRINT/SPRINT3/tercerSprint/api/routes/categoryRoutes.js","statementMap":{"0":{"start":{"line":1,"column":16},"end":{"line":1,"column":34}},"1":{"start":{"line":2,"column":91},"end":{"line":2,"column":135}},"2":{"start":{"line":3,"column":90},"end":{"line":3,"column":133}},"3":{"start":{"line":4,"column":32},"end":{"line":4,"column":75}},"4":{"start":{"line":5,"column":19},"end":{"line":5,"column":53}},"5":{"start":{"line":6,"column":15},"end":{"line":6,"column":31}},"6":{"start":{"line":10,"column":0},"end":{"line":10,"column":60}},"7":{"start":{"line":11,"column":0},"end":{"line":11,"column":66}},"8":{"start":{"line":12,"column":0},"end":{"line":12,"column":89}},"9":{"start":{"line":13,"column":0},"end":{"line":13,"column":107}},"10":{"start":{"line":14,"column":0},"end":{"line":14,"column":98}},"11":{"start":{"line":17,"column":0},"end":{"line":19,"column":2}},"12":{"start":{"line":18,"column":4},"end":{"line":18,"column":52}},"13":{"start":{"line":21,"column":0},"end":{"line":23,"column":2}},"14":{"start":{"line":22,"column":4},"end":{"line":22,"column":52}},"15":{"start":{"line":25,"column":0},"end":{"line":27,"column":2}},"16":{"start":{"line":26,"column":4},"end":{"line":26,"column":52}},"17":{"start":{"line":28,"column":0},"end":{"line":30,"column":2}},"18":{"start":{"line":29,"column":4},"end":{"line":29,"column":52}},"19":{"start":{"line":32,"column":0},"end":{"line":32,"column":24}}},"fnMap":{"0":{"name":"(anonymous_0)","decl":{"start":{"line":17,"column":17},"end":{"line":17,"column":18}},"loc":{"start":{"line":17,"column":28},"end":{"line":19,"column":1}},"line":17},"1":{"name":"(anonymous_1)","decl":{"start":{"line":21,"column":17},"end":{"line":21,"column":18}},"loc":{"start":{"line":21,"column":28},"end":{"line":23,"column":1}},"line":21},"2":{"name":"(anonymous_2)","decl":{"start":{"line":25,"column":18},"end":{"line":25,"column":19}},"loc":{"start":{"line":25,"column":29},"end":{"line":27,"column":1}},"line":25},"3":{"name":"(anonymous_3)","decl":{"start":{"line":28,"column":20},"end":{"line":28,"column":21}},"loc":{"start":{"line":28,"column":31},"end":{"line":30,"column":1}},"line":28}},"branchMap":{},"s":{"0":5,"1":5,"2":5,"3":5,"4":5,"5":5,"6":5,"7":5,"8":5,"9":5,"10":5,"11":5,"12":3,"13":5,"14":2,"15":5,"16":2,"17":5,"18":2,"19":5},"f":{"0":3,"1":2,"2":2,"3":2},"b":{},"_coverageSchema":"1a1c01bbd47fc00a2c39e90264f33305004495a9","hash":"79f9bbefdbed8fff017de1ec22ffe81f50c9f3d8"}
,"/Users/mateotambascoferreira/Desktop/Bootcamp/SPRINT/SPRINT3/tercerSprint/api/routes/picturesRoutes.js": {"path":"/Users/mateotambascoferreira/Desktop/Bootcamp/SPRINT/SPRINT3/tercerSprint/api/routes/picturesRoutes.js","statementMap":{"0":{"start":{"line":1,"column":16},"end":{"line":1,"column":34}},"1":{"start":{"line":2,"column":19},"end":{"line":2,"column":53}},"2":{"start":{"line":3,"column":83},"end":{"line":3,"column":127}},"3":{"start":{"line":4,"column":94},"end":{"line":4,"column":137}},"4":{"start":{"line":5,"column":15},"end":{"line":5,"column":31}},"5":{"start":{"line":8,"column":0},"end":{"line":8,"column":41}},"6":{"start":{"line":9,"column":0},"end":{"line":9,"column":47}},"7":{"start":{"line":10,"column":0},"end":{"line":10,"column":86}},"8":{"start":{"line":11,"column":0},"end":{"line":11,"column":84}},"9":{"start":{"line":12,"column":0},"end":{"line":12,"column":90}},"10":{"start":{"line":16,"column":0},"end":{"line":18,"column":2}},"11":{"start":{"line":17,"column":4},"end":{"line":17,"column":52}},"12":{"start":{"line":20,"column":0},"end":{"line":22,"column":2}},"13":{"start":{"line":21,"column":4},"end":{"line":21,"column":52}},"14":{"start":{"line":24,"column":0},"end":{"line":26,"column":2}},"15":{"start":{"line":25,"column":4},"end":{"line":25,"column":52}},"16":{"start":{"line":27,"column":0},"end":{"line":29,"column":2}},"17":{"start":{"line":28,"column":4},"end":{"line":28,"column":52}},"18":{"start":{"line":31,"column":0},"end":{"line":31,"column":24}}},"fnMap":{"0":{"name":"(anonymous_0)","decl":{"start":{"line":16,"column":17},"end":{"line":16,"column":18}},"loc":{"start":{"line":16,"column":28},"end":{"line":18,"column":1}},"line":16},"1":{"name":"(anonymous_1)","decl":{"start":{"line":20,"column":17},"end":{"line":20,"column":18}},"loc":{"start":{"line":20,"column":28},"end":{"line":22,"column":1}},"line":20},"2":{"name":"(anonymous_2)","decl":{"start":{"line":24,"column":18},"end":{"line":24,"column":19}},"loc":{"start":{"line":24,"column":29},"end":{"line":26,"column":1}},"line":24},"3":{"name":"(anonymous_3)","decl":{"start":{"line":27,"column":20},"end":{"line":27,"column":21}},"loc":{"start":{"line":27,"column":31},"end":{"line":29,"column":1}},"line":27}},"branchMap":{},"s":{"0":5,"1":5,"2":5,"3":5,"4":5,"5":5,"6":5,"7":5,"8":5,"9":5,"10":5,"11":0,"12":5,"13":0,"14":5,"15":0,"16":5,"17":0,"18":5},"f":{"0":0,"1":0,"2":0,"3":0},"b":{},"_coverageSchema":"1a1c01bbd47fc00a2c39e90264f33305004495a9","hash":"ba0de816f91dab391ea18970125b3bb3d504a203"}
,"/Users/mateotambascoferreira/Desktop/Bootcamp/SPRINT/SPRINT3/tercerSprint/api/routes/productRoute.js": {"path":"/Users/mateotambascoferreira/Desktop/Bootcamp/SPRINT/SPRINT3/tercerSprint/api/routes/productRoute.js","statementMap":{"0":{"start":{"line":1,"column":16},"end":{"line":1,"column":34}},"1":{"start":{"line":2,"column":126},"end":{"line":2,"column":169}},"2":{"start":{"line":3,"column":18},"end":{"line":3,"column":52}},"3":{"start":{"line":4,"column":241},"end":{"line":4,"column":283}},"4":{"start":{"line":5,"column":25},"end":{"line":5,"column":69}},"5":{"start":{"line":6,"column":15},"end":{"line":6,"column":31}},"6":{"start":{"line":9,"column":0},"end":{"line":9,"column":63}},"7":{"start":{"line":10,"column":0},"end":{"line":10,"column":85}},"8":{"start":{"line":11,"column":0},"end":{"line":11,"column":93}},"9":{"start":{"line":12,"column":0},"end":{"line":12,"column":53}},"10":{"start":{"line":13,"column":0},"end":{"line":13,"column":75}},"11":{"start":{"line":14,"column":0},"end":{"line":14,"column":80}},"12":{"start":{"line":15,"column":0},"end":{"line":15,"column":101}},"13":{"start":{"line":16,"column":0},"end":{"line":16,"column":97}},"14":{"start":{"line":19,"column":0},"end":{"line":21,"column":2}},"15":{"start":{"line":20,"column":4},"end":{"line":20,"column":52}},"16":{"start":{"line":23,"column":0},"end":{"line":25,"column":2}},"17":{"start":{"line":24,"column":4},"end":{"line":24,"column":52}},"18":{"start":{"line":27,"column":0},"end":{"line":29,"column":2}},"19":{"start":{"line":28,"column":4},"end":{"line":28,"column":52}},"20":{"start":{"line":30,"column":0},"end":{"line":32,"column":2}},"21":{"start":{"line":31,"column":4},"end":{"line":31,"column":52}},"22":{"start":{"line":34,"column":0},"end":{"line":34,"column":24}}},"fnMap":{"0":{"name":"(anonymous_0)","decl":{"start":{"line":19,"column":17},"end":{"line":19,"column":18}},"loc":{"start":{"line":19,"column":28},"end":{"line":21,"column":1}},"line":19},"1":{"name":"(anonymous_1)","decl":{"start":{"line":23,"column":17},"end":{"line":23,"column":18}},"loc":{"start":{"line":23,"column":28},"end":{"line":25,"column":1}},"line":23},"2":{"name":"(anonymous_2)","decl":{"start":{"line":27,"column":18},"end":{"line":27,"column":19}},"loc":{"start":{"line":27,"column":29},"end":{"line":29,"column":1}},"line":27},"3":{"name":"(anonymous_3)","decl":{"start":{"line":30,"column":20},"end":{"line":30,"column":21}},"loc":{"start":{"line":30,"column":31},"end":{"line":32,"column":1}},"line":30}},"branchMap":{},"s":{"0":5,"1":5,"2":5,"3":5,"4":5,"5":5,"6":5,"7":5,"8":5,"9":5,"10":5,"11":5,"12":5,"13":5,"14":5,"15":3,"16":5,"17":2,"18":5,"19":2,"20":5,"21":2,"22":5},"f":{"0":3,"1":2,"2":2,"3":2},"b":{},"_coverageSchema":"1a1c01bbd47fc00a2c39e90264f33305004495a9","hash":"bc0bda1960b94e105f337b887967e2c0a0c8025e"}
,"/Users/mateotambascoferreira/Desktop/Bootcamp/SPRINT/SPRINT3/tercerSprint/api/routes/userRoutes.js": {"path":"/Users/mateotambascoferreira/Desktop/Bootcamp/SPRINT/SPRINT3/tercerSprint/api/routes/userRoutes.js","statementMap":{"0":{"start":{"line":1,"column":16},"end":{"line":1,"column":34}},"1":{"start":{"line":2,"column":15},"end":{"line":2,"column":31}},"2":{"start":{"line":3,"column":83},"end":{"line":3,"column":123}},"3":{"start":{"line":4,"column":18},"end":{"line":4,"column":52}},"4":{"start":{"line":5,"column":88},"end":{"line":5,"column":127}},"5":{"start":{"line":6,"column":33},"end":{"line":6,"column":75}},"6":{"start":{"line":10,"column":0},"end":{"line":10,"column":54}},"7":{"start":{"line":11,"column":0},"end":{"line":11,"column":72}},"8":{"start":{"line":12,"column":0},"end":{"line":12,"column":47}},"9":{"start":{"line":13,"column":0},"end":{"line":13,"column":88}},"10":{"start":{"line":14,"column":0},"end":{"line":14,"column":77}},"11":{"start":{"line":15,"column":0},"end":{"line":15,"column":29}},"12":{"start":{"line":19,"column":0},"end":{"line":19,"column":62}},"13":{"start":{"line":20,"column":0},"end":{"line":20,"column":63}},"14":{"start":{"line":24,"column":0},"end":{"line":26,"column":2}},"15":{"start":{"line":25,"column":4},"end":{"line":25,"column":52}},"16":{"start":{"line":28,"column":0},"end":{"line":30,"column":2}},"17":{"start":{"line":29,"column":4},"end":{"line":29,"column":52}},"18":{"start":{"line":32,"column":0},"end":{"line":34,"column":2}},"19":{"start":{"line":33,"column":4},"end":{"line":33,"column":52}},"20":{"start":{"line":35,"column":0},"end":{"line":37,"column":2}},"21":{"start":{"line":36,"column":4},"end":{"line":36,"column":52}},"22":{"start":{"line":39,"column":0},"end":{"line":39,"column":24}}},"fnMap":{"0":{"name":"(anonymous_0)","decl":{"start":{"line":24,"column":17},"end":{"line":24,"column":18}},"loc":{"start":{"line":24,"column":28},"end":{"line":26,"column":1}},"line":24},"1":{"name":"(anonymous_1)","decl":{"start":{"line":28,"column":17},"end":{"line":28,"column":18}},"loc":{"start":{"line":28,"column":28},"end":{"line":30,"column":1}},"line":28},"2":{"name":"(anonymous_2)","decl":{"start":{"line":32,"column":18},"end":{"line":32,"column":19}},"loc":{"start":{"line":32,"column":29},"end":{"line":34,"column":1}},"line":32},"3":{"name":"(anonymous_3)","decl":{"start":{"line":35,"column":20},"end":{"line":35,"column":21}},"loc":{"start":{"line":35,"column":31},"end":{"line":37,"column":1}},"line":35}},"branchMap":{},"s":{"0":5,"1":5,"2":5,"3":5,"4":5,"5":5,"6":5,"7":5,"8":5,"9":5,"10":5,"11":5,"12":5,"13":5,"14":5,"15":1,"16":5,"17":1,"18":5,"19":1,"20":5,"21":1,"22":5},"f":{"0":1,"1":1,"2":1,"3":1},"b":{},"_coverageSchema":"1a1c01bbd47fc00a2c39e90264f33305004495a9","hash":"56143ef602bbfcc41f747dec890db76a83a956d8"}
,"/Users/mateotambascoferreira/Desktop/Bootcamp/SPRINT/SPRINT3/tercerSprint/database/config/config.js": {"path":"/Users/mateotambascoferreira/Desktop/Bootcamp/SPRINT/SPRINT3/tercerSprint/database/config/config.js","statementMap":{"0":{"start":{"line":1,"column":0},"end":{"line":26,"column":1}}},"fnMap":{},"branchMap":{},"s":{"0":5},"f":{},"b":{},"_coverageSchema":"1a1c01bbd47fc00a2c39e90264f33305004495a9","hash":"82af01bd1a66ee2a668604aecd68160922df81cf"}
,"/Users/mateotambascoferreira/Desktop/Bootcamp/SPRINT/SPRINT3/tercerSprint/database/models/Cart.js": {"path":"/Users/mateotambascoferreira/Desktop/Bootcamp/SPRINT/SPRINT3/tercerSprint/database/models/Cart.js","statementMap":{"0":{"start":{"line":1,"column":13},"end":{"line":1,"column":30}},"1":{"start":{"line":3,"column":0},"end":{"line":30,"column":1}},"2":{"start":{"line":4,"column":18},"end":{"line":4,"column":24}},"3":{"start":{"line":6,"column":19},"end":{"line":19,"column":5}},"4":{"start":{"line":21,"column":19},"end":{"line":25,"column":5}},"5":{"start":{"line":27,"column":17},"end":{"line":27,"column":54}},"6":{"start":{"line":29,"column":4},"end":{"line":29,"column":16}}},"fnMap":{"0":{"name":"(anonymous_0)","decl":{"start":{"line":3,"column":17},"end":{"line":3,"column":18}},"loc":{"start":{"line":3,"column":43},"end":{"line":30,"column":1}},"line":3}},"branchMap":{},"s":{"0":5,"1":5,"2":5,"3":5,"4":5,"5":5,"6":5},"f":{"0":5},"b":{},"_coverageSchema":"1a1c01bbd47fc00a2c39e90264f33305004495a9","hash":"9d4b3312f10c242cefc39796b8e84eadbd4e1c97"}
,"/Users/mateotambascoferreira/Desktop/Bootcamp/SPRINT/SPRINT3/tercerSprint/database/models/Category.js": {"path":"/Users/mateotambascoferreira/Desktop/Bootcamp/SPRINT/SPRINT3/tercerSprint/database/models/Category.js","statementMap":{"0":{"start":{"line":1,"column":0},"end":{"line":37,"column":1}},"1":{"start":{"line":2,"column":18},"end":{"line":2,"column":28}},"2":{"start":{"line":4,"column":19},"end":{"line":16,"column":5}},"3":{"start":{"line":18,"column":19},"end":{"line":23,"column":9}},"4":{"start":{"line":25,"column":21},"end":{"line":25,"column":58}},"5":{"start":{"line":27,"column":8},"end":{"line":34,"column":9}},"6":{"start":{"line":28,"column":12},"end":{"line":33,"column":14}},"7":{"start":{"line":36,"column":4},"end":{"line":36,"column":20}}},"fnMap":{"0":{"name":"(anonymous_0)","decl":{"start":{"line":1,"column":17},"end":{"line":1,"column":18}},"loc":{"start":{"line":1,"column":43},"end":{"line":37,"column":1}},"line":1},"1":{"name":"(anonymous_1)","decl":{"start":{"line":27,"column":29},"end":{"line":27,"column":30}},"loc":{"start":{"line":27,"column":41},"end":{"line":34,"column":9}},"line":27}},"branchMap":{},"s":{"0":5,"1":5,"2":5,"3":5,"4":5,"5":5,"6":5,"7":5},"f":{"0":5,"1":5},"b":{},"_coverageSchema":"1a1c01bbd47fc00a2c39e90264f33305004495a9","hash":"27d24e0cafd734883cdda13ace225c9909a7e44c"}
,"/Users/mateotambascoferreira/Desktop/Bootcamp/SPRINT/SPRINT3/tercerSprint/database/models/Picture.js": {"path":"/Users/mateotambascoferreira/Desktop/Bootcamp/SPRINT/SPRINT3/tercerSprint/database/models/Picture.js","statementMap":{"0":{"start":{"line":2,"column":0},"end":{"line":44,"column":1}},"1":{"start":{"line":4,"column":18},"end":{"line":4,"column":27}},"2":{"start":{"line":6,"column":19},"end":{"line":25,"column":5}},"3":{"start":{"line":27,"column":17},"end":{"line":32,"column":5}},"4":{"start":{"line":34,"column":20},"end":{"line":34,"column":59}},"5":{"start":{"line":36,"column":4},"end":{"line":41,"column":5}},"6":{"start":{"line":37,"column":8},"end":{"line":40,"column":10}},"7":{"start":{"line":43,"column":4},"end":{"line":43,"column":19}}},"fnMap":{"0":{"name":"(anonymous_0)","decl":{"start":{"line":2,"column":17},"end":{"line":2,"column":18}},"loc":{"start":{"line":2,"column":43},"end":{"line":44,"column":1}},"line":2},"1":{"name":"(anonymous_1)","decl":{"start":{"line":36,"column":24},"end":{"line":36,"column":25}},"loc":{"start":{"line":36,"column":36},"end":{"line":41,"column":5}},"line":36}},"branchMap":{},"s":{"0":5,"1":5,"2":5,"3":5,"4":5,"5":5,"6":5,"7":5},"f":{"0":5,"1":5},"b":{},"_coverageSchema":"1a1c01bbd47fc00a2c39e90264f33305004495a9","hash":"fee1e64f82cad9ed2295f6aa7fae4990e7166fb8"}
,"/Users/mateotambascoferreira/Desktop/Bootcamp/SPRINT/SPRINT3/tercerSprint/database/models/Product.js": {"path":"/Users/mateotambascoferreira/Desktop/Bootcamp/SPRINT/SPRINT3/tercerSprint/database/models/Product.js","statementMap":{"0":{"start":{"line":2,"column":0},"end":{"line":63,"column":1}},"1":{"start":{"line":3,"column":18},"end":{"line":3,"column":27}},"2":{"start":{"line":5,"column":19},"end":{"line":31,"column":5}},"3":{"start":{"line":33,"column":17},"end":{"line":38,"column":5}},"4":{"start":{"line":40,"column":20},"end":{"line":40,"column":59}},"5":{"start":{"line":42,"column":4},"end":{"line":61,"column":5}},"6":{"start":{"line":43,"column":8},"end":{"line":46,"column":10}},"7":{"start":{"line":47,"column":8},"end":{"line":54,"column":10}},"8":{"start":{"line":55,"column":8},"end":{"line":60,"column":10}},"9":{"start":{"line":62,"column":4},"end":{"line":62,"column":19}}},"fnMap":{"0":{"name":"(anonymous_0)","decl":{"start":{"line":2,"column":17},"end":{"line":2,"column":18}},"loc":{"start":{"line":2,"column":43},"end":{"line":63,"column":1}},"line":2},"1":{"name":"(anonymous_1)","decl":{"start":{"line":42,"column":24},"end":{"line":42,"column":25}},"loc":{"start":{"line":42,"column":36},"end":{"line":61,"column":5}},"line":42}},"branchMap":{},"s":{"0":5,"1":5,"2":5,"3":5,"4":5,"5":5,"6":5,"7":5,"8":5,"9":5},"f":{"0":5,"1":5},"b":{},"_coverageSchema":"1a1c01bbd47fc00a2c39e90264f33305004495a9","hash":"f2c9961c0156a4f7de0056974e8e00466ccc0356"}
,"/Users/mateotambascoferreira/Desktop/Bootcamp/SPRINT/SPRINT3/tercerSprint/database/models/User.js": {"path":"/Users/mateotambascoferreira/Desktop/Bootcamp/SPRINT/SPRINT3/tercerSprint/database/models/User.js","statementMap":{"0":{"start":{"line":1,"column":0},"end":{"line":66,"column":1}},"1":{"start":{"line":2,"column":16},"end":{"line":2,"column":22}},"2":{"start":{"line":4,"column":15},"end":{"line":42,"column":5}},"3":{"start":{"line":44,"column":17},"end":{"line":49,"column":5}},"4":{"start":{"line":51,"column":17},"end":{"line":51,"column":52}},"5":{"start":{"line":53,"column":4},"end":{"line":63,"column":5}},"6":{"start":{"line":55,"column":8},"end":{"line":62,"column":10}},"7":{"start":{"line":65,"column":4},"end":{"line":65,"column":16}}},"fnMap":{"0":{"name":"(anonymous_0)","decl":{"start":{"line":1,"column":17},"end":{"line":1,"column":18}},"loc":{"start":{"line":1,"column":43},"end":{"line":66,"column":1}},"line":1},"1":{"name":"(anonymous_1)","decl":{"start":{"line":53,"column":21},"end":{"line":53,"column":22}},"loc":{"start":{"line":53,"column":33},"end":{"line":63,"column":5}},"line":53}},"branchMap":{},"s":{"0":5,"1":5,"2":5,"3":5,"4":5,"5":5,"6":5,"7":5},"f":{"0":5,"1":5},"b":{},"_coverageSchema":"1a1c01bbd47fc00a2c39e90264f33305004495a9","hash":"35f3112bffa03823716cb8054bf05bfce5e03ee8"}
,"/Users/mateotambascoferreira/Desktop/Bootcamp/SPRINT/SPRINT3/tercerSprint/database/models/index.js": {"path":"/Users/mateotambascoferreira/Desktop/Bootcamp/SPRINT/SPRINT3/tercerSprint/database/models/index.js","statementMap":{"0":{"start":{"line":3,"column":11},"end":{"line":3,"column":24}},"1":{"start":{"line":4,"column":13},"end":{"line":4,"column":28}},"2":{"start":{"line":5,"column":18},"end":{"line":5,"column":38}},"3":{"start":{"line":6,"column":17},"end":{"line":6,"column":42}},"4":{"start":{"line":7,"column":12},"end":{"line":7,"column":49}},"5":{"start":{"line":8,"column":15},"end":{"line":8,"column":63}},"6":{"start":{"line":9,"column":11},"end":{"line":9,"column":13}},"7":{"start":{"line":12,"column":0},"end":{"line":16,"column":1}},"8":{"start":{"line":13,"column":2},"end":{"line":13,"column":74}},"9":{"start":{"line":15,"column":2},"end":{"line":15,"column":87}},"10":{"start":{"line":18,"column":0},"end":{"line":26,"column":5}},"11":{"start":{"line":21,"column":4},"end":{"line":21,"column":90}},"12":{"start":{"line":24,"column":18},"end":{"line":24,"column":85}},"13":{"start":{"line":25,"column":4},"end":{"line":25,"column":27}},"14":{"start":{"line":28,"column":0},"end":{"line":32,"column":3}},"15":{"start":{"line":29,"column":2},"end":{"line":31,"column":3}},"16":{"start":{"line":30,"column":4},"end":{"line":30,"column":32}},"17":{"start":{"line":34,"column":0},"end":{"line":34,"column":25}},"18":{"start":{"line":35,"column":0},"end":{"line":35,"column":25}},"19":{"start":{"line":37,"column":0},"end":{"line":37,"column":20}}},"fnMap":{"0":{"name":"(anonymous_0)","decl":{"start":{"line":20,"column":10},"end":{"line":20,"column":11}},"loc":{"start":{"line":20,"column":18},"end":{"line":22,"column":3}},"line":20},"1":{"name":"(anonymous_1)","decl":{"start":{"line":23,"column":11},"end":{"line":23,"column":12}},"loc":{"start":{"line":23,"column":19},"end":{"line":26,"column":3}},"line":23},"2":{"name":"(anonymous_2)","decl":{"start":{"line":28,"column":24},"end":{"line":28,"column":25}},"loc":{"start":{"line":28,"column":37},"end":{"line":32,"column":1}},"line":28}},"branchMap":{"0":{"loc":{"start":{"line":7,"column":12},"end":{"line":7,"column":49}},"type":"binary-expr","locations":[{"start":{"line":7,"column":12},"end":{"line":7,"column":32}},{"start":{"line":7,"column":36},"end":{"line":7,"column":49}}],"line":7},"1":{"loc":{"start":{"line":12,"column":0},"end":{"line":16,"column":1}},"type":"if","locations":[{"start":{"line":12,"column":0},"end":{"line":16,"column":1}},{"start":{"line":14,"column":7},"end":{"line":16,"column":1}}],"line":12},"2":{"loc":{"start":{"line":21,"column":11},"end":{"line":21,"column":89}},"type":"binary-expr","locations":[{"start":{"line":21,"column":12},"end":{"line":21,"column":35}},{"start":{"line":21,"column":41},"end":{"line":21,"column":58}},{"start":{"line":21,"column":64},"end":{"line":21,"column":88}}],"line":21},"3":{"loc":{"start":{"line":29,"column":2},"end":{"line":31,"column":3}},"type":"if","locations":[{"start":{"line":29,"column":2},"end":{"line":31,"column":3}},{"start":{},"end":{}}],"line":29}},"s":{"0":5,"1":5,"2":5,"3":5,"4":5,"5":5,"6":5,"7":5,"8":0,"9":5,"10":5,"11":30,"12":25,"13":25,"14":5,"15":25,"16":20,"17":5,"18":5,"19":5},"f":{"0":30,"1":25,"2":25},"b":{"0":[5,0],"1":[0,5],"2":[30,30,25],"3":[20,5]},"_coverageSchema":"1a1c01bbd47fc00a2c39e90264f33305004495a9","hash":"7e47352fbc62a1091b98f75687fa03f0a8c173c8"}
,"/Users/mateotambascoferreira/Desktop/Bootcamp/SPRINT/SPRINT3/tercerSprint/helpers/generateJWT.js": {"path":"/Users/mateotambascoferreira/Desktop/Bootcamp/SPRINT/SPRINT3/tercerSprint/helpers/generateJWT.js","statementMap":{"0":{"start":{"line":1,"column":12},"end":{"line":1,"column":35}},"1":{"start":{"line":4,"column":20},"end":{"line":16,"column":1}},"2":{"start":{"line":5,"column":3},"end":{"line":15,"column":5}},"3":{"start":{"line":6,"column":6},"end":{"line":14,"column":8}},"4":{"start":{"line":10,"column":9},"end":{"line":12,"column":10}},"5":{"start":{"line":11,"column":12},"end":{"line":11,"column":47}},"6":{"start":{"line":13,"column":9},"end":{"line":13,"column":24}},"7":{"start":{"line":18,"column":0},"end":{"line":18,"column":29}}},"fnMap":{"0":{"name":"(anonymous_0)","decl":{"start":{"line":4,"column":20},"end":{"line":4,"column":21}},"loc":{"start":{"line":4,"column":33},"end":{"line":16,"column":1}},"line":4},"1":{"name":"(anonymous_1)","decl":{"start":{"line":5,"column":22},"end":{"line":5,"column":23}},"loc":{"start":{"line":5,"column":43},"end":{"line":15,"column":4}},"line":5},"2":{"name":"(anonymous_2)","decl":{"start":{"line":9,"column":9},"end":{"line":9,"column":10}},"loc":{"start":{"line":9,"column":25},"end":{"line":14,"column":7}},"line":9}},"branchMap":{"0":{"loc":{"start":{"line":10,"column":9},"end":{"line":12,"column":10}},"type":"if","locations":[{"start":{"line":10,"column":9},"end":{"line":12,"column":10}},{"start":{},"end":{}}],"line":10}},"s":{"0":5,"1":5,"2":207,"3":207,"4":207,"5":0,"6":207,"7":5},"f":{"0":207,"1":207,"2":207},"b":{"0":[0,207]},"_coverageSchema":"1a1c01bbd47fc00a2c39e90264f33305004495a9","hash":"41b31a642f1e8bb54e5caca87a5bbac50290d76c"}
,"/Users/mateotambascoferreira/Desktop/Bootcamp/SPRINT/SPRINT3/tercerSprint/helpers/pasarATrue.js": {"path":"/Users/mateotambascoferreira/Desktop/Bootcamp/SPRINT/SPRINT3/tercerSprint/helpers/pasarATrue.js","statementMap":{"0":{"start":{"line":1,"column":31},"end":{"line":3,"column":1}},"1":{"start":{"line":2,"column":1},"end":{"line":2,"column":87}},"2":{"start":{"line":2,"column":19},"end":{"line":2,"column":85}},"3":{"start":{"line":5,"column":26},"end":{"line":7,"column":1}},"4":{"start":{"line":6,"column":4},"end":{"line":6,"column":77}},"5":{"start":{"line":9,"column":0},"end":{"line":9,"column":59}}},"fnMap":{"0":{"name":"(anonymous_0)","decl":{"start":{"line":1,"column":31},"end":{"line":1,"column":32}},"loc":{"start":{"line":1,"column":40},"end":{"line":3,"column":1}},"line":1},"1":{"name":"(anonymous_1)","decl":{"start":{"line":2,"column":13},"end":{"line":2,"column":14}},"loc":{"start":{"line":2,"column":19},"end":{"line":2,"column":85}},"line":2},"2":{"name":"(anonymous_2)","decl":{"start":{"line":5,"column":26},"end":{"line":5,"column":27}},"loc":{"start":{"line":5,"column":36},"end":{"line":7,"column":1}},"line":5}},"branchMap":{"0":{"loc":{"start":{"line":2,"column":19},"end":{"line":2,"column":85}},"type":"cond-expr","locations":[{"start":{"line":2,"column":41},"end":{"line":2,"column":61}},{"start":{"line":2,"column":64},"end":{"line":2,"column":85}}],"line":2},"1":{"loc":{"start":{"line":6,"column":4},"end":{"line":6,"column":76}},"type":"cond-expr","locations":[{"start":{"line":6,"column":28},"end":{"line":6,"column":50}},{"start":{"line":6,"column":53},"end":{"line":6,"column":76}}],"line":6}},"s":{"0":5,"1":12,"2":15,"3":5,"4":8,"5":5},"f":{"0":12,"1":15,"2":8},"b":{"0":[8,7],"1":[2,6]},"_coverageSchema":"1a1c01bbd47fc00a2c39e90264f33305004495a9","hash":"1453eaf190cbe40dee9eae0552fda784430ab995"}
,"/Users/mateotambascoferreira/Desktop/Bootcamp/SPRINT/SPRINT3/tercerSprint/helpers/verifyCategory.js": {"path":"/Users/mateotambascoferreira/Desktop/Bootcamp/SPRINT/SPRINT3/tercerSprint/helpers/verifyCategory.js","statementMap":{"0":{"start":{"line":1,"column":11},"end":{"line":1,"column":40}},"1":{"start":{"line":3,"column":27},"end":{"line":6,"column":1}},"2":{"start":{"line":4,"column":18},"end":{"line":4,"column":72}},"3":{"start":{"line":5,"column":4},"end":{"line":5,"column":83}},"4":{"start":{"line":5,"column":14},"end":{"line":5,"column":83}},"5":{"start":{"line":8,"column":0},"end":{"line":8,"column":40}}},"fnMap":{"0":{"name":"(anonymous_0)","decl":{"start":{"line":3,"column":27},"end":{"line":3,"column":28}},"loc":{"start":{"line":3,"column":45},"end":{"line":6,"column":1}},"line":3}},"branchMap":{"0":{"loc":{"start":{"line":5,"column":4},"end":{"line":5,"column":83}},"type":"if","locations":[{"start":{"line":5,"column":4},"end":{"line":5,"column":83}},{"start":{},"end":{}}],"line":5}},"s":{"0":5,"1":5,"2":14,"3":12,"4":2,"5":5},"f":{"0":14},"b":{"0":[2,10]},"_coverageSchema":"1a1c01bbd47fc00a2c39e90264f33305004495a9","hash":"a0b39d6856485e9c33e6539a382512581090f48c"}
,"/Users/mateotambascoferreira/Desktop/Bootcamp/SPRINT/SPRINT3/tercerSprint/helpers/verifyPicture.js": {"path":"/Users/mateotambascoferreira/Desktop/Bootcamp/SPRINT/SPRINT3/tercerSprint/helpers/verifyPicture.js","statementMap":{"0":{"start":{"line":1,"column":11},"end":{"line":1,"column":40}},"1":{"start":{"line":4,"column":18},"end":{"line":9,"column":1}},"2":{"start":{"line":5,"column":18},"end":{"line":7,"column":6}},"3":{"start":{"line":8,"column":4},"end":{"line":8,"column":70}},"4":{"start":{"line":8,"column":15},"end":{"line":8,"column":70}},"5":{"start":{"line":11,"column":0},"end":{"line":13,"column":1}}},"fnMap":{"0":{"name":"(anonymous_0)","decl":{"start":{"line":4,"column":18},"end":{"line":4,"column":19}},"loc":{"start":{"line":4,"column":33},"end":{"line":9,"column":1}},"line":4}},"branchMap":{"0":{"loc":{"start":{"line":8,"column":4},"end":{"line":8,"column":70}},"type":"if","locations":[{"start":{"line":8,"column":4},"end":{"line":8,"column":70}},{"start":{},"end":{}}],"line":8}},"s":{"0":5,"1":5,"2":2,"3":2,"4":0,"5":5},"f":{"0":2},"b":{"0":[0,2]},"_coverageSchema":"1a1c01bbd47fc00a2c39e90264f33305004495a9","hash":"c44b22b0f771063b5cd1dd2f7e220d21f12b276e"}
,"/Users/mateotambascoferreira/Desktop/Bootcamp/SPRINT/SPRINT3/tercerSprint/helpers/verifyProduct.js": {"path":"/Users/mateotambascoferreira/Desktop/Bootcamp/SPRINT/SPRINT3/tercerSprint/helpers/verifyProduct.js","statementMap":{"0":{"start":{"line":1,"column":11},"end":{"line":1,"column":40}},"1":{"start":{"line":3,"column":20},"end":{"line":8,"column":1}},"2":{"start":{"line":4,"column":18},"end":{"line":6,"column":6}},"3":{"start":{"line":7,"column":4},"end":{"line":7,"column":75}},"4":{"start":{"line":7,"column":15},"end":{"line":7,"column":75}},"5":{"start":{"line":10,"column":23},"end":{"line":13,"column":1}},"6":{"start":{"line":11,"column":18},"end":{"line":11,"column":86}},"7":{"start":{"line":12,"column":4},"end":{"line":12,"column":63}},"8":{"start":{"line":12,"column":15},"end":{"line":12,"column":63}},"9":{"start":{"line":15,"column":0},"end":{"line":15,"column":49}}},"fnMap":{"0":{"name":"(anonymous_0)","decl":{"start":{"line":3,"column":20},"end":{"line":3,"column":21}},"loc":{"start":{"line":3,"column":37},"end":{"line":8,"column":1}},"line":3},"1":{"name":"(anonymous_1)","decl":{"start":{"line":10,"column":23},"end":{"line":10,"column":24}},"loc":{"start":{"line":10,"column":49},"end":{"line":13,"column":1}},"line":10}},"branchMap":{"0":{"loc":{"start":{"line":7,"column":4},"end":{"line":7,"column":75}},"type":"if","locations":[{"start":{"line":7,"column":4},"end":{"line":7,"column":75}},{"start":{},"end":{}}],"line":7},"1":{"loc":{"start":{"line":12,"column":4},"end":{"line":12,"column":63}},"type":"if","locations":[{"start":{"line":12,"column":4},"end":{"line":12,"column":63}},{"start":{},"end":{}}],"line":12}},"s":{"0":5,"1":5,"2":33,"3":33,"4":1,"5":5,"6":33,"7":33,"8":28,"9":5},"f":{"0":33,"1":33},"b":{"0":[1,32],"1":[28,5]},"_coverageSchema":"1a1c01bbd47fc00a2c39e90264f33305004495a9","hash":"7dc5fca930432ccb9bb7cb08823cbacad6cabde1"}
,"/Users/mateotambascoferreira/Desktop/Bootcamp/SPRINT/SPRINT3/tercerSprint/helpers/verifyUser.js": {"path":"/Users/mateotambascoferreira/Desktop/Bootcamp/SPRINT/SPRINT3/tercerSprint/helpers/verifyUser.js","statementMap":{"0":{"start":{"line":1,"column":11},"end":{"line":1,"column":40}},"1":{"start":{"line":3,"column":20},"end":{"line":10,"column":1}},"2":{"start":{"line":4,"column":17},"end":{"line":6,"column":5}},"3":{"start":{"line":7,"column":3},"end":{"line":9,"column":4}},"4":{"start":{"line":8,"column":6},"end":{"line":8,"column":70}},"5":{"start":{"line":11,"column":23},"end":{"line":18,"column":1}},"6":{"start":{"line":12,"column":17},"end":{"line":14,"column":5}},"7":{"start":{"line":15,"column":3},"end":{"line":17,"column":4}},"8":{"start":{"line":16,"column":6},"end":{"line":16,"column":76}},"9":{"start":{"line":20,"column":0},"end":{"line":20,"column":46}}},"fnMap":{"0":{"name":"(anonymous_0)","decl":{"start":{"line":3,"column":20},"end":{"line":3,"column":21}},"loc":{"start":{"line":3,"column":37},"end":{"line":10,"column":1}},"line":3},"1":{"name":"(anonymous_1)","decl":{"start":{"line":11,"column":23},"end":{"line":11,"column":24}},"loc":{"start":{"line":11,"column":43},"end":{"line":18,"column":1}},"line":11}},"branchMap":{"0":{"loc":{"start":{"line":7,"column":3},"end":{"line":9,"column":4}},"type":"if","locations":[{"start":{"line":7,"column":3},"end":{"line":9,"column":4}},{"start":{},"end":{}}],"line":7},"1":{"loc":{"start":{"line":15,"column":3},"end":{"line":17,"column":4}},"type":"if","locations":[{"start":{"line":15,"column":3},"end":{"line":17,"column":4}},{"start":{},"end":{}}],"line":15}},"s":{"0":5,"1":5,"2":16,"3":14,"4":2,"5":5,"6":15,"7":13,"8":2,"9":5},"f":{"0":16,"1":15},"b":{"0":[2,12],"1":[2,11]},"_coverageSchema":"1a1c01bbd47fc00a2c39e90264f33305004495a9","hash":"ae6d94512511dc64348b743c078c0aa72b226f96"}
}
