{"/Users/matiasvidarte/Desktop/BOOTCAMP/tercerSprint/app.js": {"path":"/Users/matiasvidarte/Desktop/BOOTCAMP/tercerSprint/app.js","statementMap":{"0":{"start":{"line":2,"column":22},"end":{"line":2,"column":50}},"1":{"start":{"line":3,"column":0},"end":{"line":3,"column":27}},"2":{"start":{"line":4,"column":16},"end":{"line":4,"column":34}},"3":{"start":{"line":5,"column":20},"end":{"line":5,"column":54}},"4":{"start":{"line":6,"column":23},"end":{"line":6,"column":59}},"5":{"start":{"line":7,"column":20},"end":{"line":7,"column":55}},"6":{"start":{"line":8,"column":16},"end":{"line":8,"column":59}},"7":{"start":{"line":9,"column":23},"end":{"line":9,"column":61}},"8":{"start":{"line":10,"column":23},"end":{"line":10,"column":61}},"9":{"start":{"line":11,"column":12},"end":{"line":11,"column":21}},"10":{"start":{"line":12,"column":18},"end":{"line":12,"column":47}},"11":{"start":{"line":13,"column":13},"end":{"line":13,"column":30}},"12":{"start":{"line":14,"column":24},"end":{"line":14,"column":51}},"13":{"start":{"line":15,"column":13},"end":{"line":15,"column":28}},"14":{"start":{"line":16,"column":0},"end":{"line":16,"column":24}},"15":{"start":{"line":17,"column":0},"end":{"line":17,"column":68}},"16":{"start":{"line":18,"column":0},"end":{"line":18,"column":16}},"17":{"start":{"line":23,"column":0},"end":{"line":23,"column":38}},"18":{"start":{"line":24,"column":0},"end":{"line":24,"column":44}},"19":{"start":{"line":25,"column":0},"end":{"line":25,"column":38}},"20":{"start":{"line":26,"column":0},"end":{"line":26,"column":44}},"21":{"start":{"line":27,"column":0},"end":{"line":27,"column":46}},"22":{"start":{"line":32,"column":0},"end":{"line":32,"column":33}},"23":{"start":{"line":37,"column":0},"end":{"line":39,"column":2}},"24":{"start":{"line":38,"column":4},"end":{"line":38,"column":52}},"25":{"start":{"line":41,"column":0},"end":{"line":43,"column":2}},"26":{"start":{"line":42,"column":4},"end":{"line":42,"column":52}},"27":{"start":{"line":45,"column":0},"end":{"line":47,"column":2}},"28":{"start":{"line":46,"column":4},"end":{"line":46,"column":52}},"29":{"start":{"line":48,"column":0},"end":{"line":50,"column":2}},"30":{"start":{"line":49,"column":4},"end":{"line":49,"column":52}},"31":{"start":{"line":54,"column":0},"end":{"line":59,"column":1}},"32":{"start":{"line":55,"column":4},"end":{"line":58,"column":10}},"33":{"start":{"line":56,"column":8},"end":{"line":56,"column":51}},"34":{"start":{"line":57,"column":12},"end":{"line":57,"column":47}},"35":{"start":{"line":60,"column":0},"end":{"line":60,"column":23}}},"fnMap":{"0":{"name":"(anonymous_0)","decl":{"start":{"line":37,"column":14},"end":{"line":37,"column":15}},"loc":{"start":{"line":37,"column":25},"end":{"line":39,"column":1}},"line":37},"1":{"name":"(anonymous_1)","decl":{"start":{"line":41,"column":14},"end":{"line":41,"column":15}},"loc":{"start":{"line":41,"column":25},"end":{"line":43,"column":1}},"line":41},"2":{"name":"(anonymous_2)","decl":{"start":{"line":45,"column":15},"end":{"line":45,"column":16}},"loc":{"start":{"line":45,"column":26},"end":{"line":47,"column":1}},"line":45},"3":{"name":"(anonymous_3)","decl":{"start":{"line":48,"column":17},"end":{"line":48,"column":18}},"loc":{"start":{"line":48,"column":28},"end":{"line":50,"column":1}},"line":48},"4":{"name":"(anonymous_4)","decl":{"start":{"line":55,"column":21},"end":{"line":55,"column":22}},"loc":{"start":{"line":55,"column":27},"end":{"line":58,"column":9}},"line":55}},"branchMap":{"0":{"loc":{"start":{"line":54,"column":0},"end":{"line":59,"column":1}},"type":"if","locations":[{"start":{"line":54,"column":0},"end":{"line":59,"column":1}},{"start":{},"end":{}}],"line":54}},"s":{"0":1,"1":1,"2":1,"3":1,"4":1,"5":1,"6":1,"7":1,"8":1,"9":1,"10":1,"11":1,"12":1,"13":1,"14":1,"15":1,"16":1,"17":1,"18":1,"19":1,"20":1,"21":1,"22":1,"23":1,"24":0,"25":1,"26":0,"27":1,"28":0,"29":1,"30":0,"31":1,"32":0,"33":0,"34":0,"35":1},"f":{"0":0,"1":0,"2":0,"3":0,"4":0},"b":{"0":[0,1]},"_coverageSchema":"1a1c01bbd47fc00a2c39e90264f33305004495a9","hash":"0786a58f2461f4a8f272a3b26fa5fbbc5aaa7c59"}
,"/Users/matiasvidarte/Desktop/BOOTCAMP/tercerSprint/api/controllers/cartsControllers.js": {"path":"/Users/matiasvidarte/Desktop/BOOTCAMP/tercerSprint/api/controllers/cartsControllers.js","statementMap":{"0":{"start":{"line":1,"column":11},"end":{"line":1,"column":43}},"1":{"start":{"line":4,"column":17},"end":{"line":27,"column":1}},"2":{"start":{"line":5,"column":4},"end":{"line":26,"column":5}},"3":{"start":{"line":6,"column":25},"end":{"line":6,"column":70}},"4":{"start":{"line":7,"column":24},"end":{"line":7,"column":25}},"5":{"start":{"line":8,"column":8},"end":{"line":23,"column":69}},"6":{"start":{"line":9,"column":31},"end":{"line":13,"column":62}},"7":{"start":{"line":14,"column":36},"end":{"line":16,"column":39}},"8":{"start":{"line":15,"column":40},"end":{"line":15,"column":114}},"9":{"start":{"line":17,"column":35},"end":{"line":17,"column":72}},"10":{"start":{"line":18,"column":16},"end":{"line":21,"column":33}},"11":{"start":{"line":23,"column":13},"end":{"line":23,"column":69}},"12":{"start":{"line":25,"column":8},"end":{"line":25,"column":56}},"13":{"start":{"line":29,"column":19},"end":{"line":98,"column":1}},"14":{"start":{"line":30,"column":4},"end":{"line":97,"column":5}},"15":{"start":{"line":31,"column":25},"end":{"line":31,"column":70}},"16":{"start":{"line":32,"column":8},"end":{"line":94,"column":69}},"17":{"start":{"line":33,"column":31},"end":{"line":33,"column":112}},"18":{"start":{"line":34,"column":12},"end":{"line":40,"column":13}},"19":{"start":{"line":34,"column":25},"end":{"line":34,"column":26}},"20":{"start":{"line":35,"column":30},"end":{"line":35,"column":43}},"21":{"start":{"line":36,"column":38},"end":{"line":36,"column":59}},"22":{"start":{"line":37,"column":30},"end":{"line":37,"column":73}},"23":{"start":{"line":38,"column":25},"end":{"line":38,"column":57}},"24":{"start":{"line":39,"column":16},"end":{"line":39,"column":91}},"25":{"start":{"line":41,"column":12},"end":{"line":41,"column":81}},"26":{"start":{"line":42,"column":32},"end":{"line":42,"column":40}},"27":{"start":{"line":43,"column":29},"end":{"line":43,"column":31}},"28":{"start":{"line":44,"column":34},"end":{"line":44,"column":36}},"29":{"start":{"line":45,"column":27},"end":{"line":45,"column":29}},"30":{"start":{"line":46,"column":36},"end":{"line":46,"column":38}},"31":{"start":{"line":47,"column":27},"end":{"line":47,"column":29}},"32":{"start":{"line":48,"column":28},"end":{"line":48,"column":29}},"33":{"start":{"line":49,"column":12},"end":{"line":79,"column":17}},"34":{"start":{"line":49,"column":25},"end":{"line":49,"column":26}},"35":{"start":{"line":52,"column":16},"end":{"line":78,"column":21}},"36":{"start":{"line":53,"column":20},"end":{"line":77,"column":25}},"37":{"start":{"line":54,"column":38},"end":{"line":54,"column":78}},"38":{"start":{"line":55,"column":24},"end":{"line":55,"column":113}},"39":{"start":{"line":56,"column":24},"end":{"line":56,"column":75}},"40":{"start":{"line":57,"column":24},"end":{"line":57,"column":55}},"41":{"start":{"line":58,"column":24},"end":{"line":58,"column":78}},"42":{"start":{"line":59,"column":24},"end":{"line":59,"column":89}},"43":{"start":{"line":60,"column":24},"end":{"line":60,"column":48}},"44":{"start":{"line":63,"column":28},"end":{"line":76,"column":29}},"45":{"start":{"line":64,"column":51},"end":{"line":64,"column":65}},"46":{"start":{"line":65,"column":32},"end":{"line":65,"column":115}},"47":{"start":{"line":66,"column":32},"end":{"line":66,"column":73}},"48":{"start":{"line":67,"column":32},"end":{"line":67,"column":80}},"49":{"start":{"line":68,"column":32},"end":{"line":68,"column":58}},"50":{"start":{"line":69,"column":32},"end":{"line":69,"column":77}},"51":{"start":{"line":70,"column":32},"end":{"line":70,"column":88}},"52":{"start":{"line":71,"column":32},"end":{"line":71,"column":58}},"53":{"start":{"line":74,"column":32},"end":{"line":74,"column":75}},"54":{"start":{"line":75,"column":32},"end":{"line":75,"column":50}},"55":{"start":{"line":80,"column":31},"end":{"line":80,"column":68}},"56":{"start":{"line":81,"column":33},"end":{"line":81,"column":58}},"57":{"start":{"line":82,"column":12},"end":{"line":82,"column":45}},"58":{"start":{"line":83,"column":12},"end":{"line":92,"column":15}},"59":{"start":{"line":94,"column":13},"end":{"line":94,"column":69}},"60":{"start":{"line":96,"column":8},"end":{"line":96,"column":69}},"61":{"start":{"line":100,"column":0},"end":{"line":103,"column":2}}},"fnMap":{"0":{"name":"(anonymous_0)","decl":{"start":{"line":4,"column":17},"end":{"line":4,"column":18}},"loc":{"start":{"line":4,"column":36},"end":{"line":27,"column":1}},"line":4},"1":{"name":"(anonymous_1)","decl":{"start":{"line":14,"column":61},"end":{"line":14,"column":62}},"loc":{"start":{"line":14,"column":69},"end":{"line":16,"column":37}},"line":14},"2":{"name":"(anonymous_2)","decl":{"start":{"line":29,"column":19},"end":{"line":29,"column":20}},"loc":{"start":{"line":29,"column":38},"end":{"line":98,"column":1}},"line":29}},"branchMap":{"0":{"loc":{"start":{"line":8,"column":8},"end":{"line":23,"column":69}},"type":"if","locations":[{"start":{"line":8,"column":8},"end":{"line":23,"column":69}},{"start":{"line":23,"column":13},"end":{"line":23,"column":69}}],"line":8},"1":{"loc":{"start":{"line":32,"column":8},"end":{"line":94,"column":69}},"type":"if","locations":[{"start":{"line":32,"column":8},"end":{"line":94,"column":69}},{"start":{"line":94,"column":13},"end":{"line":94,"column":69}}],"line":32},"2":{"loc":{"start":{"line":52,"column":16},"end":{"line":78,"column":21}},"type":"if","locations":[{"start":{"line":52,"column":16},"end":{"line":78,"column":21}},{"start":{},"end":{}}],"line":52},"3":{"loc":{"start":{"line":53,"column":20},"end":{"line":77,"column":25}},"type":"if","locations":[{"start":{"line":53,"column":20},"end":{"line":77,"column":25}},{"start":{"line":62,"column":24},"end":{"line":77,"column":25}}],"line":53},"4":{"loc":{"start":{"line":63,"column":28},"end":{"line":76,"column":29}},"type":"if","locations":[{"start":{"line":63,"column":28},"end":{"line":76,"column":29}},{"start":{"line":73,"column":32},"end":{"line":76,"column":29}}],"line":63}},"s":{"0":1,"1":1,"2":0,"3":0,"4":0,"5":0,"6":0,"7":0,"8":0,"9":0,"10":0,"11":0,"12":0,"13":1,"14":0,"15":0,"16":0,"17":0,"18":0,"19":0,"20":0,"21":0,"22":0,"23":0,"24":0,"25":0,"26":0,"27":0,"28":0,"29":0,"30":0,"31":0,"32":0,"33":0,"34":0,"35":0,"36":0,"37":0,"38":0,"39":0,"40":0,"41":0,"42":0,"43":0,"44":0,"45":0,"46":0,"47":0,"48":0,"49":0,"50":0,"51":0,"52":0,"53":0,"54":0,"55":0,"56":0,"57":0,"58":0,"59":0,"60":0,"61":1},"f":{"0":0,"1":0,"2":0},"b":{"0":[0,0],"1":[0,0],"2":[0,0],"3":[0,0],"4":[0,0]},"_coverageSchema":"1a1c01bbd47fc00a2c39e90264f33305004495a9","hash":"3ae899ed33d07836630f215d95ed1e9be4a3559d"}
,"/Users/matiasvidarte/Desktop/BOOTCAMP/tercerSprint/api/controllers/categoryController.js": {"path":"/Users/matiasvidarte/Desktop/BOOTCAMP/tercerSprint/api/controllers/categoryController.js","statementMap":{"0":{"start":{"line":1,"column":11},"end":{"line":1,"column":43}},"1":{"start":{"line":3,"column":21},"end":{"line":10,"column":1}},"2":{"start":{"line":4,"column":4},"end":{"line":9,"column":5}},"3":{"start":{"line":5,"column":25},"end":{"line":5,"column":37}},"4":{"start":{"line":6,"column":8},"end":{"line":6,"column":63}},"5":{"start":{"line":8,"column":8},"end":{"line":8,"column":58}},"6":{"start":{"line":12,"column":22},"end":{"line":19,"column":1}},"7":{"start":{"line":13,"column":4},"end":{"line":18,"column":5}},"8":{"start":{"line":14,"column":25},"end":{"line":14,"column":37}},"9":{"start":{"line":15,"column":8},"end":{"line":15,"column":60}},"10":{"start":{"line":17,"column":8},"end":{"line":17,"column":55}},"11":{"start":{"line":21,"column":23},"end":{"line":29,"column":1}},"12":{"start":{"line":22,"column":4},"end":{"line":28,"column":5}},"13":{"start":{"line":23,"column":21},"end":{"line":23,"column":29}},"14":{"start":{"line":24,"column":28},"end":{"line":24,"column":58}},"15":{"start":{"line":25,"column":8},"end":{"line":25,"column":46}},"16":{"start":{"line":27,"column":8},"end":{"line":27,"column":55}},"17":{"start":{"line":31,"column":27},"end":{"line":42,"column":1}},"18":{"start":{"line":32,"column":4},"end":{"line":41,"column":5}},"19":{"start":{"line":33,"column":19},"end":{"line":33,"column":25}},"20":{"start":{"line":34,"column":29},"end":{"line":34,"column":45}},"21":{"start":{"line":35,"column":8},"end":{"line":37,"column":10}},"22":{"start":{"line":38,"column":8},"end":{"line":38,"column":64}},"23":{"start":{"line":40,"column":8},"end":{"line":40,"column":55}},"24":{"start":{"line":44,"column":21},"end":{"line":54,"column":1}},"25":{"start":{"line":45,"column":4},"end":{"line":53,"column":5}},"26":{"start":{"line":46,"column":21},"end":{"line":46,"column":29}},"27":{"start":{"line":47,"column":19},"end":{"line":47,"column":25}},"28":{"start":{"line":48,"column":8},"end":{"line":48,"column":86}},"29":{"start":{"line":49,"column":29},"end":{"line":49,"column":104}},"30":{"start":{"line":50,"column":8},"end":{"line":50,"column":63}},"31":{"start":{"line":52,"column":8},"end":{"line":52,"column":55}},"32":{"start":{"line":56,"column":0},"end":{"line":62,"column":2}}},"fnMap":{"0":{"name":"(anonymous_0)","decl":{"start":{"line":3,"column":21},"end":{"line":3,"column":22}},"loc":{"start":{"line":3,"column":41},"end":{"line":10,"column":1}},"line":3},"1":{"name":"(anonymous_1)","decl":{"start":{"line":12,"column":22},"end":{"line":12,"column":23}},"loc":{"start":{"line":12,"column":36},"end":{"line":19,"column":1}},"line":12},"2":{"name":"(anonymous_2)","decl":{"start":{"line":21,"column":23},"end":{"line":21,"column":24}},"loc":{"start":{"line":21,"column":43},"end":{"line":29,"column":1}},"line":21},"3":{"name":"(anonymous_3)","decl":{"start":{"line":31,"column":27},"end":{"line":31,"column":28}},"loc":{"start":{"line":31,"column":46},"end":{"line":42,"column":1}},"line":31},"4":{"name":"(anonymous_4)","decl":{"start":{"line":44,"column":21},"end":{"line":44,"column":22}},"loc":{"start":{"line":44,"column":41},"end":{"line":54,"column":1}},"line":44}},"branchMap":{},"s":{"0":1,"1":1,"2":0,"3":0,"4":0,"5":0,"6":1,"7":0,"8":0,"9":0,"10":0,"11":1,"12":0,"13":0,"14":0,"15":0,"16":0,"17":1,"18":0,"19":0,"20":0,"21":0,"22":0,"23":0,"24":1,"25":0,"26":0,"27":0,"28":0,"29":0,"30":0,"31":0,"32":1},"f":{"0":0,"1":0,"2":0,"3":0,"4":0},"b":{},"_coverageSchema":"1a1c01bbd47fc00a2c39e90264f33305004495a9","hash":"4f6973f934ff8682b6e65cc544c8f5149af43b6f"}
,"/Users/matiasvidarte/Desktop/BOOTCAMP/tercerSprint/api/controllers/picturesController.js": {"path":"/Users/matiasvidarte/Desktop/BOOTCAMP/tercerSprint/api/controllers/picturesController.js","statementMap":{"0":{"start":{"line":1,"column":11},"end":{"line":1,"column":43}},"1":{"start":{"line":4,"column":21},"end":{"line":19,"column":1}},"2":{"start":{"line":5,"column":4},"end":{"line":18,"column":5}},"3":{"start":{"line":6,"column":8},"end":{"line":15,"column":13}},"4":{"start":{"line":7,"column":23},"end":{"line":7,"column":36}},"5":{"start":{"line":8,"column":29},"end":{"line":8,"column":83}},"6":{"start":{"line":9,"column":12},"end":{"line":9,"column":157}},"7":{"start":{"line":12,"column":30},"end":{"line":12,"column":39}},"8":{"start":{"line":13,"column":29},"end":{"line":13,"column":88}},"9":{"start":{"line":14,"column":12},"end":{"line":14,"column":148}},"10":{"start":{"line":17,"column":8},"end":{"line":17,"column":78}},"11":{"start":{"line":20,"column":24},"end":{"line":28,"column":1}},"12":{"start":{"line":21,"column":4},"end":{"line":27,"column":5}},"13":{"start":{"line":22,"column":19},"end":{"line":22,"column":32}},"14":{"start":{"line":23,"column":24},"end":{"line":23,"column":53}},"15":{"start":{"line":24,"column":8},"end":{"line":24,"column":112}},"16":{"start":{"line":26,"column":8},"end":{"line":26,"column":52}},"17":{"start":{"line":30,"column":22},"end":{"line":34,"column":1}},"18":{"start":{"line":31,"column":17},"end":{"line":31,"column":25}},"19":{"start":{"line":32,"column":23},"end":{"line":32,"column":52}},"20":{"start":{"line":33,"column":4},"end":{"line":33,"column":50}},"21":{"start":{"line":36,"column":20},"end":{"line":50,"column":1}},"22":{"start":{"line":37,"column":4},"end":{"line":49,"column":5}},"23":{"start":{"line":38,"column":21},"end":{"line":38,"column":29}},"24":{"start":{"line":39,"column":19},"end":{"line":39,"column":32}},"25":{"start":{"line":40,"column":32},"end":{"line":40,"column":61}},"26":{"start":{"line":41,"column":8},"end":{"line":46,"column":62}},"27":{"start":{"line":42,"column":12},"end":{"line":42,"column":69}},"28":{"start":{"line":43,"column":32},"end":{"line":43,"column":61}},"29":{"start":{"line":44,"column":12},"end":{"line":44,"column":95}},"30":{"start":{"line":46,"column":13},"end":{"line":46,"column":62}},"31":{"start":{"line":48,"column":8},"end":{"line":48,"column":55}},"32":{"start":{"line":52,"column":22},"end":{"line":57,"column":1}},"33":{"start":{"line":53,"column":15},"end":{"line":53,"column":36}},"34":{"start":{"line":54,"column":27},"end":{"line":54,"column":38}},"35":{"start":{"line":55,"column":4},"end":{"line":55,"column":56}},"36":{"start":{"line":56,"column":4},"end":{"line":56,"column":59}},"37":{"start":{"line":59,"column":0},"end":{"line":65,"column":1}}},"fnMap":{"0":{"name":"(anonymous_0)","decl":{"start":{"line":4,"column":21},"end":{"line":4,"column":22}},"loc":{"start":{"line":4,"column":40},"end":{"line":19,"column":1}},"line":4},"1":{"name":"(anonymous_1)","decl":{"start":{"line":20,"column":24},"end":{"line":20,"column":25}},"loc":{"start":{"line":20,"column":43},"end":{"line":28,"column":1}},"line":20},"2":{"name":"(anonymous_2)","decl":{"start":{"line":30,"column":22},"end":{"line":30,"column":23}},"loc":{"start":{"line":30,"column":41},"end":{"line":34,"column":1}},"line":30},"3":{"name":"(anonymous_3)","decl":{"start":{"line":36,"column":20},"end":{"line":36,"column":21}},"loc":{"start":{"line":36,"column":39},"end":{"line":50,"column":1}},"line":36},"4":{"name":"(anonymous_4)","decl":{"start":{"line":52,"column":22},"end":{"line":52,"column":23}},"loc":{"start":{"line":52,"column":41},"end":{"line":57,"column":1}},"line":52}},"branchMap":{"0":{"loc":{"start":{"line":6,"column":8},"end":{"line":15,"column":13}},"type":"if","locations":[{"start":{"line":6,"column":8},"end":{"line":15,"column":13}},{"start":{"line":11,"column":12},"end":{"line":15,"column":13}}],"line":6},"1":{"loc":{"start":{"line":9,"column":12},"end":{"line":9,"column":156}},"type":"cond-expr","locations":[{"start":{"line":9,"column":36},"end":{"line":9,"column":78}},{"start":{"line":9,"column":80},"end":{"line":9,"column":156}}],"line":9},"2":{"loc":{"start":{"line":14,"column":12},"end":{"line":14,"column":147}},"type":"cond-expr","locations":[{"start":{"line":14,"column":36},"end":{"line":14,"column":68}},{"start":{"line":14,"column":71},"end":{"line":14,"column":147}}],"line":14},"3":{"loc":{"start":{"line":24,"column":8},"end":{"line":24,"column":111}},"type":"cond-expr","locations":[{"start":{"line":24,"column":20},"end":{"line":24,"column":51}},{"start":{"line":24,"column":54},"end":{"line":24,"column":111}}],"line":24},"4":{"loc":{"start":{"line":41,"column":8},"end":{"line":46,"column":62}},"type":"if","locations":[{"start":{"line":41,"column":8},"end":{"line":46,"column":62}},{"start":{"line":46,"column":13},"end":{"line":46,"column":62}}],"line":41}},"s":{"0":1,"1":1,"2":29,"3":29,"4":10,"5":10,"6":9,"7":19,"8":19,"9":15,"10":5,"11":1,"12":10,"13":10,"14":10,"15":9,"16":1,"17":1,"18":3,"19":3,"20":3,"21":1,"22":7,"23":7,"24":7,"25":7,"26":6,"27":2,"28":2,"29":2,"30":4,"31":1,"32":1,"33":3,"34":3,"35":3,"36":3,"37":1},"f":{"0":29,"1":10,"2":3,"3":7,"4":3},"b":{"0":[10,19],"1":[3,6],"2":[3,12],"3":[3,6],"4":[2,4]},"_coverageSchema":"1a1c01bbd47fc00a2c39e90264f33305004495a9","hash":"4ae0fcc18f7dff4c753fcfee592ad1bc025cd338"}
,"/Users/matiasvidarte/Desktop/BOOTCAMP/tercerSprint/api/controllers/productController.js": {"path":"/Users/matiasvidarte/Desktop/BOOTCAMP/tercerSprint/api/controllers/productController.js","statementMap":{"0":{"start":{"line":2,"column":11},"end":{"line":2,"column":43}},"1":{"start":{"line":3,"column":54},"end":{"line":3,"column":89}},"2":{"start":{"line":7,"column":20},"end":{"line":15,"column":1}},"3":{"start":{"line":8,"column":4},"end":{"line":14,"column":5}},"4":{"start":{"line":9,"column":25},"end":{"line":9,"column":37}},"5":{"start":{"line":10,"column":8},"end":{"line":10,"column":40}},"6":{"start":{"line":11,"column":8},"end":{"line":11,"column":61}},"7":{"start":{"line":13,"column":8},"end":{"line":13,"column":58}},"8":{"start":{"line":17,"column":24},"end":{"line":30,"column":1}},"9":{"start":{"line":18,"column":4},"end":{"line":29,"column":5}},"10":{"start":{"line":19,"column":24},"end":{"line":19,"column":35}},"11":{"start":{"line":20,"column":8},"end":{"line":20,"column":35}},"12":{"start":{"line":21,"column":8},"end":{"line":21,"column":59}},"13":{"start":{"line":23,"column":23},"end":{"line":23,"column":25}},"14":{"start":{"line":24,"column":8},"end":{"line":26,"column":10}},"15":{"start":{"line":25,"column":12},"end":{"line":25,"column":41}},"16":{"start":{"line":27,"column":8},"end":{"line":28,"column":60}},"17":{"start":{"line":27,"column":20},"end":{"line":27,"column":49}},"18":{"start":{"line":28,"column":13},"end":{"line":28,"column":60}},"19":{"start":{"line":32,"column":29},"end":{"line":45,"column":1}},"20":{"start":{"line":33,"column":4},"end":{"line":44,"column":5}},"21":{"start":{"line":34,"column":21},"end":{"line":34,"column":29}},"22":{"start":{"line":35,"column":8},"end":{"line":35,"column":37}},"23":{"start":{"line":36,"column":8},"end":{"line":36,"column":46}},"24":{"start":{"line":38,"column":23},"end":{"line":38,"column":25}},"25":{"start":{"line":39,"column":8},"end":{"line":41,"column":10}},"26":{"start":{"line":40,"column":12},"end":{"line":40,"column":41}},"27":{"start":{"line":42,"column":8},"end":{"line":43,"column":60}},"28":{"start":{"line":42,"column":20},"end":{"line":42,"column":49}},"29":{"start":{"line":43,"column":13},"end":{"line":43,"column":60}},"30":{"start":{"line":47,"column":30},"end":{"line":60,"column":1}},"31":{"start":{"line":48,"column":4},"end":{"line":59,"column":5}},"32":{"start":{"line":49,"column":27},"end":{"line":49,"column":41}},"33":{"start":{"line":50,"column":8},"end":{"line":50,"column":43}},"34":{"start":{"line":51,"column":8},"end":{"line":51,"column":65}},"35":{"start":{"line":53,"column":23},"end":{"line":53,"column":25}},"36":{"start":{"line":54,"column":8},"end":{"line":56,"column":10}},"37":{"start":{"line":55,"column":12},"end":{"line":55,"column":41}},"38":{"start":{"line":57,"column":8},"end":{"line":58,"column":60}},"39":{"start":{"line":57,"column":20},"end":{"line":57,"column":49}},"40":{"start":{"line":58,"column":13},"end":{"line":58,"column":60}},"41":{"start":{"line":62,"column":22},"end":{"line":76,"column":1}},"42":{"start":{"line":63,"column":4},"end":{"line":75,"column":5}},"43":{"start":{"line":64,"column":21},"end":{"line":64,"column":29}},"44":{"start":{"line":65,"column":27},"end":{"line":65,"column":56}},"45":{"start":{"line":66,"column":8},"end":{"line":66,"column":38}},"46":{"start":{"line":67,"column":8},"end":{"line":67,"column":45}},"47":{"start":{"line":69,"column":23},"end":{"line":69,"column":25}},"48":{"start":{"line":70,"column":8},"end":{"line":72,"column":10}},"49":{"start":{"line":71,"column":12},"end":{"line":71,"column":41}},"50":{"start":{"line":73,"column":8},"end":{"line":74,"column":60}},"51":{"start":{"line":73,"column":20},"end":{"line":73,"column":49}},"52":{"start":{"line":74,"column":13},"end":{"line":74,"column":60}},"53":{"start":{"line":78,"column":20},"end":{"line":96,"column":1}},"54":{"start":{"line":79,"column":4},"end":{"line":95,"column":5}},"55":{"start":{"line":80,"column":26},"end":{"line":80,"column":32}},"56":{"start":{"line":81,"column":21},"end":{"line":81,"column":29}},"57":{"start":{"line":82,"column":31},"end":{"line":82,"column":43}},"58":{"start":{"line":83,"column":8},"end":{"line":83,"column":106}},"59":{"start":{"line":84,"column":30},"end":{"line":89,"column":10}},"60":{"start":{"line":91,"column":8},"end":{"line":91,"column":41}},"61":{"start":{"line":92,"column":8},"end":{"line":92,"column":65}},"62":{"start":{"line":94,"column":8},"end":{"line":94,"column":62}},"63":{"start":{"line":98,"column":22},"end":{"line":107,"column":1}},"64":{"start":{"line":99,"column":4},"end":{"line":106,"column":5}},"65":{"start":{"line":100,"column":19},"end":{"line":100,"column":25}},"66":{"start":{"line":101,"column":24},"end":{"line":101,"column":35}},"67":{"start":{"line":102,"column":8},"end":{"line":102,"column":64}},"68":{"start":{"line":103,"column":8},"end":{"line":103,"column":42}},"69":{"start":{"line":105,"column":8},"end":{"line":105,"column":40}},"70":{"start":{"line":109,"column":0},"end":{"line":117,"column":2}}},"fnMap":{"0":{"name":"(anonymous_0)","decl":{"start":{"line":7,"column":20},"end":{"line":7,"column":21}},"loc":{"start":{"line":7,"column":40},"end":{"line":15,"column":1}},"line":7},"1":{"name":"(anonymous_1)","decl":{"start":{"line":17,"column":24},"end":{"line":17,"column":25}},"loc":{"start":{"line":17,"column":44},"end":{"line":30,"column":1}},"line":17},"2":{"name":"(anonymous_2)","decl":{"start":{"line":24,"column":25},"end":{"line":24,"column":26}},"loc":{"start":{"line":24,"column":31},"end":{"line":26,"column":9}},"line":24},"3":{"name":"(anonymous_3)","decl":{"start":{"line":32,"column":29},"end":{"line":32,"column":30}},"loc":{"start":{"line":32,"column":49},"end":{"line":45,"column":1}},"line":32},"4":{"name":"(anonymous_4)","decl":{"start":{"line":39,"column":25},"end":{"line":39,"column":26}},"loc":{"start":{"line":39,"column":31},"end":{"line":41,"column":9}},"line":39},"5":{"name":"(anonymous_5)","decl":{"start":{"line":47,"column":30},"end":{"line":47,"column":31}},"loc":{"start":{"line":47,"column":50},"end":{"line":60,"column":1}},"line":47},"6":{"name":"(anonymous_6)","decl":{"start":{"line":54,"column":25},"end":{"line":54,"column":26}},"loc":{"start":{"line":54,"column":31},"end":{"line":56,"column":9}},"line":54},"7":{"name":"(anonymous_7)","decl":{"start":{"line":62,"column":22},"end":{"line":62,"column":23}},"loc":{"start":{"line":62,"column":42},"end":{"line":76,"column":1}},"line":62},"8":{"name":"(anonymous_8)","decl":{"start":{"line":70,"column":25},"end":{"line":70,"column":26}},"loc":{"start":{"line":70,"column":31},"end":{"line":72,"column":9}},"line":70},"9":{"name":"(anonymous_9)","decl":{"start":{"line":78,"column":20},"end":{"line":78,"column":21}},"loc":{"start":{"line":78,"column":40},"end":{"line":96,"column":1}},"line":78},"10":{"name":"(anonymous_10)","decl":{"start":{"line":98,"column":22},"end":{"line":98,"column":23}},"loc":{"start":{"line":98,"column":42},"end":{"line":107,"column":1}},"line":98}},"branchMap":{"0":{"loc":{"start":{"line":27,"column":8},"end":{"line":28,"column":60}},"type":"if","locations":[{"start":{"line":27,"column":8},"end":{"line":28,"column":60}},{"start":{"line":28,"column":13},"end":{"line":28,"column":60}}],"line":27},"1":{"loc":{"start":{"line":42,"column":8},"end":{"line":43,"column":60}},"type":"if","locations":[{"start":{"line":42,"column":8},"end":{"line":43,"column":60}},{"start":{"line":43,"column":13},"end":{"line":43,"column":60}}],"line":42},"2":{"loc":{"start":{"line":57,"column":8},"end":{"line":58,"column":60}},"type":"if","locations":[{"start":{"line":57,"column":8},"end":{"line":58,"column":60}},{"start":{"line":58,"column":13},"end":{"line":58,"column":60}}],"line":57},"3":{"loc":{"start":{"line":73,"column":8},"end":{"line":74,"column":60}},"type":"if","locations":[{"start":{"line":73,"column":8},"end":{"line":74,"column":60}},{"start":{"line":74,"column":13},"end":{"line":74,"column":60}}],"line":73}},"s":{"0":1,"1":1,"2":1,"3":0,"4":0,"5":0,"6":0,"7":0,"8":1,"9":0,"10":0,"11":0,"12":0,"13":0,"14":0,"15":0,"16":0,"17":0,"18":0,"19":1,"20":0,"21":0,"22":0,"23":0,"24":0,"25":0,"26":0,"27":0,"28":0,"29":0,"30":1,"31":0,"32":0,"33":0,"34":0,"35":0,"36":0,"37":0,"38":0,"39":0,"40":0,"41":1,"42":0,"43":0,"44":0,"45":0,"46":0,"47":0,"48":0,"49":0,"50":0,"51":0,"52":0,"53":1,"54":0,"55":0,"56":0,"57":0,"58":0,"59":0,"60":0,"61":0,"62":0,"63":1,"64":0,"65":0,"66":0,"67":0,"68":0,"69":0,"70":1},"f":{"0":0,"1":0,"2":0,"3":0,"4":0,"5":0,"6":0,"7":0,"8":0,"9":0,"10":0},"b":{"0":[0,0],"1":[0,0],"2":[0,0],"3":[0,0]},"_coverageSchema":"1a1c01bbd47fc00a2c39e90264f33305004495a9","hash":"0de9ac32a01934163d7ec8e690bd768f21508f02"}
,"/Users/matiasvidarte/Desktop/BOOTCAMP/tercerSprint/api/controllers/userController.js": {"path":"/Users/matiasvidarte/Desktop/BOOTCAMP/tercerSprint/api/controllers/userController.js","statementMap":{"0":{"start":{"line":1,"column":11},"end":{"line":1,"column":43}},"1":{"start":{"line":2,"column":15},"end":{"line":2,"column":32}},"2":{"start":{"line":3,"column":12},"end":{"line":3,"column":48}},"3":{"start":{"line":5,"column":14},"end":{"line":35,"column":1}},"4":{"start":{"line":6,"column":4},"end":{"line":34,"column":5}},"5":{"start":{"line":7,"column":27},"end":{"line":7,"column":35}},"6":{"start":{"line":8,"column":27},"end":{"line":13,"column":10}},"7":{"start":{"line":14,"column":8},"end":{"line":31,"column":80}},"8":{"start":{"line":15,"column":35},"end":{"line":15,"column":94}},"9":{"start":{"line":16,"column":12},"end":{"line":29,"column":84}},"10":{"start":{"line":17,"column":49},"end":{"line":17,"column":59}},"11":{"start":{"line":18,"column":28},"end":{"line":18,"column":48}},"12":{"start":{"line":19,"column":16},"end":{"line":27,"column":18}},"13":{"start":{"line":29,"column":17},"end":{"line":29,"column":84}},"14":{"start":{"line":31,"column":13},"end":{"line":31,"column":80}},"15":{"start":{"line":33,"column":8},"end":{"line":33,"column":55}},"16":{"start":{"line":37,"column":18},"end":{"line":49,"column":1}},"17":{"start":{"line":38,"column":4},"end":{"line":48,"column":5}},"18":{"start":{"line":39,"column":22},"end":{"line":43,"column":14}},"19":{"start":{"line":44,"column":8},"end":{"line":45,"column":72}},"20":{"start":{"line":44,"column":28},"end":{"line":44,"column":69}},"21":{"start":{"line":45,"column":13},"end":{"line":45,"column":72}},"22":{"start":{"line":47,"column":8},"end":{"line":47,"column":55}},"23":{"start":{"line":51,"column":21},"end":{"line":57,"column":1}},"24":{"start":{"line":52,"column":4},"end":{"line":56,"column":5}},"25":{"start":{"line":53,"column":8},"end":{"line":53,"column":64}},"26":{"start":{"line":53,"column":21},"end":{"line":53,"column":64}},"27":{"start":{"line":55,"column":8},"end":{"line":55,"column":55}},"28":{"start":{"line":59,"column":19},"end":{"line":71,"column":1}},"29":{"start":{"line":60,"column":4},"end":{"line":70,"column":5}},"30":{"start":{"line":61,"column":34},"end":{"line":61,"column":42}},"31":{"start":{"line":62,"column":21},"end":{"line":62,"column":45}},"32":{"start":{"line":63,"column":8},"end":{"line":63,"column":53}},"33":{"start":{"line":64,"column":8},"end":{"line":64,"column":36}},"34":{"start":{"line":65,"column":21},"end":{"line":65,"column":47}},"35":{"start":{"line":66,"column":8},"end":{"line":66,"column":49}},"36":{"start":{"line":67,"column":8},"end":{"line":67,"column":48}},"37":{"start":{"line":69,"column":8},"end":{"line":69,"column":55}},"38":{"start":{"line":73,"column":21},"end":{"line":88,"column":1}},"39":{"start":{"line":74,"column":4},"end":{"line":87,"column":5}},"40":{"start":{"line":75,"column":34},"end":{"line":75,"column":42}},"41":{"start":{"line":76,"column":8},"end":{"line":80,"column":9}},"42":{"start":{"line":77,"column":25},"end":{"line":77,"column":49}},"43":{"start":{"line":78,"column":12},"end":{"line":78,"column":57}},"44":{"start":{"line":79,"column":12},"end":{"line":79,"column":40}},"45":{"start":{"line":81,"column":8},"end":{"line":81,"column":80}},"46":{"start":{"line":82,"column":25},"end":{"line":82,"column":70}},"47":{"start":{"line":83,"column":8},"end":{"line":83,"column":52}},"48":{"start":{"line":84,"column":8},"end":{"line":84,"column":39}},"49":{"start":{"line":86,"column":8},"end":{"line":86,"column":55}},"50":{"start":{"line":90,"column":23},"end":{"line":102,"column":1}},"51":{"start":{"line":91,"column":4},"end":{"line":101,"column":5}},"52":{"start":{"line":92,"column":12},"end":{"line":98,"column":9}},"53":{"start":{"line":93,"column":44},"end":{"line":93,"column":52}},"54":{"start":{"line":94,"column":12},"end":{"line":96,"column":14}},"55":{"start":{"line":97,"column":12},"end":{"line":97,"column":45}},"56":{"start":{"line":100,"column":8},"end":{"line":100,"column":55}},"57":{"start":{"line":104,"column":0},"end":{"line":111,"column":2}}},"fnMap":{"0":{"name":"(anonymous_0)","decl":{"start":{"line":5,"column":14},"end":{"line":5,"column":15}},"loc":{"start":{"line":5,"column":33},"end":{"line":35,"column":1}},"line":5},"1":{"name":"(anonymous_1)","decl":{"start":{"line":37,"column":18},"end":{"line":37,"column":19}},"loc":{"start":{"line":37,"column":37},"end":{"line":49,"column":1}},"line":37},"2":{"name":"(anonymous_2)","decl":{"start":{"line":51,"column":21},"end":{"line":51,"column":22}},"loc":{"start":{"line":51,"column":40},"end":{"line":57,"column":1}},"line":51},"3":{"name":"(anonymous_3)","decl":{"start":{"line":59,"column":19},"end":{"line":59,"column":20}},"loc":{"start":{"line":59,"column":38},"end":{"line":71,"column":1}},"line":59},"4":{"name":"(anonymous_4)","decl":{"start":{"line":73,"column":21},"end":{"line":73,"column":22}},"loc":{"start":{"line":73,"column":40},"end":{"line":88,"column":1}},"line":73},"5":{"name":"(anonymous_5)","decl":{"start":{"line":90,"column":23},"end":{"line":90,"column":24}},"loc":{"start":{"line":90,"column":42},"end":{"line":102,"column":1}},"line":90}},"branchMap":{"0":{"loc":{"start":{"line":14,"column":8},"end":{"line":31,"column":80}},"type":"if","locations":[{"start":{"line":14,"column":8},"end":{"line":31,"column":80}},{"start":{"line":31,"column":13},"end":{"line":31,"column":80}}],"line":14},"1":{"loc":{"start":{"line":16,"column":12},"end":{"line":29,"column":84}},"type":"if","locations":[{"start":{"line":16,"column":12},"end":{"line":29,"column":84}},{"start":{"line":29,"column":17},"end":{"line":29,"column":84}}],"line":16},"2":{"loc":{"start":{"line":44,"column":8},"end":{"line":45,"column":72}},"type":"if","locations":[{"start":{"line":44,"column":8},"end":{"line":45,"column":72}},{"start":{"line":45,"column":13},"end":{"line":45,"column":72}}],"line":44},"3":{"loc":{"start":{"line":53,"column":8},"end":{"line":53,"column":64}},"type":"if","locations":[{"start":{"line":53,"column":8},"end":{"line":53,"column":64}},{"start":{},"end":{}}],"line":53},"4":{"loc":{"start":{"line":76,"column":8},"end":{"line":80,"column":9}},"type":"if","locations":[{"start":{"line":76,"column":8},"end":{"line":80,"column":9}},{"start":{},"end":{}}],"line":76},"5":{"loc":{"start":{"line":92,"column":12},"end":{"line":98,"column":9}},"type":"if","locations":[{"start":{"line":92,"column":12},"end":{"line":98,"column":9}},{"start":{},"end":{}}],"line":92}},"s":{"0":1,"1":1,"2":1,"3":1,"4":0,"5":0,"6":0,"7":0,"8":0,"9":0,"10":0,"11":0,"12":0,"13":0,"14":0,"15":0,"16":1,"17":0,"18":0,"19":0,"20":0,"21":0,"22":0,"23":1,"24":0,"25":0,"26":0,"27":0,"28":1,"29":0,"30":0,"31":0,"32":0,"33":0,"34":0,"35":0,"36":0,"37":0,"38":1,"39":0,"40":0,"41":0,"42":0,"43":0,"44":0,"45":0,"46":0,"47":0,"48":0,"49":0,"50":1,"51":0,"52":0,"53":0,"54":0,"55":0,"56":0,"57":1},"f":{"0":0,"1":0,"2":0,"3":0,"4":0,"5":0},"b":{"0":[0,0],"1":[0,0],"2":[0,0],"3":[0,0],"4":[0,0],"5":[0,0]},"_coverageSchema":"1a1c01bbd47fc00a2c39e90264f33305004495a9","hash":"64bf39163cc464cccc6a1ccbdbd4c75dde5e60eb"}
,"/Users/matiasvidarte/Desktop/BOOTCAMP/tercerSprint/api/middleware/cartListMiddleware.js": {"path":"/Users/matiasvidarte/Desktop/BOOTCAMP/tercerSprint/api/middleware/cartListMiddleware.js","statementMap":{"0":{"start":{"line":1,"column":27},"end":{"line":8,"column":1}},"1":{"start":{"line":2,"column":15},"end":{"line":2,"column":29}},"2":{"start":{"line":3,"column":13},"end":{"line":3,"column":34}},"3":{"start":{"line":4,"column":15},"end":{"line":4,"column":23}},"4":{"start":{"line":5,"column":4},"end":{"line":5,"column":30}},"5":{"start":{"line":6,"column":4},"end":{"line":6,"column":115}},"6":{"start":{"line":6,"column":42},"end":{"line":6,"column":115}},"7":{"start":{"line":7,"column":4},"end":{"line":7,"column":11}},"8":{"start":{"line":10,"column":0},"end":{"line":10,"column":36}}},"fnMap":{"0":{"name":"(anonymous_0)","decl":{"start":{"line":1,"column":27},"end":{"line":1,"column":28}},"loc":{"start":{"line":1,"column":48},"end":{"line":8,"column":1}},"line":1}},"branchMap":{"0":{"loc":{"start":{"line":6,"column":4},"end":{"line":6,"column":115}},"type":"if","locations":[{"start":{"line":6,"column":4},"end":{"line":6,"column":115}},{"start":{},"end":{}}],"line":6},"1":{"loc":{"start":{"line":6,"column":7},"end":{"line":6,"column":40}},"type":"binary-expr","locations":[{"start":{"line":6,"column":7},"end":{"line":6,"column":23}},{"start":{"line":6,"column":28},"end":{"line":6,"column":39}}],"line":6}},"s":{"0":1,"1":0,"2":0,"3":0,"4":0,"5":0,"6":0,"7":0,"8":1},"f":{"0":0},"b":{"0":[0,0],"1":[0,0]},"_coverageSchema":"1a1c01bbd47fc00a2c39e90264f33305004495a9","hash":"193f9fa62ffc76864e2dce282f2385246a255fa7"}
,"/Users/matiasvidarte/Desktop/BOOTCAMP/tercerSprint/api/middleware/categoryMiddelware.js": {"path":"/Users/matiasvidarte/Desktop/BOOTCAMP/tercerSprint/api/middleware/categoryMiddelware.js","statementMap":{"0":{"start":{"line":1,"column":16},"end":{"line":1,"column":44}},"1":{"start":{"line":2,"column":21},"end":{"line":2,"column":46}},"2":{"start":{"line":3,"column":31},"end":{"line":3,"column":70}},"3":{"start":{"line":4,"column":11},"end":{"line":4,"column":43}},"4":{"start":{"line":6,"column":29},"end":{"line":12,"column":1}},"5":{"start":{"line":10,"column":8},"end":{"line":10,"column":35}},"6":{"start":{"line":14,"column":26},"end":{"line":33,"column":1}},"7":{"start":{"line":15,"column":4},"end":{"line":32,"column":5}},"8":{"start":{"line":16,"column":19},"end":{"line":16,"column":32}},"9":{"start":{"line":17,"column":8},"end":{"line":29,"column":9}},"10":{"start":{"line":18,"column":29},"end":{"line":18,"column":59}},"11":{"start":{"line":19,"column":12},"end":{"line":22,"column":76}},"12":{"start":{"line":20,"column":16},"end":{"line":20,"column":40}},"13":{"start":{"line":21,"column":16},"end":{"line":21,"column":23}},"14":{"start":{"line":22,"column":19},"end":{"line":22,"column":76}},"15":{"start":{"line":24,"column":30},"end":{"line":24,"column":81}},"16":{"start":{"line":25,"column":12},"end":{"line":28,"column":77}},"17":{"start":{"line":26,"column":16},"end":{"line":26,"column":41}},"18":{"start":{"line":27,"column":16},"end":{"line":27,"column":23}},"19":{"start":{"line":28,"column":19},"end":{"line":28,"column":77}},"20":{"start":{"line":31,"column":8},"end":{"line":31,"column":54}},"21":{"start":{"line":35,"column":26},"end":{"line":49,"column":1}},"22":{"start":{"line":36,"column":4},"end":{"line":48,"column":5}},"23":{"start":{"line":37,"column":22},"end":{"line":37,"column":30}},"24":{"start":{"line":38,"column":20},"end":{"line":38,"column":41}},"25":{"start":{"line":39,"column":25},"end":{"line":39,"column":55}},"26":{"start":{"line":40,"column":8},"end":{"line":45,"column":69}},"27":{"start":{"line":41,"column":12},"end":{"line":41,"column":24}},"28":{"start":{"line":42,"column":12},"end":{"line":42,"column":28}},"29":{"start":{"line":43,"column":12},"end":{"line":43,"column":19}},"30":{"start":{"line":45,"column":13},"end":{"line":45,"column":69}},"31":{"start":{"line":47,"column":8},"end":{"line":47,"column":54}},"32":{"start":{"line":51,"column":28},"end":{"line":70,"column":1}},"33":{"start":{"line":52,"column":4},"end":{"line":69,"column":5}},"34":{"start":{"line":55,"column":19},"end":{"line":55,"column":40}},"35":{"start":{"line":56,"column":8},"end":{"line":58,"column":10}},"36":{"start":{"line":59,"column":8},"end":{"line":66,"column":106}},"37":{"start":{"line":60,"column":12},"end":{"line":65,"column":81}},"38":{"start":{"line":61,"column":55},"end":{"line":61,"column":71}},"39":{"start":{"line":62,"column":16},"end":{"line":62,"column":48}},"40":{"start":{"line":63,"column":16},"end":{"line":63,"column":28}},"41":{"start":{"line":64,"column":16},"end":{"line":64,"column":23}},"42":{"start":{"line":65,"column":18},"end":{"line":65,"column":81}},"43":{"start":{"line":66,"column":14},"end":{"line":66,"column":106}},"44":{"start":{"line":68,"column":8},"end":{"line":68,"column":55}},"45":{"start":{"line":72,"column":0},"end":{"line":77,"column":2}}},"fnMap":{"0":{"name":"(anonymous_0)","decl":{"start":{"line":9,"column":4},"end":{"line":9,"column":5}},"loc":{"start":{"line":9,"column":22},"end":{"line":11,"column":5}},"line":9},"1":{"name":"(anonymous_1)","decl":{"start":{"line":14,"column":26},"end":{"line":14,"column":27}},"loc":{"start":{"line":14,"column":51},"end":{"line":33,"column":1}},"line":14},"2":{"name":"(anonymous_2)","decl":{"start":{"line":35,"column":26},"end":{"line":35,"column":27}},"loc":{"start":{"line":35,"column":50},"end":{"line":49,"column":1}},"line":35},"3":{"name":"(anonymous_3)","decl":{"start":{"line":51,"column":28},"end":{"line":51,"column":29}},"loc":{"start":{"line":51,"column":52},"end":{"line":70,"column":1}},"line":51}},"branchMap":{"0":{"loc":{"start":{"line":17,"column":8},"end":{"line":29,"column":9}},"type":"if","locations":[{"start":{"line":17,"column":8},"end":{"line":29,"column":9}},{"start":{"line":23,"column":14},"end":{"line":29,"column":9}}],"line":17},"1":{"loc":{"start":{"line":19,"column":12},"end":{"line":22,"column":76}},"type":"if","locations":[{"start":{"line":19,"column":12},"end":{"line":22,"column":76}},{"start":{"line":22,"column":19},"end":{"line":22,"column":76}}],"line":19},"2":{"loc":{"start":{"line":25,"column":12},"end":{"line":28,"column":77}},"type":"if","locations":[{"start":{"line":25,"column":12},"end":{"line":28,"column":77}},{"start":{"line":28,"column":19},"end":{"line":28,"column":77}}],"line":25},"3":{"loc":{"start":{"line":40,"column":8},"end":{"line":45,"column":69}},"type":"if","locations":[{"start":{"line":40,"column":8},"end":{"line":45,"column":69}},{"start":{"line":45,"column":13},"end":{"line":45,"column":69}}],"line":40},"4":{"loc":{"start":{"line":59,"column":8},"end":{"line":66,"column":106}},"type":"if","locations":[{"start":{"line":59,"column":8},"end":{"line":66,"column":106}},{"start":{"line":66,"column":14},"end":{"line":66,"column":106}}],"line":59},"5":{"loc":{"start":{"line":60,"column":12},"end":{"line":65,"column":81}},"type":"if","locations":[{"start":{"line":60,"column":12},"end":{"line":65,"column":81}},{"start":{"line":65,"column":18},"end":{"line":65,"column":81}}],"line":60}},"s":{"0":1,"1":1,"2":1,"3":1,"4":1,"5":0,"6":1,"7":0,"8":0,"9":0,"10":0,"11":0,"12":0,"13":0,"14":0,"15":0,"16":0,"17":0,"18":0,"19":0,"20":0,"21":1,"22":0,"23":0,"24":0,"25":0,"26":0,"27":0,"28":0,"29":0,"30":0,"31":0,"32":1,"33":0,"34":0,"35":0,"36":0,"37":0,"38":0,"39":0,"40":0,"41":0,"42":0,"43":0,"44":0,"45":1},"f":{"0":0,"1":0,"2":0,"3":0},"b":{"0":[0,0],"1":[0,0],"2":[0,0],"3":[0,0],"4":[0,0],"5":[0,0]},"_coverageSchema":"1a1c01bbd47fc00a2c39e90264f33305004495a9","hash":"71759cfefca29de463e1afa784cf8b0733a615eb"}
,"/Users/matiasvidarte/Desktop/BOOTCAMP/tercerSprint/api/middleware/handleErrors.js": {"path":"/Users/matiasvidarte/Desktop/BOOTCAMP/tercerSprint/api/middleware/handleErrors.js","statementMap":{"0":{"start":{"line":1,"column":29},"end":{"line":1,"column":57}},"1":{"start":{"line":3,"column":21},"end":{"line":9,"column":1}},"2":{"start":{"line":4,"column":18},"end":{"line":4,"column":39}},"3":{"start":{"line":5,"column":3},"end":{"line":7,"column":4}},"4":{"start":{"line":6,"column":6},"end":{"line":6,"column":42}},"5":{"start":{"line":8,"column":3},"end":{"line":8,"column":10}},"6":{"start":{"line":11,"column":0},"end":{"line":11,"column":30}}},"fnMap":{"0":{"name":"(anonymous_0)","decl":{"start":{"line":3,"column":21},"end":{"line":3,"column":22}},"loc":{"start":{"line":3,"column":41},"end":{"line":9,"column":1}},"line":3}},"branchMap":{"0":{"loc":{"start":{"line":5,"column":3},"end":{"line":7,"column":4}},"type":"if","locations":[{"start":{"line":5,"column":3},"end":{"line":7,"column":4}},{"start":{},"end":{}}],"line":5}},"s":{"0":1,"1":1,"2":22,"3":22,"4":12,"5":10,"6":1},"f":{"0":22},"b":{"0":[12,10]},"_coverageSchema":"1a1c01bbd47fc00a2c39e90264f33305004495a9","hash":"9cdc64f8c34667297c0c4c32733f4eb97d679832"}
,"/Users/matiasvidarte/Desktop/BOOTCAMP/tercerSprint/api/middleware/picturesMiddelware.js": {"path":"/Users/matiasvidarte/Desktop/BOOTCAMP/tercerSprint/api/middleware/picturesMiddelware.js","statementMap":{"0":{"start":{"line":1,"column":11},"end":{"line":1,"column":43}},"1":{"start":{"line":2,"column":22},"end":{"line":2,"column":50}},"2":{"start":{"line":3,"column":21},"end":{"line":3,"column":46}},"3":{"start":{"line":4,"column":67},"end":{"line":4,"column":105}},"4":{"start":{"line":7,"column":28},"end":{"line":15,"column":1}},"5":{"start":{"line":13,"column":8},"end":{"line":13,"column":35}},"6":{"start":{"line":17,"column":26},"end":{"line":23,"column":1}},"7":{"start":{"line":21,"column":8},"end":{"line":21,"column":35}},"8":{"start":{"line":25,"column":27},"end":{"line":37,"column":1}},"9":{"start":{"line":26,"column":4},"end":{"line":36,"column":5}},"10":{"start":{"line":27,"column":24},"end":{"line":27,"column":72}},"11":{"start":{"line":28,"column":8},"end":{"line":32,"column":61}},"12":{"start":{"line":29,"column":12},"end":{"line":29,"column":34}},"13":{"start":{"line":30,"column":12},"end":{"line":30,"column":19}},"14":{"start":{"line":32,"column":13},"end":{"line":32,"column":61}},"15":{"start":{"line":35,"column":8},"end":{"line":35,"column":52}},"16":{"start":{"line":39,"column":30},"end":{"line":43,"column":1}},"17":{"start":{"line":40,"column":15},"end":{"line":40,"column":23}},"18":{"start":{"line":41,"column":4},"end":{"line":42,"column":16}},"19":{"start":{"line":41,"column":24},"end":{"line":41,"column":89}},"20":{"start":{"line":42,"column":9},"end":{"line":42,"column":16}},"21":{"start":{"line":45,"column":0},"end":{"line":50,"column":2}}},"fnMap":{"0":{"name":"(anonymous_0)","decl":{"start":{"line":12,"column":4},"end":{"line":12,"column":5}},"loc":{"start":{"line":12,"column":22},"end":{"line":14,"column":5}},"line":12},"1":{"name":"(anonymous_1)","decl":{"start":{"line":20,"column":4},"end":{"line":20,"column":5}},"loc":{"start":{"line":20,"column":22},"end":{"line":22,"column":5}},"line":20},"2":{"name":"(anonymous_2)","decl":{"start":{"line":25,"column":27},"end":{"line":25,"column":28}},"loc":{"start":{"line":25,"column":50},"end":{"line":37,"column":1}},"line":25},"3":{"name":"(anonymous_3)","decl":{"start":{"line":39,"column":30},"end":{"line":39,"column":31}},"loc":{"start":{"line":39,"column":48},"end":{"line":43,"column":1}},"line":39}},"branchMap":{"0":{"loc":{"start":{"line":28,"column":8},"end":{"line":32,"column":61}},"type":"if","locations":[{"start":{"line":28,"column":8},"end":{"line":32,"column":61}},{"start":{"line":32,"column":13},"end":{"line":32,"column":61}}],"line":28},"1":{"loc":{"start":{"line":41,"column":4},"end":{"line":42,"column":16}},"type":"if","locations":[{"start":{"line":41,"column":4},"end":{"line":42,"column":16}},{"start":{"line":42,"column":9},"end":{"line":42,"column":16}}],"line":41}},"s":{"0":1,"1":1,"2":1,"3":1,"4":1,"5":11,"6":1,"7":11,"8":1,"9":8,"10":8,"11":5,"12":3,"13":3,"14":2,"15":3,"16":1,"17":33,"18":33,"19":3,"20":30,"21":1},"f":{"0":11,"1":11,"2":8,"3":33},"b":{"0":[3,2],"1":[3,30]},"_coverageSchema":"1a1c01bbd47fc00a2c39e90264f33305004495a9","hash":"5a4ee503776f5b0ee380e85cfbd2580d514eed01"}
,"/Users/matiasvidarte/Desktop/BOOTCAMP/tercerSprint/api/middleware/productMiddleware.js": {"path":"/Users/matiasvidarte/Desktop/BOOTCAMP/tercerSprint/api/middleware/productMiddleware.js","statementMap":{"0":{"start":{"line":1,"column":11},"end":{"line":1,"column":43}},"1":{"start":{"line":2,"column":16},"end":{"line":2,"column":44}},"2":{"start":{"line":3,"column":21},"end":{"line":3,"column":46}},"3":{"start":{"line":4,"column":40},"end":{"line":4,"column":78}},"4":{"start":{"line":5,"column":11},"end":{"line":5,"column":26}},"5":{"start":{"line":7,"column":21},"end":{"line":19,"column":1}},"6":{"start":{"line":17,"column":8},"end":{"line":17,"column":35}},"7":{"start":{"line":21,"column":19},"end":{"line":31,"column":1}},"8":{"start":{"line":29,"column":8},"end":{"line":29,"column":35}},"9":{"start":{"line":33,"column":31},"end":{"line":57,"column":1}},"10":{"start":{"line":34,"column":19},"end":{"line":34,"column":23}},"11":{"start":{"line":35,"column":23},"end":{"line":35,"column":32}},"12":{"start":{"line":36,"column":4},"end":{"line":52,"column":5}},"13":{"start":{"line":37,"column":8},"end":{"line":43,"column":11}},"14":{"start":{"line":45,"column":8},"end":{"line":51,"column":11}},"15":{"start":{"line":53,"column":4},"end":{"line":56,"column":66}},"16":{"start":{"line":54,"column":8},"end":{"line":54,"column":32}},"17":{"start":{"line":55,"column":8},"end":{"line":55,"column":15}},"18":{"start":{"line":56,"column":11},"end":{"line":56,"column":66}},"19":{"start":{"line":59,"column":35},"end":{"line":70,"column":1}},"20":{"start":{"line":60,"column":20},"end":{"line":65,"column":6}},"21":{"start":{"line":66,"column":4},"end":{"line":69,"column":67}},"22":{"start":{"line":67,"column":8},"end":{"line":67,"column":30}},"23":{"start":{"line":68,"column":8},"end":{"line":68,"column":15}},"24":{"start":{"line":69,"column":11},"end":{"line":69,"column":67}},"25":{"start":{"line":72,"column":38},"end":{"line":86,"column":1}},"26":{"start":{"line":73,"column":16},"end":{"line":73,"column":27}},"27":{"start":{"line":74,"column":17},"end":{"line":81,"column":6}},"28":{"start":{"line":82,"column":4},"end":{"line":85,"column":83}},"29":{"start":{"line":83,"column":8},"end":{"line":83,"column":24}},"30":{"start":{"line":84,"column":8},"end":{"line":84,"column":15}},"31":{"start":{"line":85,"column":11},"end":{"line":85,"column":83}},"32":{"start":{"line":88,"column":41},"end":{"line":101,"column":1}},"33":{"start":{"line":89,"column":23},"end":{"line":96,"column":6}},"34":{"start":{"line":97,"column":4},"end":{"line":100,"column":72}},"35":{"start":{"line":98,"column":8},"end":{"line":98,"column":36}},"36":{"start":{"line":99,"column":8},"end":{"line":99,"column":15}},"37":{"start":{"line":100,"column":11},"end":{"line":100,"column":72}},"38":{"start":{"line":103,"column":31},"end":{"line":117,"column":1}},"39":{"start":{"line":104,"column":40},"end":{"line":104,"column":48}},"40":{"start":{"line":105,"column":26},"end":{"line":105,"column":36}},"41":{"start":{"line":106,"column":19},"end":{"line":106,"column":23}},"42":{"start":{"line":107,"column":20},"end":{"line":107,"column":64}},"43":{"start":{"line":108,"column":4},"end":{"line":109,"column":35}},"44":{"start":{"line":108,"column":26},"end":{"line":108,"column":60}},"45":{"start":{"line":109,"column":9},"end":{"line":109,"column":35}},"46":{"start":{"line":110,"column":4},"end":{"line":116,"column":71}},"47":{"start":{"line":111,"column":8},"end":{"line":111,"column":24}},"48":{"start":{"line":112,"column":8},"end":{"line":112,"column":27}},"49":{"start":{"line":113,"column":8},"end":{"line":113,"column":31}},"50":{"start":{"line":114,"column":8},"end":{"line":114,"column":15}},"51":{"start":{"line":116,"column":9},"end":{"line":116,"column":71}},"52":{"start":{"line":119,"column":33},"end":{"line":133,"column":1}},"53":{"start":{"line":120,"column":15},"end":{"line":120,"column":36}},"54":{"start":{"line":121,"column":20},"end":{"line":121,"column":62}},"55":{"start":{"line":122,"column":26},"end":{"line":122,"column":103}},"56":{"start":{"line":123,"column":4},"end":{"line":132,"column":67}},"57":{"start":{"line":124,"column":8},"end":{"line":131,"column":114}},"58":{"start":{"line":125,"column":41},"end":{"line":125,"column":123}},"59":{"start":{"line":126,"column":12},"end":{"line":130,"column":121}},"60":{"start":{"line":127,"column":16},"end":{"line":127,"column":28}},"61":{"start":{"line":128,"column":16},"end":{"line":128,"column":38}},"62":{"start":{"line":129,"column":16},"end":{"line":129,"column":23}},"63":{"start":{"line":130,"column":19},"end":{"line":130,"column":121}},"64":{"start":{"line":131,"column":15},"end":{"line":131,"column":114}},"65":{"start":{"line":132,"column":11},"end":{"line":132,"column":67}},"66":{"start":{"line":135,"column":31},"end":{"line":143,"column":1}},"67":{"start":{"line":136,"column":4},"end":{"line":142,"column":5}},"68":{"start":{"line":137,"column":19},"end":{"line":137,"column":27}},"69":{"start":{"line":138,"column":8},"end":{"line":139,"column":20}},"70":{"start":{"line":138,"column":29},"end":{"line":138,"column":110}},"71":{"start":{"line":139,"column":13},"end":{"line":139,"column":20}},"72":{"start":{"line":141,"column":8},"end":{"line":141,"column":52}},"73":{"start":{"line":145,"column":23},"end":{"line":153,"column":1}},"74":{"start":{"line":146,"column":4},"end":{"line":152,"column":5}},"75":{"start":{"line":147,"column":19},"end":{"line":147,"column":27}},"76":{"start":{"line":148,"column":8},"end":{"line":149,"column":20}},"77":{"start":{"line":148,"column":28},"end":{"line":148,"column":99}},"78":{"start":{"line":149,"column":13},"end":{"line":149,"column":20}},"79":{"start":{"line":151,"column":8},"end":{"line":151,"column":52}},"80":{"start":{"line":155,"column":0},"end":{"line":166,"column":2}}},"fnMap":{"0":{"name":"(anonymous_0)","decl":{"start":{"line":16,"column":4},"end":{"line":16,"column":5}},"loc":{"start":{"line":16,"column":22},"end":{"line":18,"column":5}},"line":16},"1":{"name":"(anonymous_1)","decl":{"start":{"line":28,"column":4},"end":{"line":28,"column":5}},"loc":{"start":{"line":28,"column":22},"end":{"line":30,"column":5}},"line":28},"2":{"name":"(anonymous_2)","decl":{"start":{"line":33,"column":31},"end":{"line":33,"column":32}},"loc":{"start":{"line":33,"column":55},"end":{"line":57,"column":1}},"line":33},"3":{"name":"(anonymous_3)","decl":{"start":{"line":59,"column":35},"end":{"line":59,"column":36}},"loc":{"start":{"line":59,"column":59},"end":{"line":70,"column":1}},"line":59},"4":{"name":"(anonymous_4)","decl":{"start":{"line":72,"column":38},"end":{"line":72,"column":39}},"loc":{"start":{"line":72,"column":62},"end":{"line":86,"column":1}},"line":72},"5":{"name":"(anonymous_5)","decl":{"start":{"line":88,"column":41},"end":{"line":88,"column":42}},"loc":{"start":{"line":88,"column":65},"end":{"line":101,"column":1}},"line":88},"6":{"name":"(anonymous_6)","decl":{"start":{"line":103,"column":31},"end":{"line":103,"column":32}},"loc":{"start":{"line":103,"column":55},"end":{"line":117,"column":1}},"line":103},"7":{"name":"(anonymous_7)","decl":{"start":{"line":119,"column":33},"end":{"line":119,"column":34}},"loc":{"start":{"line":119,"column":57},"end":{"line":133,"column":1}},"line":119},"8":{"name":"(anonymous_8)","decl":{"start":{"line":135,"column":31},"end":{"line":135,"column":32}},"loc":{"start":{"line":135,"column":49},"end":{"line":143,"column":1}},"line":135},"9":{"name":"(anonymous_9)","decl":{"start":{"line":145,"column":23},"end":{"line":145,"column":24}},"loc":{"start":{"line":145,"column":41},"end":{"line":153,"column":1}},"line":145}},"branchMap":{"0":{"loc":{"start":{"line":36,"column":4},"end":{"line":52,"column":5}},"type":"if","locations":[{"start":{"line":36,"column":4},"end":{"line":52,"column":5}},{"start":{"line":44,"column":9},"end":{"line":52,"column":5}}],"line":36},"1":{"loc":{"start":{"line":53,"column":4},"end":{"line":56,"column":66}},"type":"if","locations":[{"start":{"line":53,"column":4},"end":{"line":56,"column":66}},{"start":{"line":56,"column":11},"end":{"line":56,"column":66}}],"line":53},"2":{"loc":{"start":{"line":66,"column":4},"end":{"line":69,"column":67}},"type":"if","locations":[{"start":{"line":66,"column":4},"end":{"line":69,"column":67}},{"start":{"line":69,"column":11},"end":{"line":69,"column":67}}],"line":66},"3":{"loc":{"start":{"line":82,"column":4},"end":{"line":85,"column":83}},"type":"if","locations":[{"start":{"line":82,"column":4},"end":{"line":85,"column":83}},{"start":{"line":85,"column":11},"end":{"line":85,"column":83}}],"line":82},"4":{"loc":{"start":{"line":97,"column":4},"end":{"line":100,"column":72}},"type":"if","locations":[{"start":{"line":97,"column":4},"end":{"line":100,"column":72}},{"start":{"line":100,"column":11},"end":{"line":100,"column":72}}],"line":97},"5":{"loc":{"start":{"line":108,"column":4},"end":{"line":109,"column":35}},"type":"if","locations":[{"start":{"line":108,"column":4},"end":{"line":109,"column":35}},{"start":{"line":109,"column":9},"end":{"line":109,"column":35}}],"line":108},"6":{"loc":{"start":{"line":110,"column":4},"end":{"line":116,"column":71}},"type":"if","locations":[{"start":{"line":110,"column":4},"end":{"line":116,"column":71}},{"start":{"line":116,"column":9},"end":{"line":116,"column":71}}],"line":110},"7":{"loc":{"start":{"line":123,"column":4},"end":{"line":132,"column":67}},"type":"if","locations":[{"start":{"line":123,"column":4},"end":{"line":132,"column":67}},{"start":{"line":132,"column":11},"end":{"line":132,"column":67}}],"line":123},"8":{"loc":{"start":{"line":124,"column":8},"end":{"line":131,"column":114}},"type":"if","locations":[{"start":{"line":124,"column":8},"end":{"line":131,"column":114}},{"start":{"line":131,"column":15},"end":{"line":131,"column":114}}],"line":124},"9":{"loc":{"start":{"line":126,"column":12},"end":{"line":130,"column":121}},"type":"if","locations":[{"start":{"line":126,"column":12},"end":{"line":130,"column":121}},{"start":{"line":130,"column":19},"end":{"line":130,"column":121}}],"line":126},"10":{"loc":{"start":{"line":138,"column":8},"end":{"line":139,"column":20}},"type":"if","locations":[{"start":{"line":138,"column":8},"end":{"line":139,"column":20}},{"start":{"line":139,"column":13},"end":{"line":139,"column":20}}],"line":138},"11":{"loc":{"start":{"line":148,"column":8},"end":{"line":149,"column":20}},"type":"if","locations":[{"start":{"line":148,"column":8},"end":{"line":149,"column":20}},{"start":{"line":149,"column":13},"end":{"line":149,"column":20}}],"line":148}},"s":{"0":1,"1":1,"2":1,"3":1,"4":1,"5":1,"6":0,"7":1,"8":0,"9":1,"10":0,"11":0,"12":0,"13":0,"14":0,"15":0,"16":0,"17":0,"18":0,"19":1,"20":0,"21":0,"22":0,"23":0,"24":0,"25":1,"26":0,"27":0,"28":0,"29":0,"30":0,"31":0,"32":1,"33":0,"34":0,"35":0,"36":0,"37":0,"38":1,"39":0,"40":0,"41":0,"42":0,"43":0,"44":0,"45":0,"46":0,"47":0,"48":0,"49":0,"50":0,"51":0,"52":1,"53":0,"54":0,"55":0,"56":0,"57":0,"58":0,"59":0,"60":0,"61":0,"62":0,"63":0,"64":0,"65":0,"66":1,"67":0,"68":0,"69":0,"70":0,"71":0,"72":0,"73":1,"74":0,"75":0,"76":0,"77":0,"78":0,"79":0,"80":1},"f":{"0":0,"1":0,"2":0,"3":0,"4":0,"5":0,"6":0,"7":0,"8":0,"9":0},"b":{"0":[0,0],"1":[0,0],"2":[0,0],"3":[0,0],"4":[0,0],"5":[0,0],"6":[0,0],"7":[0,0],"8":[0,0],"9":[0,0],"10":[0,0],"11":[0,0]},"_coverageSchema":"1a1c01bbd47fc00a2c39e90264f33305004495a9","hash":"1aabbfded893cdd350c53d542523e653c8786eca"}
,"/Users/matiasvidarte/Desktop/BOOTCAMP/tercerSprint/api/middleware/userMiddleware.js": {"path":"/Users/matiasvidarte/Desktop/BOOTCAMP/tercerSprint/api/middleware/userMiddleware.js","statementMap":{"0":{"start":{"line":1,"column":18},"end":{"line":1,"column":46}},"1":{"start":{"line":2,"column":21},"end":{"line":2,"column":49}},"2":{"start":{"line":3,"column":38},"end":{"line":3,"column":73}},"3":{"start":{"line":4,"column":11},"end":{"line":4,"column":43}},"4":{"start":{"line":6,"column":29},"end":{"line":17,"column":5}},"5":{"start":{"line":15,"column":12},"end":{"line":15,"column":39}},"6":{"start":{"line":19,"column":27},"end":{"line":30,"column":5}},"7":{"start":{"line":28,"column":12},"end":{"line":28,"column":39}},"8":{"start":{"line":32,"column":23},"end":{"line":48,"column":5}},"9":{"start":{"line":33,"column":8},"end":{"line":47,"column":9}},"10":{"start":{"line":34,"column":30},"end":{"line":39,"column":28}},"11":{"start":{"line":40,"column":12},"end":{"line":44,"column":69}},"12":{"start":{"line":41,"column":16},"end":{"line":41,"column":48}},"13":{"start":{"line":42,"column":16},"end":{"line":42,"column":23}},"14":{"start":{"line":44,"column":17},"end":{"line":44,"column":69}},"15":{"start":{"line":46,"column":12},"end":{"line":46,"column":56}},"16":{"start":{"line":50,"column":23},"end":{"line":56,"column":1}},"17":{"start":{"line":51,"column":15},"end":{"line":51,"column":29}},"18":{"start":{"line":52,"column":13},"end":{"line":52,"column":34}},"19":{"start":{"line":53,"column":15},"end":{"line":53,"column":37}},"20":{"start":{"line":54,"column":4},"end":{"line":54,"column":107}},"21":{"start":{"line":54,"column":43},"end":{"line":54,"column":107}},"22":{"start":{"line":55,"column":4},"end":{"line":55,"column":11}},"23":{"start":{"line":58,"column":23},"end":{"line":64,"column":1}},"24":{"start":{"line":59,"column":15},"end":{"line":59,"column":29}},"25":{"start":{"line":60,"column":13},"end":{"line":60,"column":34}},"26":{"start":{"line":61,"column":15},"end":{"line":61,"column":37}},"27":{"start":{"line":62,"column":4},"end":{"line":62,"column":147}},"28":{"start":{"line":62,"column":84},"end":{"line":62,"column":147}},"29":{"start":{"line":63,"column":4},"end":{"line":63,"column":11}},"30":{"start":{"line":66,"column":0},"end":{"line":72,"column":2}}},"fnMap":{"0":{"name":"(anonymous_0)","decl":{"start":{"line":14,"column":8},"end":{"line":14,"column":9}},"loc":{"start":{"line":14,"column":26},"end":{"line":16,"column":9}},"line":14},"1":{"name":"(anonymous_1)","decl":{"start":{"line":27,"column":8},"end":{"line":27,"column":9}},"loc":{"start":{"line":27,"column":26},"end":{"line":29,"column":9}},"line":27},"2":{"name":"(anonymous_2)","decl":{"start":{"line":32,"column":23},"end":{"line":32,"column":24}},"loc":{"start":{"line":32,"column":47},"end":{"line":48,"column":5}},"line":32},"3":{"name":"(anonymous_3)","decl":{"start":{"line":50,"column":23},"end":{"line":50,"column":24}},"loc":{"start":{"line":50,"column":44},"end":{"line":56,"column":1}},"line":50},"4":{"name":"(anonymous_4)","decl":{"start":{"line":58,"column":23},"end":{"line":58,"column":24}},"loc":{"start":{"line":58,"column":44},"end":{"line":64,"column":1}},"line":58}},"branchMap":{"0":{"loc":{"start":{"line":40,"column":12},"end":{"line":44,"column":69}},"type":"if","locations":[{"start":{"line":40,"column":12},"end":{"line":44,"column":69}},{"start":{"line":44,"column":17},"end":{"line":44,"column":69}}],"line":40},"1":{"loc":{"start":{"line":54,"column":4},"end":{"line":54,"column":107}},"type":"if","locations":[{"start":{"line":54,"column":4},"end":{"line":54,"column":107}},{"start":{},"end":{}}],"line":54},"2":{"loc":{"start":{"line":54,"column":8},"end":{"line":54,"column":41}},"type":"binary-expr","locations":[{"start":{"line":54,"column":8},"end":{"line":54,"column":24}},{"start":{"line":54,"column":29},"end":{"line":54,"column":40}}],"line":54},"3":{"loc":{"start":{"line":62,"column":4},"end":{"line":62,"column":147}},"type":"if","locations":[{"start":{"line":62,"column":4},"end":{"line":62,"column":147}},{"start":{},"end":{}}],"line":62},"4":{"loc":{"start":{"line":62,"column":7},"end":{"line":62,"column":82}},"type":"binary-expr","locations":[{"start":{"line":62,"column":8},"end":{"line":62,"column":24}},{"start":{"line":62,"column":29},"end":{"line":62,"column":40}},{"start":{"line":62,"column":48},"end":{"line":62,"column":64}},{"start":{"line":62,"column":69},"end":{"line":62,"column":80}}],"line":62}},"s":{"0":1,"1":1,"2":1,"3":1,"4":1,"5":0,"6":1,"7":0,"8":1,"9":0,"10":0,"11":0,"12":0,"13":0,"14":0,"15":0,"16":1,"17":0,"18":0,"19":0,"20":0,"21":0,"22":0,"23":1,"24":0,"25":0,"26":0,"27":0,"28":0,"29":0,"30":1},"f":{"0":0,"1":0,"2":0,"3":0,"4":0},"b":{"0":[0,0],"1":[0,0],"2":[0,0],"3":[0,0],"4":[0,0,0,0]},"_coverageSchema":"1a1c01bbd47fc00a2c39e90264f33305004495a9","hash":"bcfa988e1e518657650d58618673df05f324fba2"}
,"/Users/matiasvidarte/Desktop/BOOTCAMP/tercerSprint/api/middleware/verifyJWT.js": {"path":"/Users/matiasvidarte/Desktop/BOOTCAMP/tercerSprint/api/middleware/verifyJWT.js","statementMap":{"0":{"start":{"line":1,"column":12},"end":{"line":1,"column":35}},"1":{"start":{"line":3,"column":18},"end":{"line":20,"column":1}},"2":{"start":{"line":4,"column":4},"end":{"line":19,"column":5}},"3":{"start":{"line":5,"column":21},"end":{"line":5,"column":46}},"4":{"start":{"line":6,"column":20},"end":{"line":6,"column":39}},"5":{"start":{"line":7,"column":8},"end":{"line":8,"column":62}},"6":{"start":{"line":7,"column":24},"end":{"line":7,"column":87}},"7":{"start":{"line":8,"column":13},"end":{"line":8,"column":62}},"8":{"start":{"line":9,"column":22},"end":{"line":9,"column":28}},"9":{"start":{"line":10,"column":24},"end":{"line":10,"column":63}},"10":{"start":{"line":11,"column":8},"end":{"line":11,"column":32}},"11":{"start":{"line":12,"column":8},"end":{"line":12,"column":33}},"12":{"start":{"line":13,"column":8},"end":{"line":13,"column":15}},"13":{"start":{"line":15,"column":8},"end":{"line":18,"column":10}},"14":{"start":{"line":22,"column":0},"end":{"line":22,"column":27}}},"fnMap":{"0":{"name":"(anonymous_0)","decl":{"start":{"line":3,"column":18},"end":{"line":3,"column":19}},"loc":{"start":{"line":3,"column":38},"end":{"line":20,"column":1}},"line":3}},"branchMap":{"0":{"loc":{"start":{"line":7,"column":8},"end":{"line":8,"column":62}},"type":"if","locations":[{"start":{"line":7,"column":8},"end":{"line":8,"column":62}},{"start":{"line":8,"column":13},"end":{"line":8,"column":62}}],"line":7}},"s":{"0":1,"1":1,"2":72,"3":72,"4":72,"5":72,"6":0,"7":72,"8":72,"9":72,"10":72,"11":72,"12":72,"13":0,"14":1},"f":{"0":72},"b":{"0":[0,72]},"_coverageSchema":"1a1c01bbd47fc00a2c39e90264f33305004495a9","hash":"93fdfbdd50354b990a8bf386570680a3eb69db75"}
,"/Users/matiasvidarte/Desktop/BOOTCAMP/tercerSprint/api/routes/cartsRoutes.js": {"path":"/Users/matiasvidarte/Desktop/BOOTCAMP/tercerSprint/api/routes/cartsRoutes.js","statementMap":{"0":{"start":{"line":1,"column":16},"end":{"line":1,"column":34}},"1":{"start":{"line":2,"column":15},"end":{"line":2,"column":31}},"2":{"start":{"line":3,"column":31},"end":{"line":3,"column":73}},"3":{"start":{"line":4,"column":27},"end":{"line":4,"column":70}},"4":{"start":{"line":5,"column":27},"end":{"line":5,"column":66}},"5":{"start":{"line":6,"column":18},"end":{"line":6,"column":52}},"6":{"start":{"line":9,"column":0},"end":{"line":9,"column":60}},"7":{"start":{"line":10,"column":0},"end":{"line":10,"column":59}},"8":{"start":{"line":15,"column":0},"end":{"line":17,"column":2}},"9":{"start":{"line":16,"column":4},"end":{"line":16,"column":52}},"10":{"start":{"line":19,"column":0},"end":{"line":21,"column":2}},"11":{"start":{"line":20,"column":4},"end":{"line":20,"column":52}},"12":{"start":{"line":23,"column":0},"end":{"line":25,"column":2}},"13":{"start":{"line":24,"column":4},"end":{"line":24,"column":52}},"14":{"start":{"line":26,"column":0},"end":{"line":28,"column":2}},"15":{"start":{"line":27,"column":4},"end":{"line":27,"column":52}},"16":{"start":{"line":30,"column":0},"end":{"line":30,"column":24}}},"fnMap":{"0":{"name":"(anonymous_0)","decl":{"start":{"line":15,"column":17},"end":{"line":15,"column":18}},"loc":{"start":{"line":15,"column":28},"end":{"line":17,"column":1}},"line":15},"1":{"name":"(anonymous_1)","decl":{"start":{"line":19,"column":17},"end":{"line":19,"column":18}},"loc":{"start":{"line":19,"column":28},"end":{"line":21,"column":1}},"line":19},"2":{"name":"(anonymous_2)","decl":{"start":{"line":23,"column":18},"end":{"line":23,"column":19}},"loc":{"start":{"line":23,"column":29},"end":{"line":25,"column":1}},"line":23},"3":{"name":"(anonymous_3)","decl":{"start":{"line":26,"column":20},"end":{"line":26,"column":21}},"loc":{"start":{"line":26,"column":31},"end":{"line":28,"column":1}},"line":26}},"branchMap":{},"s":{"0":1,"1":1,"2":1,"3":1,"4":1,"5":1,"6":1,"7":1,"8":1,"9":0,"10":1,"11":0,"12":1,"13":0,"14":1,"15":0,"16":1},"f":{"0":0,"1":0,"2":0,"3":0},"b":{},"_coverageSchema":"1a1c01bbd47fc00a2c39e90264f33305004495a9","hash":"62ec9bd2978c3c704a10b49554461a39c243f59c"}
,"/Users/matiasvidarte/Desktop/BOOTCAMP/tercerSprint/api/routes/categoryRoutes.js": {"path":"/Users/matiasvidarte/Desktop/BOOTCAMP/tercerSprint/api/routes/categoryRoutes.js","statementMap":{"0":{"start":{"line":1,"column":16},"end":{"line":1,"column":34}},"1":{"start":{"line":2,"column":91},"end":{"line":2,"column":135}},"2":{"start":{"line":3,"column":90},"end":{"line":3,"column":133}},"3":{"start":{"line":4,"column":32},"end":{"line":4,"column":75}},"4":{"start":{"line":5,"column":19},"end":{"line":5,"column":53}},"5":{"start":{"line":6,"column":15},"end":{"line":6,"column":31}},"6":{"start":{"line":10,"column":0},"end":{"line":10,"column":59}},"7":{"start":{"line":11,"column":0},"end":{"line":11,"column":65}},"8":{"start":{"line":12,"column":0},"end":{"line":12,"column":89}},"9":{"start":{"line":13,"column":0},"end":{"line":13,"column":98}},"10":{"start":{"line":14,"column":0},"end":{"line":14,"column":86}},"11":{"start":{"line":17,"column":0},"end":{"line":19,"column":2}},"12":{"start":{"line":18,"column":4},"end":{"line":18,"column":52}},"13":{"start":{"line":21,"column":0},"end":{"line":23,"column":2}},"14":{"start":{"line":22,"column":4},"end":{"line":22,"column":52}},"15":{"start":{"line":25,"column":0},"end":{"line":27,"column":2}},"16":{"start":{"line":26,"column":4},"end":{"line":26,"column":52}},"17":{"start":{"line":28,"column":0},"end":{"line":30,"column":2}},"18":{"start":{"line":29,"column":4},"end":{"line":29,"column":52}},"19":{"start":{"line":32,"column":0},"end":{"line":32,"column":24}}},"fnMap":{"0":{"name":"(anonymous_0)","decl":{"start":{"line":17,"column":17},"end":{"line":17,"column":18}},"loc":{"start":{"line":17,"column":28},"end":{"line":19,"column":1}},"line":17},"1":{"name":"(anonymous_1)","decl":{"start":{"line":21,"column":17},"end":{"line":21,"column":18}},"loc":{"start":{"line":21,"column":28},"end":{"line":23,"column":1}},"line":21},"2":{"name":"(anonymous_2)","decl":{"start":{"line":25,"column":18},"end":{"line":25,"column":19}},"loc":{"start":{"line":25,"column":29},"end":{"line":27,"column":1}},"line":25},"3":{"name":"(anonymous_3)","decl":{"start":{"line":28,"column":20},"end":{"line":28,"column":21}},"loc":{"start":{"line":28,"column":31},"end":{"line":30,"column":1}},"line":28}},"branchMap":{},"s":{"0":1,"1":1,"2":1,"3":1,"4":1,"5":1,"6":1,"7":1,"8":1,"9":1,"10":1,"11":1,"12":0,"13":1,"14":0,"15":1,"16":0,"17":1,"18":0,"19":1},"f":{"0":0,"1":0,"2":0,"3":0},"b":{},"_coverageSchema":"1a1c01bbd47fc00a2c39e90264f33305004495a9","hash":"a7405a2f674c0f01e113e633742328481e7b8ee0"}
,"/Users/matiasvidarte/Desktop/BOOTCAMP/tercerSprint/api/routes/picturesRoutes.js": {"path":"/Users/matiasvidarte/Desktop/BOOTCAMP/tercerSprint/api/routes/picturesRoutes.js","statementMap":{"0":{"start":{"line":1,"column":16},"end":{"line":1,"column":34}},"1":{"start":{"line":2,"column":19},"end":{"line":2,"column":53}},"2":{"start":{"line":3,"column":83},"end":{"line":3,"column":127}},"3":{"start":{"line":4,"column":94},"end":{"line":4,"column":137}},"4":{"start":{"line":5,"column":15},"end":{"line":5,"column":31}},"5":{"start":{"line":8,"column":0},"end":{"line":8,"column":41}},"6":{"start":{"line":9,"column":0},"end":{"line":9,"column":47}},"7":{"start":{"line":10,"column":0},"end":{"line":10,"column":87}},"8":{"start":{"line":11,"column":0},"end":{"line":11,"column":84}},"9":{"start":{"line":12,"column":0},"end":{"line":12,"column":90}},"10":{"start":{"line":16,"column":0},"end":{"line":18,"column":2}},"11":{"start":{"line":17,"column":4},"end":{"line":17,"column":52}},"12":{"start":{"line":20,"column":0},"end":{"line":22,"column":2}},"13":{"start":{"line":21,"column":4},"end":{"line":21,"column":52}},"14":{"start":{"line":24,"column":0},"end":{"line":26,"column":2}},"15":{"start":{"line":25,"column":4},"end":{"line":25,"column":52}},"16":{"start":{"line":27,"column":0},"end":{"line":29,"column":2}},"17":{"start":{"line":28,"column":4},"end":{"line":28,"column":52}},"18":{"start":{"line":31,"column":0},"end":{"line":31,"column":24}}},"fnMap":{"0":{"name":"(anonymous_0)","decl":{"start":{"line":16,"column":17},"end":{"line":16,"column":18}},"loc":{"start":{"line":16,"column":28},"end":{"line":18,"column":1}},"line":16},"1":{"name":"(anonymous_1)","decl":{"start":{"line":20,"column":17},"end":{"line":20,"column":18}},"loc":{"start":{"line":20,"column":28},"end":{"line":22,"column":1}},"line":20},"2":{"name":"(anonymous_2)","decl":{"start":{"line":24,"column":18},"end":{"line":24,"column":19}},"loc":{"start":{"line":24,"column":29},"end":{"line":26,"column":1}},"line":24},"3":{"name":"(anonymous_3)","decl":{"start":{"line":27,"column":20},"end":{"line":27,"column":21}},"loc":{"start":{"line":27,"column":31},"end":{"line":29,"column":1}},"line":27}},"branchMap":{},"s":{"0":1,"1":1,"2":1,"3":1,"4":1,"5":1,"6":1,"7":1,"8":1,"9":1,"10":1,"11":1,"12":1,"13":1,"14":1,"15":1,"16":1,"17":1,"18":1},"f":{"0":1,"1":1,"2":1,"3":1},"b":{},"_coverageSchema":"1a1c01bbd47fc00a2c39e90264f33305004495a9","hash":"fb84daa684055cb32f9af056f08514d798e1373e"}
,"/Users/matiasvidarte/Desktop/BOOTCAMP/tercerSprint/api/routes/productRoute.js": {"path":"/Users/matiasvidarte/Desktop/BOOTCAMP/tercerSprint/api/routes/productRoute.js","statementMap":{"0":{"start":{"line":1,"column":16},"end":{"line":1,"column":34}},"1":{"start":{"line":2,"column":126},"end":{"line":2,"column":169}},"2":{"start":{"line":3,"column":18},"end":{"line":3,"column":52}},"3":{"start":{"line":4,"column":241},"end":{"line":4,"column":283}},"4":{"start":{"line":5,"column":25},"end":{"line":5,"column":69}},"5":{"start":{"line":6,"column":15},"end":{"line":6,"column":31}},"6":{"start":{"line":9,"column":0},"end":{"line":9,"column":63}},"7":{"start":{"line":10,"column":0},"end":{"line":10,"column":86}},"8":{"start":{"line":11,"column":0},"end":{"line":11,"column":93}},"9":{"start":{"line":12,"column":0},"end":{"line":12,"column":53}},"10":{"start":{"line":13,"column":0},"end":{"line":13,"column":75}},"11":{"start":{"line":14,"column":0},"end":{"line":14,"column":80}},"12":{"start":{"line":15,"column":0},"end":{"line":15,"column":101}},"13":{"start":{"line":16,"column":0},"end":{"line":16,"column":97}},"14":{"start":{"line":19,"column":0},"end":{"line":21,"column":2}},"15":{"start":{"line":20,"column":4},"end":{"line":20,"column":52}},"16":{"start":{"line":23,"column":0},"end":{"line":25,"column":2}},"17":{"start":{"line":24,"column":4},"end":{"line":24,"column":52}},"18":{"start":{"line":27,"column":0},"end":{"line":29,"column":2}},"19":{"start":{"line":28,"column":4},"end":{"line":28,"column":52}},"20":{"start":{"line":30,"column":0},"end":{"line":32,"column":2}},"21":{"start":{"line":31,"column":4},"end":{"line":31,"column":52}},"22":{"start":{"line":34,"column":0},"end":{"line":34,"column":24}}},"fnMap":{"0":{"name":"(anonymous_0)","decl":{"start":{"line":19,"column":17},"end":{"line":19,"column":18}},"loc":{"start":{"line":19,"column":28},"end":{"line":21,"column":1}},"line":19},"1":{"name":"(anonymous_1)","decl":{"start":{"line":23,"column":17},"end":{"line":23,"column":18}},"loc":{"start":{"line":23,"column":28},"end":{"line":25,"column":1}},"line":23},"2":{"name":"(anonymous_2)","decl":{"start":{"line":27,"column":18},"end":{"line":27,"column":19}},"loc":{"start":{"line":27,"column":29},"end":{"line":29,"column":1}},"line":27},"3":{"name":"(anonymous_3)","decl":{"start":{"line":30,"column":20},"end":{"line":30,"column":21}},"loc":{"start":{"line":30,"column":31},"end":{"line":32,"column":1}},"line":30}},"branchMap":{},"s":{"0":1,"1":1,"2":1,"3":1,"4":1,"5":1,"6":1,"7":1,"8":1,"9":1,"10":1,"11":1,"12":1,"13":1,"14":1,"15":1,"16":1,"17":0,"18":1,"19":0,"20":1,"21":0,"22":1},"f":{"0":1,"1":0,"2":0,"3":0},"b":{},"_coverageSchema":"1a1c01bbd47fc00a2c39e90264f33305004495a9","hash":"42ffa47102a40664b37425b791371a6b43065e85"}
,"/Users/matiasvidarte/Desktop/BOOTCAMP/tercerSprint/api/routes/userRoutes.js": {"path":"/Users/matiasvidarte/Desktop/BOOTCAMP/tercerSprint/api/routes/userRoutes.js","statementMap":{"0":{"start":{"line":1,"column":16},"end":{"line":1,"column":34}},"1":{"start":{"line":2,"column":15},"end":{"line":2,"column":31}},"2":{"start":{"line":3,"column":83},"end":{"line":3,"column":123}},"3":{"start":{"line":4,"column":18},"end":{"line":4,"column":52}},"4":{"start":{"line":5,"column":88},"end":{"line":5,"column":127}},"5":{"start":{"line":6,"column":33},"end":{"line":6,"column":75}},"6":{"start":{"line":10,"column":0},"end":{"line":10,"column":54}},"7":{"start":{"line":11,"column":0},"end":{"line":11,"column":72}},"8":{"start":{"line":12,"column":0},"end":{"line":12,"column":47}},"9":{"start":{"line":13,"column":0},"end":{"line":13,"column":88}},"10":{"start":{"line":14,"column":0},"end":{"line":14,"column":77}},"11":{"start":{"line":15,"column":0},"end":{"line":15,"column":29}},"12":{"start":{"line":19,"column":0},"end":{"line":19,"column":62}},"13":{"start":{"line":20,"column":0},"end":{"line":20,"column":63}},"14":{"start":{"line":24,"column":0},"end":{"line":26,"column":2}},"15":{"start":{"line":25,"column":4},"end":{"line":25,"column":52}},"16":{"start":{"line":28,"column":0},"end":{"line":30,"column":2}},"17":{"start":{"line":29,"column":4},"end":{"line":29,"column":52}},"18":{"start":{"line":32,"column":0},"end":{"line":34,"column":2}},"19":{"start":{"line":33,"column":4},"end":{"line":33,"column":52}},"20":{"start":{"line":35,"column":0},"end":{"line":37,"column":2}},"21":{"start":{"line":36,"column":4},"end":{"line":36,"column":52}},"22":{"start":{"line":39,"column":0},"end":{"line":39,"column":24}}},"fnMap":{"0":{"name":"(anonymous_0)","decl":{"start":{"line":24,"column":17},"end":{"line":24,"column":18}},"loc":{"start":{"line":24,"column":28},"end":{"line":26,"column":1}},"line":24},"1":{"name":"(anonymous_1)","decl":{"start":{"line":28,"column":17},"end":{"line":28,"column":18}},"loc":{"start":{"line":28,"column":28},"end":{"line":30,"column":1}},"line":28},"2":{"name":"(anonymous_2)","decl":{"start":{"line":32,"column":18},"end":{"line":32,"column":19}},"loc":{"start":{"line":32,"column":29},"end":{"line":34,"column":1}},"line":32},"3":{"name":"(anonymous_3)","decl":{"start":{"line":35,"column":20},"end":{"line":35,"column":21}},"loc":{"start":{"line":35,"column":31},"end":{"line":37,"column":1}},"line":35}},"branchMap":{},"s":{"0":1,"1":1,"2":1,"3":1,"4":1,"5":1,"6":1,"7":1,"8":1,"9":1,"10":1,"11":1,"12":1,"13":1,"14":1,"15":0,"16":1,"17":0,"18":1,"19":0,"20":1,"21":0,"22":1},"f":{"0":0,"1":0,"2":0,"3":0},"b":{},"_coverageSchema":"1a1c01bbd47fc00a2c39e90264f33305004495a9","hash":"c5f5b29b3ad822d88d70571b21389923ca093689"}
,"/Users/matiasvidarte/Desktop/BOOTCAMP/tercerSprint/database/config/config.js": {"path":"/Users/matiasvidarte/Desktop/BOOTCAMP/tercerSprint/database/config/config.js","statementMap":{"0":{"start":{"line":1,"column":0},"end":{"line":27,"column":1}}},"fnMap":{},"branchMap":{},"s":{"0":1},"f":{},"b":{},"_coverageSchema":"1a1c01bbd47fc00a2c39e90264f33305004495a9","hash":"63ad1c320c8e849c9c76c7776b5773d4c54ce91f"}
,"/Users/matiasvidarte/Desktop/BOOTCAMP/tercerSprint/database/models/Cart.js": {"path":"/Users/matiasvidarte/Desktop/BOOTCAMP/tercerSprint/database/models/Cart.js","statementMap":{"0":{"start":{"line":1,"column":13},"end":{"line":1,"column":30}},"1":{"start":{"line":3,"column":0},"end":{"line":30,"column":1}},"2":{"start":{"line":4,"column":18},"end":{"line":4,"column":24}},"3":{"start":{"line":6,"column":19},"end":{"line":19,"column":5}},"4":{"start":{"line":21,"column":19},"end":{"line":25,"column":5}},"5":{"start":{"line":27,"column":17},"end":{"line":27,"column":54}},"6":{"start":{"line":29,"column":4},"end":{"line":29,"column":16}}},"fnMap":{"0":{"name":"(anonymous_0)","decl":{"start":{"line":3,"column":17},"end":{"line":3,"column":18}},"loc":{"start":{"line":3,"column":43},"end":{"line":30,"column":1}},"line":3}},"branchMap":{},"s":{"0":1,"1":1,"2":1,"3":1,"4":1,"5":1,"6":1},"f":{"0":1},"b":{},"_coverageSchema":"1a1c01bbd47fc00a2c39e90264f33305004495a9","hash":"bed1a6a8caf0bf485677cbf3f3ca7cc88ee4beb1"}
,"/Users/matiasvidarte/Desktop/BOOTCAMP/tercerSprint/database/models/Category.js": {"path":"/Users/matiasvidarte/Desktop/BOOTCAMP/tercerSprint/database/models/Category.js","statementMap":{"0":{"start":{"line":1,"column":0},"end":{"line":37,"column":1}},"1":{"start":{"line":2,"column":18},"end":{"line":2,"column":28}},"2":{"start":{"line":4,"column":19},"end":{"line":16,"column":5}},"3":{"start":{"line":18,"column":19},"end":{"line":23,"column":9}},"4":{"start":{"line":25,"column":21},"end":{"line":25,"column":58}},"5":{"start":{"line":27,"column":8},"end":{"line":34,"column":9}},"6":{"start":{"line":28,"column":12},"end":{"line":33,"column":14}},"7":{"start":{"line":36,"column":4},"end":{"line":36,"column":20}}},"fnMap":{"0":{"name":"(anonymous_0)","decl":{"start":{"line":1,"column":17},"end":{"line":1,"column":18}},"loc":{"start":{"line":1,"column":43},"end":{"line":37,"column":1}},"line":1},"1":{"name":"(anonymous_1)","decl":{"start":{"line":27,"column":29},"end":{"line":27,"column":30}},"loc":{"start":{"line":27,"column":41},"end":{"line":34,"column":9}},"line":27}},"branchMap":{},"s":{"0":1,"1":1,"2":1,"3":1,"4":1,"5":1,"6":1,"7":1},"f":{"0":1,"1":1},"b":{},"_coverageSchema":"1a1c01bbd47fc00a2c39e90264f33305004495a9","hash":"9a5a4323dfe8de211c8b9ee276189d087c4ffb7e"}
,"/Users/matiasvidarte/Desktop/BOOTCAMP/tercerSprint/database/models/Picture.js": {"path":"/Users/matiasvidarte/Desktop/BOOTCAMP/tercerSprint/database/models/Picture.js","statementMap":{"0":{"start":{"line":2,"column":0},"end":{"line":44,"column":1}},"1":{"start":{"line":4,"column":18},"end":{"line":4,"column":27}},"2":{"start":{"line":6,"column":19},"end":{"line":25,"column":5}},"3":{"start":{"line":27,"column":17},"end":{"line":32,"column":5}},"4":{"start":{"line":34,"column":20},"end":{"line":34,"column":59}},"5":{"start":{"line":36,"column":4},"end":{"line":41,"column":5}},"6":{"start":{"line":37,"column":8},"end":{"line":40,"column":10}},"7":{"start":{"line":43,"column":4},"end":{"line":43,"column":19}}},"fnMap":{"0":{"name":"(anonymous_0)","decl":{"start":{"line":2,"column":17},"end":{"line":2,"column":18}},"loc":{"start":{"line":2,"column":43},"end":{"line":44,"column":1}},"line":2},"1":{"name":"(anonymous_1)","decl":{"start":{"line":36,"column":24},"end":{"line":36,"column":25}},"loc":{"start":{"line":36,"column":36},"end":{"line":41,"column":5}},"line":36}},"branchMap":{},"s":{"0":1,"1":1,"2":1,"3":1,"4":1,"5":1,"6":1,"7":1},"f":{"0":1,"1":1},"b":{},"_coverageSchema":"1a1c01bbd47fc00a2c39e90264f33305004495a9","hash":"e3d4a2dd48fb3996f84bac9a0d3e268e42839206"}
,"/Users/matiasvidarte/Desktop/BOOTCAMP/tercerSprint/database/models/Product.js": {"path":"/Users/matiasvidarte/Desktop/BOOTCAMP/tercerSprint/database/models/Product.js","statementMap":{"0":{"start":{"line":2,"column":0},"end":{"line":63,"column":1}},"1":{"start":{"line":3,"column":18},"end":{"line":3,"column":27}},"2":{"start":{"line":5,"column":19},"end":{"line":31,"column":5}},"3":{"start":{"line":33,"column":17},"end":{"line":38,"column":5}},"4":{"start":{"line":40,"column":20},"end":{"line":40,"column":59}},"5":{"start":{"line":42,"column":4},"end":{"line":61,"column":5}},"6":{"start":{"line":43,"column":8},"end":{"line":46,"column":10}},"7":{"start":{"line":47,"column":8},"end":{"line":54,"column":10}},"8":{"start":{"line":55,"column":8},"end":{"line":60,"column":10}},"9":{"start":{"line":62,"column":4},"end":{"line":62,"column":19}}},"fnMap":{"0":{"name":"(anonymous_0)","decl":{"start":{"line":2,"column":17},"end":{"line":2,"column":18}},"loc":{"start":{"line":2,"column":43},"end":{"line":63,"column":1}},"line":2},"1":{"name":"(anonymous_1)","decl":{"start":{"line":42,"column":24},"end":{"line":42,"column":25}},"loc":{"start":{"line":42,"column":36},"end":{"line":61,"column":5}},"line":42}},"branchMap":{},"s":{"0":1,"1":1,"2":1,"3":1,"4":1,"5":1,"6":1,"7":1,"8":1,"9":1},"f":{"0":1,"1":1},"b":{},"_coverageSchema":"1a1c01bbd47fc00a2c39e90264f33305004495a9","hash":"8d77beb6fed89fde0c8755655a357017962937e1"}
,"/Users/matiasvidarte/Desktop/BOOTCAMP/tercerSprint/database/models/User.js": {"path":"/Users/matiasvidarte/Desktop/BOOTCAMP/tercerSprint/database/models/User.js","statementMap":{"0":{"start":{"line":1,"column":0},"end":{"line":66,"column":1}},"1":{"start":{"line":2,"column":16},"end":{"line":2,"column":22}},"2":{"start":{"line":4,"column":15},"end":{"line":42,"column":5}},"3":{"start":{"line":44,"column":17},"end":{"line":49,"column":5}},"4":{"start":{"line":51,"column":17},"end":{"line":51,"column":52}},"5":{"start":{"line":53,"column":4},"end":{"line":63,"column":5}},"6":{"start":{"line":55,"column":8},"end":{"line":62,"column":10}},"7":{"start":{"line":65,"column":4},"end":{"line":65,"column":16}}},"fnMap":{"0":{"name":"(anonymous_0)","decl":{"start":{"line":1,"column":17},"end":{"line":1,"column":18}},"loc":{"start":{"line":1,"column":43},"end":{"line":66,"column":1}},"line":1},"1":{"name":"(anonymous_1)","decl":{"start":{"line":53,"column":21},"end":{"line":53,"column":22}},"loc":{"start":{"line":53,"column":33},"end":{"line":63,"column":5}},"line":53}},"branchMap":{},"s":{"0":1,"1":1,"2":1,"3":1,"4":1,"5":1,"6":1,"7":1},"f":{"0":1,"1":1},"b":{},"_coverageSchema":"1a1c01bbd47fc00a2c39e90264f33305004495a9","hash":"c1dd88addea00c12f7f5ea01a341b0adce47a1c4"}
,"/Users/matiasvidarte/Desktop/BOOTCAMP/tercerSprint/database/models/index.js": {"path":"/Users/matiasvidarte/Desktop/BOOTCAMP/tercerSprint/database/models/index.js","statementMap":{"0":{"start":{"line":3,"column":11},"end":{"line":3,"column":24}},"1":{"start":{"line":4,"column":13},"end":{"line":4,"column":28}},"2":{"start":{"line":5,"column":18},"end":{"line":5,"column":38}},"3":{"start":{"line":6,"column":17},"end":{"line":6,"column":42}},"4":{"start":{"line":7,"column":12},"end":{"line":7,"column":49}},"5":{"start":{"line":8,"column":15},"end":{"line":8,"column":63}},"6":{"start":{"line":9,"column":11},"end":{"line":9,"column":13}},"7":{"start":{"line":12,"column":0},"end":{"line":16,"column":1}},"8":{"start":{"line":13,"column":2},"end":{"line":13,"column":74}},"9":{"start":{"line":15,"column":2},"end":{"line":15,"column":87}},"10":{"start":{"line":18,"column":0},"end":{"line":26,"column":5}},"11":{"start":{"line":21,"column":4},"end":{"line":21,"column":90}},"12":{"start":{"line":24,"column":18},"end":{"line":24,"column":85}},"13":{"start":{"line":25,"column":4},"end":{"line":25,"column":27}},"14":{"start":{"line":28,"column":0},"end":{"line":32,"column":3}},"15":{"start":{"line":29,"column":2},"end":{"line":31,"column":3}},"16":{"start":{"line":30,"column":4},"end":{"line":30,"column":32}},"17":{"start":{"line":34,"column":0},"end":{"line":34,"column":25}},"18":{"start":{"line":35,"column":0},"end":{"line":35,"column":25}},"19":{"start":{"line":37,"column":0},"end":{"line":37,"column":20}}},"fnMap":{"0":{"name":"(anonymous_0)","decl":{"start":{"line":20,"column":10},"end":{"line":20,"column":11}},"loc":{"start":{"line":20,"column":18},"end":{"line":22,"column":3}},"line":20},"1":{"name":"(anonymous_1)","decl":{"start":{"line":23,"column":11},"end":{"line":23,"column":12}},"loc":{"start":{"line":23,"column":19},"end":{"line":26,"column":3}},"line":23},"2":{"name":"(anonymous_2)","decl":{"start":{"line":28,"column":24},"end":{"line":28,"column":25}},"loc":{"start":{"line":28,"column":37},"end":{"line":32,"column":1}},"line":28}},"branchMap":{"0":{"loc":{"start":{"line":7,"column":12},"end":{"line":7,"column":49}},"type":"binary-expr","locations":[{"start":{"line":7,"column":12},"end":{"line":7,"column":32}},{"start":{"line":7,"column":36},"end":{"line":7,"column":49}}],"line":7},"1":{"loc":{"start":{"line":12,"column":0},"end":{"line":16,"column":1}},"type":"if","locations":[{"start":{"line":12,"column":0},"end":{"line":16,"column":1}},{"start":{"line":14,"column":7},"end":{"line":16,"column":1}}],"line":12},"2":{"loc":{"start":{"line":21,"column":11},"end":{"line":21,"column":89}},"type":"binary-expr","locations":[{"start":{"line":21,"column":12},"end":{"line":21,"column":35}},{"start":{"line":21,"column":41},"end":{"line":21,"column":58}},{"start":{"line":21,"column":64},"end":{"line":21,"column":88}}],"line":21},"3":{"loc":{"start":{"line":29,"column":2},"end":{"line":31,"column":3}},"type":"if","locations":[{"start":{"line":29,"column":2},"end":{"line":31,"column":3}},{"start":{},"end":{}}],"line":29}},"s":{"0":1,"1":1,"2":1,"3":1,"4":1,"5":1,"6":1,"7":1,"8":0,"9":1,"10":1,"11":6,"12":5,"13":5,"14":1,"15":5,"16":4,"17":1,"18":1,"19":1},"f":{"0":6,"1":5,"2":5},"b":{"0":[1,0],"1":[0,1],"2":[6,6,5],"3":[4,1]},"_coverageSchema":"1a1c01bbd47fc00a2c39e90264f33305004495a9","hash":"ade1767fe2fadf2d258a0ec19284167bd3523b05"}
,"/Users/matiasvidarte/Desktop/BOOTCAMP/tercerSprint/helpers/generateJWT.js": {"path":"/Users/matiasvidarte/Desktop/BOOTCAMP/tercerSprint/helpers/generateJWT.js","statementMap":{"0":{"start":{"line":1,"column":12},"end":{"line":1,"column":35}},"1":{"start":{"line":3,"column":15},"end":{"line":3,"column":35}},"2":{"start":{"line":5,"column":20},"end":{"line":17,"column":1}},"3":{"start":{"line":6,"column":3},"end":{"line":16,"column":5}},"4":{"start":{"line":7,"column":6},"end":{"line":15,"column":8}},"5":{"start":{"line":11,"column":9},"end":{"line":13,"column":10}},"6":{"start":{"line":12,"column":12},"end":{"line":12,"column":47}},"7":{"start":{"line":14,"column":9},"end":{"line":14,"column":24}},"8":{"start":{"line":19,"column":0},"end":{"line":19,"column":29}}},"fnMap":{"0":{"name":"(anonymous_0)","decl":{"start":{"line":5,"column":20},"end":{"line":5,"column":21}},"loc":{"start":{"line":5,"column":33},"end":{"line":17,"column":1}},"line":5},"1":{"name":"(anonymous_1)","decl":{"start":{"line":6,"column":22},"end":{"line":6,"column":23}},"loc":{"start":{"line":6,"column":43},"end":{"line":16,"column":4}},"line":6},"2":{"name":"(anonymous_2)","decl":{"start":{"line":10,"column":9},"end":{"line":10,"column":10}},"loc":{"start":{"line":10,"column":25},"end":{"line":15,"column":7}},"line":10}},"branchMap":{"0":{"loc":{"start":{"line":11,"column":9},"end":{"line":13,"column":10}},"type":"if","locations":[{"start":{"line":11,"column":9},"end":{"line":13,"column":10}},{"start":{},"end":{}}],"line":11}},"s":{"0":1,"1":1,"2":1,"3":72,"4":72,"5":72,"6":0,"7":72,"8":1},"f":{"0":72,"1":72,"2":72},"b":{"0":[0,72]},"_coverageSchema":"1a1c01bbd47fc00a2c39e90264f33305004495a9","hash":"0eea2182ad14266e0951c32c8943f826b3602c30"}
,"/Users/matiasvidarte/Desktop/BOOTCAMP/tercerSprint/helpers/pasarATrue.js": {"path":"/Users/matiasvidarte/Desktop/BOOTCAMP/tercerSprint/helpers/pasarATrue.js","statementMap":{"0":{"start":{"line":1,"column":31},"end":{"line":3,"column":1}},"1":{"start":{"line":2,"column":4},"end":{"line":2,"column":90}},"2":{"start":{"line":2,"column":22},"end":{"line":2,"column":88}},"3":{"start":{"line":5,"column":26},"end":{"line":7,"column":1}},"4":{"start":{"line":6,"column":4},"end":{"line":6,"column":77}},"5":{"start":{"line":9,"column":0},"end":{"line":9,"column":59}}},"fnMap":{"0":{"name":"(anonymous_0)","decl":{"start":{"line":1,"column":31},"end":{"line":1,"column":32}},"loc":{"start":{"line":1,"column":40},"end":{"line":3,"column":1}},"line":1},"1":{"name":"(anonymous_1)","decl":{"start":{"line":2,"column":16},"end":{"line":2,"column":17}},"loc":{"start":{"line":2,"column":22},"end":{"line":2,"column":88}},"line":2},"2":{"name":"(anonymous_2)","decl":{"start":{"line":5,"column":26},"end":{"line":5,"column":27}},"loc":{"start":{"line":5,"column":36},"end":{"line":7,"column":1}},"line":5}},"branchMap":{"0":{"loc":{"start":{"line":2,"column":22},"end":{"line":2,"column":88}},"type":"cond-expr","locations":[{"start":{"line":2,"column":44},"end":{"line":2,"column":64}},{"start":{"line":2,"column":67},"end":{"line":2,"column":88}}],"line":2},"1":{"loc":{"start":{"line":6,"column":4},"end":{"line":6,"column":76}},"type":"cond-expr","locations":[{"start":{"line":6,"column":28},"end":{"line":6,"column":50}},{"start":{"line":6,"column":53},"end":{"line":6,"column":76}}],"line":6}},"s":{"0":1,"1":0,"2":0,"3":1,"4":0,"5":1},"f":{"0":0,"1":0,"2":0},"b":{"0":[0,0],"1":[0,0]},"_coverageSchema":"1a1c01bbd47fc00a2c39e90264f33305004495a9","hash":"176a13938f3914c44f184f6491de55afec2f40ed"}
,"/Users/matiasvidarte/Desktop/BOOTCAMP/tercerSprint/helpers/verifyCategory.js": {"path":"/Users/matiasvidarte/Desktop/BOOTCAMP/tercerSprint/helpers/verifyCategory.js","statementMap":{"0":{"start":{"line":1,"column":11},"end":{"line":1,"column":40}},"1":{"start":{"line":3,"column":27},"end":{"line":6,"column":1}},"2":{"start":{"line":4,"column":18},"end":{"line":4,"column":72}},"3":{"start":{"line":5,"column":4},"end":{"line":5,"column":83}},"4":{"start":{"line":5,"column":14},"end":{"line":5,"column":83}},"5":{"start":{"line":8,"column":0},"end":{"line":8,"column":40}}},"fnMap":{"0":{"name":"(anonymous_0)","decl":{"start":{"line":3,"column":27},"end":{"line":3,"column":28}},"loc":{"start":{"line":3,"column":45},"end":{"line":6,"column":1}},"line":3}},"branchMap":{"0":{"loc":{"start":{"line":5,"column":4},"end":{"line":5,"column":83}},"type":"if","locations":[{"start":{"line":5,"column":4},"end":{"line":5,"column":83}},{"start":{},"end":{}}],"line":5}},"s":{"0":1,"1":1,"2":0,"3":0,"4":0,"5":1},"f":{"0":0},"b":{"0":[0,0]},"_coverageSchema":"1a1c01bbd47fc00a2c39e90264f33305004495a9","hash":"5eab922cb25ae2dc002a0327aa2ca077736e684a"}
,"/Users/matiasvidarte/Desktop/BOOTCAMP/tercerSprint/helpers/verifyPicture.js": {"path":"/Users/matiasvidarte/Desktop/BOOTCAMP/tercerSprint/helpers/verifyPicture.js","statementMap":{"0":{"start":{"line":1,"column":11},"end":{"line":1,"column":40}},"1":{"start":{"line":4,"column":18},"end":{"line":9,"column":1}},"2":{"start":{"line":5,"column":18},"end":{"line":7,"column":6}},"3":{"start":{"line":8,"column":4},"end":{"line":8,"column":70}},"4":{"start":{"line":8,"column":15},"end":{"line":8,"column":70}},"5":{"start":{"line":11,"column":26},"end":{"line":16,"column":1}},"6":{"start":{"line":12,"column":18},"end":{"line":14,"column":6}},"7":{"start":{"line":15,"column":4},"end":{"line":15,"column":80}},"8":{"start":{"line":15,"column":16},"end":{"line":15,"column":80}},"9":{"start":{"line":19,"column":0},"end":{"line":22,"column":1}}},"fnMap":{"0":{"name":"(anonymous_0)","decl":{"start":{"line":4,"column":18},"end":{"line":4,"column":19}},"loc":{"start":{"line":4,"column":33},"end":{"line":9,"column":1}},"line":4},"1":{"name":"(anonymous_1)","decl":{"start":{"line":11,"column":26},"end":{"line":11,"column":27}},"loc":{"start":{"line":11,"column":51},"end":{"line":16,"column":1}},"line":11}},"branchMap":{"0":{"loc":{"start":{"line":8,"column":4},"end":{"line":8,"column":70}},"type":"if","locations":[{"start":{"line":8,"column":4},"end":{"line":8,"column":70}},{"start":{},"end":{}}],"line":8},"1":{"loc":{"start":{"line":15,"column":4},"end":{"line":15,"column":80}},"type":"if","locations":[{"start":{"line":15,"column":4},"end":{"line":15,"column":80}},{"start":{},"end":{}}],"line":15}},"s":{"0":1,"1":1,"2":17,"3":15,"4":4,"5":1,"6":11,"7":9,"8":2,"9":1},"f":{"0":17,"1":11},"b":{"0":[4,11],"1":[2,7]},"_coverageSchema":"1a1c01bbd47fc00a2c39e90264f33305004495a9","hash":"98f92121954c8860149a1362519cfb2f2e5aafa8"}
,"/Users/matiasvidarte/Desktop/BOOTCAMP/tercerSprint/helpers/verifyProduct.js": {"path":"/Users/matiasvidarte/Desktop/BOOTCAMP/tercerSprint/helpers/verifyProduct.js","statementMap":{"0":{"start":{"line":1,"column":11},"end":{"line":1,"column":40}},"1":{"start":{"line":3,"column":20},"end":{"line":8,"column":1}},"2":{"start":{"line":4,"column":18},"end":{"line":6,"column":6}},"3":{"start":{"line":7,"column":4},"end":{"line":7,"column":75}},"4":{"start":{"line":7,"column":15},"end":{"line":7,"column":75}},"5":{"start":{"line":10,"column":23},"end":{"line":13,"column":1}},"6":{"start":{"line":11,"column":18},"end":{"line":11,"column":86}},"7":{"start":{"line":12,"column":4},"end":{"line":12,"column":63}},"8":{"start":{"line":12,"column":15},"end":{"line":12,"column":63}},"9":{"start":{"line":15,"column":0},"end":{"line":15,"column":49}}},"fnMap":{"0":{"name":"(anonymous_0)","decl":{"start":{"line":3,"column":20},"end":{"line":3,"column":21}},"loc":{"start":{"line":3,"column":37},"end":{"line":8,"column":1}},"line":3},"1":{"name":"(anonymous_1)","decl":{"start":{"line":10,"column":23},"end":{"line":10,"column":24}},"loc":{"start":{"line":10,"column":49},"end":{"line":13,"column":1}},"line":10}},"branchMap":{"0":{"loc":{"start":{"line":7,"column":4},"end":{"line":7,"column":75}},"type":"if","locations":[{"start":{"line":7,"column":4},"end":{"line":7,"column":75}},{"start":{},"end":{}}],"line":7},"1":{"loc":{"start":{"line":12,"column":4},"end":{"line":12,"column":63}},"type":"if","locations":[{"start":{"line":12,"column":4},"end":{"line":12,"column":63}},{"start":{},"end":{}}],"line":12}},"s":{"0":1,"1":1,"2":0,"3":0,"4":0,"5":1,"6":0,"7":0,"8":0,"9":1},"f":{"0":0,"1":0},"b":{"0":[0,0],"1":[0,0]},"_coverageSchema":"1a1c01bbd47fc00a2c39e90264f33305004495a9","hash":"8cffc6942c1c975d7a31d94f040d1971e14139c8"}
,"/Users/matiasvidarte/Desktop/BOOTCAMP/tercerSprint/helpers/verifyUser.js": {"path":"/Users/matiasvidarte/Desktop/BOOTCAMP/tercerSprint/helpers/verifyUser.js","statementMap":{"0":{"start":{"line":1,"column":11},"end":{"line":1,"column":40}},"1":{"start":{"line":3,"column":20},"end":{"line":10,"column":1}},"2":{"start":{"line":4,"column":17},"end":{"line":6,"column":5}},"3":{"start":{"line":7,"column":3},"end":{"line":9,"column":4}},"4":{"start":{"line":8,"column":6},"end":{"line":8,"column":70}},"5":{"start":{"line":11,"column":23},"end":{"line":18,"column":1}},"6":{"start":{"line":12,"column":17},"end":{"line":14,"column":5}},"7":{"start":{"line":15,"column":3},"end":{"line":17,"column":4}},"8":{"start":{"line":16,"column":6},"end":{"line":16,"column":76}},"9":{"start":{"line":20,"column":0},"end":{"line":20,"column":46}}},"fnMap":{"0":{"name":"(anonymous_0)","decl":{"start":{"line":3,"column":20},"end":{"line":3,"column":21}},"loc":{"start":{"line":3,"column":37},"end":{"line":10,"column":1}},"line":3},"1":{"name":"(anonymous_1)","decl":{"start":{"line":11,"column":23},"end":{"line":11,"column":24}},"loc":{"start":{"line":11,"column":43},"end":{"line":18,"column":1}},"line":11}},"branchMap":{"0":{"loc":{"start":{"line":7,"column":3},"end":{"line":9,"column":4}},"type":"if","locations":[{"start":{"line":7,"column":3},"end":{"line":9,"column":4}},{"start":{},"end":{}}],"line":7},"1":{"loc":{"start":{"line":15,"column":3},"end":{"line":17,"column":4}},"type":"if","locations":[{"start":{"line":15,"column":3},"end":{"line":17,"column":4}},{"start":{},"end":{}}],"line":15}},"s":{"0":1,"1":1,"2":0,"3":0,"4":0,"5":1,"6":0,"7":0,"8":0,"9":1},"f":{"0":0,"1":0},"b":{"0":[0,0],"1":[0,0]},"_coverageSchema":"1a1c01bbd47fc00a2c39e90264f33305004495a9","hash":"0fcb91651056be9fb59b92b5692e8dc3d07fcf1d"}
}
